OpenROAD d423155d69de7f683a23f6916ead418a615ad4ad 
Features included (+) or not (-):  +Charts +GPU +GUI +Python
This program is licensed under the BSD-3 license. See the LICENSE file for details.
Components of this program may be licensed under more restrictive licenses which must be honored.
[INFO]: Reading ODB at '/Users/marwan/work/caravel_user_mpc/openlane/user_project/runs/RUN_2024.05.19_11.12.43/tmp/routing/19-diodes.odb'…
define_corners Typical
read_liberty -corner Typical /Users/marwan/work/caravel_user_sram/dependencies/pdks/sky130A/libs.ref/sky130_fd_sc_hd/lib/sky130_fd_sc_hd__tt_025C_1v80.lib
Using 1e-12 for capacitance...
Using 1e+03 for resistance...
Using 1e-09 for time...
Using 1e+00 for voltage...
Using 1e-03 for current...
Using 1e-09 for power...
Using 1e-06 for distance...
Reading design constraints file at '/Users/marwan/work/caravel_user_mpc/openlane/user_project/base_user_project.sdc'…
[INFO]: Creating clock {clk} for port wb_clk_i with period: 30
[INFO]: Setting clock uncertainity to: 0.25
[INFO]: Setting clock transition to: 0.15
[INFO]: Setting maximum transition to: 0.75
[INFO]: Setting maximum fanout to: 10
[INFO]: Setting timing derate to: 5.0 %
[INFO]: Setting clock latency range: 4.5 : 6
[INFO]: Setting clock transition: 0.6
Placement Analysis
---------------------------------
total displacement       1869.6 u
average displacement        0.1 u
max displacement           17.0 u
original HPWL          157701.1 u
legalized HPWL         160548.4 u
delta HPWL                    2 %

[INFO DPL-0020] Mirrored 1202 instances
[INFO DPL-0021] HPWL before          160548.4 u
[INFO DPL-0022] HPWL after           158051.8 u
[INFO DPL-0023] HPWL delta               -1.6 %
Setting global connections for newly added cells…
Writing OpenROAD database to '/Users/marwan/work/caravel_user_mpc/openlane/user_project/runs/RUN_2024.05.19_11.12.43/tmp/routing/./19-diodes_legalized.odb'…
Writing netlist to '/Users/marwan/work/caravel_user_mpc/openlane/user_project/runs/RUN_2024.05.19_11.12.43/tmp/routing/./19-diodes_legalized.nl.v'…
Writing powered netlist to '/Users/marwan/work/caravel_user_mpc/openlane/user_project/runs/RUN_2024.05.19_11.12.43/tmp/routing/./19-diodes_legalized.pnl.v'…
Writing layout to '/Users/marwan/work/caravel_user_mpc/openlane/user_project/runs/RUN_2024.05.19_11.12.43/tmp/routing/./19-diodes_legalized.def'…
