OpenROAD d423155d69de7f683a23f6916ead418a615ad4ad 
Features included (+) or not (-):  +Charts +GPU +GUI +Python
This program is licensed under the BSD-3 license. See the LICENSE file for details.
Components of this program may be licensed under more restrictive licenses which must be honored.
[INFO]: Reading ODB at '/Users/marwan/work/caravel_user_mpc/openlane/user_project/runs/RUN_2024.05.19_11.12.43/tmp/routing/./19-diodes_legalized.odb'…
define_corners Typical
read_liberty -corner Typical /Users/marwan/work/caravel_user_sram/dependencies/pdks/sky130A/libs.ref/sky130_fd_sc_hd/lib/sky130_fd_sc_hd__tt_025C_1v80.lib
Using 1e-12 for capacitance...
Using 1e+03 for resistance...
Using 1e-09 for time...
Using 1e+00 for voltage...
Using 1e-03 for current...
Using 1e-09 for power...
Using 1e-06 for distance...
Reading design constraints file at '/Users/marwan/work/caravel_user_mpc/openlane/user_project/base_user_project.sdc'…
[INFO]: Creating clock {clk} for port wb_clk_i with period: 30
[INFO]: Setting clock uncertainity to: 0.25
[INFO]: Setting clock transition to: 0.15
[INFO]: Setting maximum transition to: 0.75
[INFO]: Setting maximum fanout to: 10
[INFO]: Setting timing derate to: 5.0 %
[INFO]: Setting clock latency range: 4.5 : 6
[INFO]: Setting clock transition: 0.6
[INFO]: Setting signal min routing layer to: met1 and clock min routing layer to met3. 
[INFO]: Setting signal max routing layer to: met4 and clock max routing layer to met4. 
-congestion_iterations 50 -verbose -congestion_report_file /Users/marwan/work/caravel_user_mpc/openlane/user_project/runs/RUN_2024.05.19_11.12.43/tmp/routing/groute-congestion.rpt
[INFO GRT-0020] Min routing layer: met1
[INFO GRT-0021] Max routing layer: met4
[INFO GRT-0022] Global adjustment: 30%
[INFO GRT-0023] Grid origin: (0, 0)
[INFO GRT-0043] No OR_DEFAULT vias defined.
[INFO GRT-0088] Layer li1     Track-Pitch = 0.4600  line-2-Via Pitch: 0.3400
[INFO GRT-0088] Layer met1    Track-Pitch = 0.3400  line-2-Via Pitch: 0.3400
[INFO GRT-0088] Layer met2    Track-Pitch = 0.4600  line-2-Via Pitch: 0.3500
[INFO GRT-0088] Layer met3    Track-Pitch = 0.6800  line-2-Via Pitch: 0.6150
[INFO GRT-0088] Layer met4    Track-Pitch = 0.9200  line-2-Via Pitch: 0.6150
[INFO GRT-0019] Found 11 clock nets.
[WARNING GRT-0036] Pin io_in[0] is outside die area.
[WARNING GRT-0036] Pin io_in[10] is outside die area.
[WARNING GRT-0036] Pin io_in[11] is outside die area.
[WARNING GRT-0036] Pin io_in[12] is outside die area.
[WARNING GRT-0036] Pin io_in[13] is outside die area.
[WARNING GRT-0036] Pin io_in[14] is outside die area.
[WARNING GRT-0036] Pin io_in[15] is outside die area.
[WARNING GRT-0036] Pin io_in[16] is outside die area.
[WARNING GRT-0036] Pin io_in[17] is outside die area.
[WARNING GRT-0036] Pin io_in[18] is outside die area.
[WARNING GRT-0036] Pin io_in[19] is outside die area.
[WARNING GRT-0036] Pin io_in[1] is outside die area.
[WARNING GRT-0036] Pin io_in[20] is outside die area.
[WARNING GRT-0036] Pin io_in[21] is outside die area.
[WARNING GRT-0036] Pin io_in[22] is outside die area.
[WARNING GRT-0036] Pin io_in[23] is outside die area.
[WARNING GRT-0036] Pin io_in[24] is outside die area.
[WARNING GRT-0036] Pin io_in[25] is outside die area.
[WARNING GRT-0036] Pin io_in[26] is outside die area.
[WARNING GRT-0036] Pin io_in[27] is outside die area.
[WARNING GRT-0036] Pin io_in[28] is outside die area.
[WARNING GRT-0036] Pin io_in[29] is outside die area.
[WARNING GRT-0036] Pin io_in[2] is outside die area.
[WARNING GRT-0036] Pin io_in[30] is outside die area.
[WARNING GRT-0036] Pin io_in[31] is outside die area.
[WARNING GRT-0036] Pin io_in[32] is outside die area.
[WARNING GRT-0036] Pin io_in[33] is outside die area.
[WARNING GRT-0036] Pin io_in[34] is outside die area.
[WARNING GRT-0036] Pin io_in[35] is outside die area.
[WARNING GRT-0036] Pin io_in[3] is outside die area.
[WARNING GRT-0036] Pin io_in[4] is outside die area.
[WARNING GRT-0036] Pin io_in[5] is outside die area.
[WARNING GRT-0036] Pin io_in[6] is outside die area.
[WARNING GRT-0036] Pin io_in[7] is outside die area.
[WARNING GRT-0036] Pin io_in[8] is outside die area.
[WARNING GRT-0036] Pin io_in[9] is outside die area.
[WARNING GRT-0036] Pin io_oeb[0] is outside die area.
[WARNING GRT-0036] Pin io_oeb[10] is outside die area.
[WARNING GRT-0036] Pin io_oeb[11] is outside die area.
[WARNING GRT-0036] Pin io_oeb[12] is outside die area.
[WARNING GRT-0036] Pin io_oeb[13] is outside die area.
[WARNING GRT-0036] Pin io_oeb[14] is outside die area.
[WARNING GRT-0036] Pin io_oeb[15] is outside die area.
[WARNING GRT-0036] Pin io_oeb[16] is outside die area.
[WARNING GRT-0036] Pin io_oeb[17] is outside die area.
[WARNING GRT-0036] Pin io_oeb[18] is outside die area.
[WARNING GRT-0036] Pin io_oeb[19] is outside die area.
[WARNING GRT-0036] Pin io_oeb[1] is outside die area.
[WARNING GRT-0036] Pin io_oeb[20] is outside die area.
[WARNING GRT-0036] Pin io_oeb[21] is outside die area.
[WARNING GRT-0036] Pin io_oeb[22] is outside die area.
[WARNING GRT-0036] Pin io_oeb[23] is outside die area.
[WARNING GRT-0036] Pin io_oeb[24] is outside die area.
[WARNING GRT-0036] Pin io_oeb[25] is outside die area.
[WARNING GRT-0036] Pin io_oeb[26] is outside die area.
[WARNING GRT-0036] Pin io_oeb[27] is outside die area.
[WARNING GRT-0036] Pin io_oeb[28] is outside die area.
[WARNING GRT-0036] Pin io_oeb[29] is outside die area.
[WARNING GRT-0036] Pin io_oeb[2] is outside die area.
[WARNING GRT-0036] Pin io_oeb[31] is outside die area.
[WARNING GRT-0036] Pin io_out[30] is outside die area.
[WARNING GRT-0036] Pin io_oeb[33] is outside die area.
[WARNING GRT-0036] Pin io_oeb[34] is outside die area.
[WARNING GRT-0036] Pin io_oeb[35] is outside die area.
[WARNING GRT-0036] Pin io_oeb[3] is outside die area.
[WARNING GRT-0036] Pin io_oeb[4] is outside die area.
[WARNING GRT-0036] Pin io_oeb[5] is outside die area.
[WARNING GRT-0036] Pin io_oeb[6] is outside die area.
[WARNING GRT-0036] Pin io_oeb[7] is outside die area.
[WARNING GRT-0036] Pin io_oeb[8] is outside die area.
[WARNING GRT-0036] Pin io_oeb[9] is outside die area.
[WARNING GRT-0036] Pin io_out[0] is outside die area.
[WARNING GRT-0036] Pin io_out[10] is outside die area.
[WARNING GRT-0036] Pin io_out[11] is outside die area.
[WARNING GRT-0036] Pin io_out[12] is outside die area.
[WARNING GRT-0036] Pin io_out[13] is outside die area.
[WARNING GRT-0036] Pin io_out[14] is outside die area.
[WARNING GRT-0036] Pin io_out[15] is outside die area.
[WARNING GRT-0036] Pin io_out[16] is outside die area.
[WARNING GRT-0036] Pin io_out[17] is outside die area.
[WARNING GRT-0036] Pin io_out[18] is outside die area.
[WARNING GRT-0036] Pin io_out[19] is outside die area.
[WARNING GRT-0036] Pin io_out[1] is outside die area.
[WARNING GRT-0036] Pin io_out[20] is outside die area.
[WARNING GRT-0036] Pin io_out[21] is outside die area.
[WARNING GRT-0036] Pin io_out[22] is outside die area.
[WARNING GRT-0036] Pin io_out[23] is outside die area.
[WARNING GRT-0036] Pin io_out[24] is outside die area.
[WARNING GRT-0036] Pin io_out[25] is outside die area.
[WARNING GRT-0036] Pin io_out[26] is outside die area.
[WARNING GRT-0036] Pin io_out[27] is outside die area.
[WARNING GRT-0036] Pin io_out[28] is outside die area.
[WARNING GRT-0036] Pin io_out[29] is outside die area.
[WARNING GRT-0036] Pin io_out[2] is outside die area.
[WARNING GRT-0036] Pin io_out[31] is outside die area.
[WARNING GRT-0036] Pin io_out[32] is outside die area.
[WARNING GRT-0036] Pin io_out[33] is outside die area.
[WARNING GRT-0036] Pin io_out[34] is outside die area.
[WARNING GRT-0036] Pin io_out[35] is outside die area.
[WARNING GRT-0036] Pin la_data_out[0] is outside die area.
[WARNING GRT-0036] Pin io_out[3] is outside die area.
[WARNING GRT-0036] Pin io_out[4] is outside die area.
[WARNING GRT-0036] Pin io_out[5] is outside die area.
[WARNING GRT-0036] Pin io_out[6] is outside die area.
[WARNING GRT-0036] Pin io_out[7] is outside die area.
[WARNING GRT-0036] Pin io_out[8] is outside die area.
[WARNING GRT-0036] Pin io_out[9] is outside die area.
[WARNING GRT-0036] Pin la_data_in[0] is outside die area.
[WARNING GRT-0036] Pin la_data_in[10] is outside die area.
[WARNING GRT-0036] Pin la_data_in[11] is outside die area.
[WARNING GRT-0036] Pin la_data_in[12] is outside die area.
[WARNING GRT-0036] Pin la_data_in[13] is outside die area.
[WARNING GRT-0036] Pin la_data_in[14] is outside die area.
[WARNING GRT-0036] Pin la_data_in[15] is outside die area.
[WARNING GRT-0036] Pin la_data_in[16] is outside die area.
[WARNING GRT-0036] Pin la_data_in[17] is outside die area.
[WARNING GRT-0036] Pin la_data_in[18] is outside die area.
[WARNING GRT-0036] Pin la_data_in[19] is outside die area.
[WARNING GRT-0036] Pin la_data_in[1] is outside die area.
[WARNING GRT-0036] Pin la_data_in[20] is outside die area.
[WARNING GRT-0036] Pin la_data_in[21] is outside die area.
[WARNING GRT-0036] Pin la_data_in[22] is outside die area.
[WARNING GRT-0036] Pin la_data_in[23] is outside die area.
[WARNING GRT-0036] Pin la_data_in[24] is outside die area.
[WARNING GRT-0036] Pin la_data_in[25] is outside die area.
[WARNING GRT-0036] Pin la_data_in[26] is outside die area.
[WARNING GRT-0036] Pin la_data_in[27] is outside die area.
[WARNING GRT-0036] Pin la_data_in[28] is outside die area.
[WARNING GRT-0036] Pin la_data_in[29] is outside die area.
[WARNING GRT-0036] Pin la_data_in[2] is outside die area.
[WARNING GRT-0036] Pin la_data_in[30] is outside die area.
[WARNING GRT-0036] Pin la_data_in[31] is outside die area.
[WARNING GRT-0036] Pin la_data_in[3] is outside die area.
[WARNING GRT-0036] Pin la_data_in[4] is outside die area.
[WARNING GRT-0036] Pin la_data_in[5] is outside die area.
[WARNING GRT-0036] Pin la_data_in[6] is outside die area.
[WARNING GRT-0036] Pin la_data_in[7] is outside die area.
[WARNING GRT-0036] Pin la_data_in[8] is outside die area.
[WARNING GRT-0036] Pin la_data_in[9] is outside die area.
[WARNING GRT-0036] Pin la_data_out[1] is outside die area.
[WARNING GRT-0036] Pin la_data_out[11] is outside die area.
[WARNING GRT-0036] Pin la_data_out[12] is outside die area.
[WARNING GRT-0036] Pin la_data_out[13] is outside die area.
[WARNING GRT-0036] Pin la_data_out[14] is outside die area.
[WARNING GRT-0036] Pin la_data_out[15] is outside die area.
[WARNING GRT-0036] Pin la_data_out[16] is outside die area.
[WARNING GRT-0036] Pin la_data_out[17] is outside die area.
[WARNING GRT-0036] Pin la_data_out[18] is outside die area.
[WARNING GRT-0036] Pin la_data_out[19] is outside die area.
[WARNING GRT-0036] Pin la_data_out[20] is outside die area.
[WARNING GRT-0036] Pin la_data_out[2] is outside die area.
[WARNING GRT-0036] Pin la_data_out[21] is outside die area.
[WARNING GRT-0036] Pin la_data_out[22] is outside die area.
[WARNING GRT-0036] Pin la_data_out[23] is outside die area.
[WARNING GRT-0036] Pin la_data_out[24] is outside die area.
[WARNING GRT-0036] Pin la_data_out[25] is outside die area.
[WARNING GRT-0036] Pin la_data_out[26] is outside die area.
[WARNING GRT-0036] Pin la_data_out[27] is outside die area.
[WARNING GRT-0036] Pin la_data_out[28] is outside die area.
[WARNING GRT-0036] Pin la_data_out[29] is outside die area.
[WARNING GRT-0036] Pin la_data_out[30] is outside die area.
[WARNING GRT-0036] Pin la_data_out[3] is outside die area.
[WARNING GRT-0036] Pin la_data_out[31] is outside die area.
[WARNING GRT-0036] Pin user_irq[0] is outside die area.
[WARNING GRT-0036] Pin la_data_out[4] is outside die area.
[WARNING GRT-0036] Pin la_data_out[5] is outside die area.
[WARNING GRT-0036] Pin la_data_out[6] is outside die area.
[WARNING GRT-0036] Pin la_data_out[7] is outside die area.
[WARNING GRT-0036] Pin la_data_out[8] is outside die area.
[WARNING GRT-0036] Pin la_data_out[9] is outside die area.
[WARNING GRT-0036] Pin la_data_out[10] is outside die area.
[WARNING GRT-0036] Pin la_oenb[0] is outside die area.
[WARNING GRT-0036] Pin la_oenb[10] is outside die area.
[WARNING GRT-0036] Pin la_oenb[11] is outside die area.
[WARNING GRT-0036] Pin la_oenb[12] is outside die area.
[WARNING GRT-0036] Pin la_oenb[13] is outside die area.
[WARNING GRT-0036] Pin la_oenb[14] is outside die area.
[WARNING GRT-0036] Pin la_oenb[15] is outside die area.
[WARNING GRT-0036] Pin la_oenb[16] is outside die area.
[WARNING GRT-0036] Pin la_oenb[17] is outside die area.
[WARNING GRT-0036] Pin la_oenb[18] is outside die area.
[WARNING GRT-0036] Pin la_oenb[19] is outside die area.
[WARNING GRT-0036] Pin la_oenb[1] is outside die area.
[WARNING GRT-0036] Pin la_oenb[20] is outside die area.
[WARNING GRT-0036] Pin la_oenb[21] is outside die area.
[WARNING GRT-0036] Pin la_oenb[22] is outside die area.
[WARNING GRT-0036] Pin la_oenb[23] is outside die area.
[WARNING GRT-0036] Pin la_oenb[24] is outside die area.
[WARNING GRT-0036] Pin la_oenb[25] is outside die area.
[WARNING GRT-0036] Pin la_oenb[26] is outside die area.
[WARNING GRT-0036] Pin la_oenb[27] is outside die area.
[WARNING GRT-0036] Pin la_oenb[28] is outside die area.
[WARNING GRT-0036] Pin la_oenb[29] is outside die area.
[WARNING GRT-0036] Pin la_oenb[2] is outside die area.
[WARNING GRT-0036] Pin la_oenb[30] is outside die area.
[WARNING GRT-0036] Pin la_oenb[31] is outside die area.
[WARNING GRT-0036] Pin la_oenb[3] is outside die area.
[WARNING GRT-0036] Pin la_oenb[4] is outside die area.
[WARNING GRT-0036] Pin la_oenb[5] is outside die area.
[WARNING GRT-0036] Pin la_oenb[6] is outside die area.
[WARNING GRT-0036] Pin la_oenb[7] is outside die area.
[WARNING GRT-0036] Pin la_oenb[8] is outside die area.
[WARNING GRT-0036] Pin la_oenb[9] is outside die area.
[WARNING GRT-0036] Pin user_clock2 is outside die area.
[WARNING GRT-0036] Pin user_irq[1] is outside die area.
[WARNING GRT-0036] Pin user_irq[2] is outside die area.
[WARNING GRT-0036] Pin wbs_dat_o[30] is outside die area.
[WARNING GRT-0036] Pin wb_clk_i is outside die area.
[WARNING GRT-0036] Pin wb_rst_i is outside die area.
[WARNING GRT-0036] Pin wbs_ack_o is outside die area.
[WARNING GRT-0036] Pin wbs_adr_i[0] is outside die area.
[WARNING GRT-0036] Pin wbs_adr_i[10] is outside die area.
[WARNING GRT-0036] Pin wbs_adr_i[11] is outside die area.
[WARNING GRT-0036] Pin wbs_adr_i[12] is outside die area.
[WARNING GRT-0036] Pin wbs_adr_i[13] is outside die area.
[WARNING GRT-0036] Pin wbs_adr_i[14] is outside die area.
[WARNING GRT-0036] Pin wbs_adr_i[15] is outside die area.
[WARNING GRT-0036] Pin wbs_adr_i[16] is outside die area.
[WARNING GRT-0036] Pin wbs_adr_i[17] is outside die area.
[WARNING GRT-0036] Pin wbs_adr_i[18] is outside die area.
[WARNING GRT-0036] Pin wbs_adr_i[19] is outside die area.
[WARNING GRT-0036] Pin wbs_adr_i[1] is outside die area.
[WARNING GRT-0036] Pin wbs_adr_i[20] is outside die area.
[WARNING GRT-0036] Pin wbs_adr_i[21] is outside die area.
[WARNING GRT-0036] Pin wbs_adr_i[22] is outside die area.
[WARNING GRT-0036] Pin wbs_adr_i[23] is outside die area.
[WARNING GRT-0036] Pin wbs_adr_i[24] is outside die area.
[WARNING GRT-0036] Pin wbs_adr_i[25] is outside die area.
[WARNING GRT-0036] Pin wbs_adr_i[26] is outside die area.
[WARNING GRT-0036] Pin wbs_adr_i[27] is outside die area.
[WARNING GRT-0036] Pin wbs_adr_i[28] is outside die area.
[WARNING GRT-0036] Pin wbs_adr_i[29] is outside die area.
[WARNING GRT-0036] Pin wbs_adr_i[2] is outside die area.
[WARNING GRT-0036] Pin wbs_adr_i[30] is outside die area.
[WARNING GRT-0036] Pin wbs_adr_i[31] is outside die area.
[WARNING GRT-0036] Pin wbs_adr_i[3] is outside die area.
[WARNING GRT-0036] Pin wbs_adr_i[4] is outside die area.
[WARNING GRT-0036] Pin wbs_adr_i[5] is outside die area.
[WARNING GRT-0036] Pin wbs_adr_i[6] is outside die area.
[WARNING GRT-0036] Pin wbs_adr_i[7] is outside die area.
[WARNING GRT-0036] Pin wbs_adr_i[8] is outside die area.
[WARNING GRT-0036] Pin wbs_adr_i[9] is outside die area.
[WARNING GRT-0036] Pin wbs_cyc_i is outside die area.
[WARNING GRT-0036] Pin wbs_dat_i[0] is outside die area.
[WARNING GRT-0036] Pin wbs_dat_i[10] is outside die area.
[WARNING GRT-0036] Pin wbs_dat_i[11] is outside die area.
[WARNING GRT-0036] Pin wbs_dat_i[12] is outside die area.
[WARNING GRT-0036] Pin wbs_dat_i[13] is outside die area.
[WARNING GRT-0036] Pin wbs_dat_i[14] is outside die area.
[WARNING GRT-0036] Pin wbs_dat_i[15] is outside die area.
[WARNING GRT-0036] Pin wbs_dat_i[16] is outside die area.
[WARNING GRT-0036] Pin wbs_dat_i[17] is outside die area.
[WARNING GRT-0036] Pin wbs_dat_i[18] is outside die area.
[WARNING GRT-0036] Pin wbs_dat_i[19] is outside die area.
[WARNING GRT-0036] Pin wbs_dat_i[1] is outside die area.
[WARNING GRT-0036] Pin wbs_dat_i[20] is outside die area.
[WARNING GRT-0036] Pin wbs_dat_i[21] is outside die area.
[WARNING GRT-0036] Pin wbs_dat_i[22] is outside die area.
[WARNING GRT-0036] Pin wbs_dat_i[23] is outside die area.
[WARNING GRT-0036] Pin wbs_dat_i[24] is outside die area.
[WARNING GRT-0036] Pin wbs_dat_i[25] is outside die area.
[WARNING GRT-0036] Pin wbs_dat_i[26] is outside die area.
[WARNING GRT-0036] Pin wbs_dat_i[27] is outside die area.
[WARNING GRT-0036] Pin wbs_dat_i[28] is outside die area.
[WARNING GRT-0036] Pin wbs_dat_i[29] is outside die area.
[WARNING GRT-0036] Pin wbs_dat_i[2] is outside die area.
[WARNING GRT-0036] Pin wbs_dat_i[30] is outside die area.
[WARNING GRT-0036] Pin wbs_dat_i[31] is outside die area.
[WARNING GRT-0036] Pin wbs_dat_i[3] is outside die area.
[WARNING GRT-0036] Pin wbs_dat_i[4] is outside die area.
[WARNING GRT-0036] Pin wbs_dat_i[5] is outside die area.
[WARNING GRT-0036] Pin wbs_dat_i[6] is outside die area.
[WARNING GRT-0036] Pin wbs_dat_i[7] is outside die area.
[WARNING GRT-0036] Pin wbs_dat_i[8] is outside die area.
[WARNING GRT-0036] Pin wbs_dat_i[9] is outside die area.
[WARNING GRT-0036] Pin wbs_dat_o[0] is outside die area.
[WARNING GRT-0036] Pin wbs_dat_o[10] is outside die area.
[WARNING GRT-0036] Pin wbs_dat_o[11] is outside die area.
[WARNING GRT-0036] Pin wbs_dat_o[12] is outside die area.
[WARNING GRT-0036] Pin wbs_dat_o[13] is outside die area.
[WARNING GRT-0036] Pin wbs_dat_o[14] is outside die area.
[WARNING GRT-0036] Pin wbs_dat_o[15] is outside die area.
[WARNING GRT-0036] Pin wbs_dat_o[16] is outside die area.
[WARNING GRT-0036] Pin wbs_dat_o[17] is outside die area.
[WARNING GRT-0036] Pin wbs_dat_o[18] is outside die area.
[WARNING GRT-0036] Pin wbs_dat_o[19] is outside die area.
[WARNING GRT-0036] Pin wbs_dat_o[1] is outside die area.
[WARNING GRT-0036] Pin wbs_dat_o[20] is outside die area.
[WARNING GRT-0036] Pin wbs_dat_o[21] is outside die area.
[WARNING GRT-0036] Pin wbs_dat_o[22] is outside die area.
[WARNING GRT-0036] Pin wbs_dat_o[23] is outside die area.
[WARNING GRT-0036] Pin wbs_dat_o[24] is outside die area.
[WARNING GRT-0036] Pin wbs_dat_o[25] is outside die area.
[WARNING GRT-0036] Pin wbs_dat_o[26] is outside die area.
[WARNING GRT-0036] Pin wbs_dat_o[27] is outside die area.
[WARNING GRT-0036] Pin wbs_dat_o[28] is outside die area.
[WARNING GRT-0036] Pin wbs_dat_o[29] is outside die area.
[WARNING GRT-0036] Pin wbs_dat_o[2] is outside die area.
[WARNING GRT-0036] Pin wbs_dat_o[31] is outside die area.
[WARNING GRT-0036] Pin io_oeb[32] is outside die area.
[WARNING GRT-0036] Pin wbs_dat_o[3] is outside die area.
[WARNING GRT-0036] Pin wbs_dat_o[4] is outside die area.
[WARNING GRT-0036] Pin wbs_dat_o[5] is outside die area.
[WARNING GRT-0036] Pin wbs_dat_o[6] is outside die area.
[WARNING GRT-0036] Pin wbs_dat_o[7] is outside die area.
[WARNING GRT-0036] Pin wbs_dat_o[8] is outside die area.
[WARNING GRT-0036] Pin wbs_dat_o[9] is outside die area.
[WARNING GRT-0036] Pin wbs_sel_i[0] is outside die area.
[WARNING GRT-0036] Pin wbs_sel_i[1] is outside die area.
[WARNING GRT-0036] Pin wbs_sel_i[2] is outside die area.
[WARNING GRT-0036] Pin wbs_sel_i[3] is outside die area.
[WARNING GRT-0036] Pin wbs_stb_i is outside die area.
[WARNING GRT-0036] Pin wbs_we_i is outside die area.
[WARNING GRT-0036] Pin io_oeb[30] is outside die area.
[INFO GRT-0001] Minimum degree: 2
[INFO GRT-0002] Maximum degree: 23
[INFO GRT-0003] Macros: 0
[INFO GRT-0043] No OR_DEFAULT vias defined.
[INFO GRT-0004] Blockages: 854

[INFO GRT-0053] Routing resources analysis:
          Routing      Original      Derated      Resource
Layer     Direction    Resources     Resources    Reduction (%)
---------------------------------------------------------------
li1        Vertical            0             0          0.00%
met1       Horizontal     871084        428937          50.76%
met2       Vertical       653451        429925          34.21%
met3       Horizontal     435542        298597          31.44%
met4       Vertical       304990        152582          49.97%
---------------------------------------------------------------

[INFO GRT-0197] Via related to pin nodes: 7656
[INFO GRT-0198] Via related Steiner nodes: 77
[INFO GRT-0199] Via filling finished.
[INFO GRT-0111] Final number of vias: 9709
[INFO GRT-0112] Final usage 3D: 52278

[INFO GRT-0096] Final congestion report:
Layer         Resource        Demand        Usage (%)    Max H / Max V / Total Overflow
---------------------------------------------------------------------------------------
li1                  0             0            0.00%             0 /  0 /  0
met1            428937         12136            2.83%             0 /  0 /  0
met2            429925         10207            2.37%             0 /  0 /  0
met3            298597           651            0.22%             0 /  0 /  0
met4            152582           157            0.10%             0 /  0 /  0
---------------------------------------------------------------------------------------
Total          1310041         23151            1.77%             0 /  0 /  0

[INFO GRT-0018] Total wirelength: 183546 um
[INFO GRT-0014] Routed nets: 1893
[INFO GRT-0006] Repairing antennas, iteration 1.
[INFO GRT-0043] No OR_DEFAULT vias defined.
[INFO GRT-0012] Found 13 antenna violations.
[INFO GRT-0015] Inserted 20 diodes.
[INFO GRT-0009] rerouting 1484 nets.
[WARNING GRT-0036] Pin io_oeb[24] is outside die area.
[WARNING GRT-0036] Pin io_oeb[25] is outside die area.
[WARNING GRT-0036] Pin io_oeb[26] is outside die area.
[WARNING GRT-0036] Pin io_oeb[27] is outside die area.
[WARNING GRT-0036] Pin io_oeb[28] is outside die area.
[WARNING GRT-0036] Pin io_oeb[29] is outside die area.
[WARNING GRT-0036] Pin io_oeb[31] is outside die area.
[WARNING GRT-0036] Pin io_out[30] is outside die area.
[WARNING GRT-0036] Pin io_out[20] is outside die area.
[WARNING GRT-0036] Pin io_out[21] is outside die area.
[WARNING GRT-0036] Pin io_out[22] is outside die area.
[WARNING GRT-0036] Pin io_out[23] is outside die area.
[WARNING GRT-0036] Pin io_out[24] is outside die area.
[WARNING GRT-0036] Pin io_out[25] is outside die area.
[WARNING GRT-0036] Pin io_out[26] is outside die area.
[WARNING GRT-0036] Pin io_out[27] is outside die area.
[WARNING GRT-0036] Pin io_out[28] is outside die area.
[WARNING GRT-0036] Pin io_out[29] is outside die area.
[WARNING GRT-0036] Pin io_out[31] is outside die area.
[WARNING GRT-0036] Pin io_out[32] is outside die area.
[WARNING GRT-0036] Pin io_out[33] is outside die area.
[WARNING GRT-0036] Pin io_out[34] is outside die area.
[WARNING GRT-0036] Pin io_out[35] is outside die area.
[WARNING GRT-0036] Pin la_data_out[0] is outside die area.
[WARNING GRT-0036] Pin la_data_in[10] is outside die area.
[WARNING GRT-0036] Pin la_data_in[12] is outside die area.
[WARNING GRT-0036] Pin la_data_in[13] is outside die area.
[WARNING GRT-0036] Pin la_data_in[14] is outside die area.
[WARNING GRT-0036] Pin la_data_in[15] is outside die area.
[WARNING GRT-0036] Pin la_data_in[16] is outside die area.
[WARNING GRT-0036] Pin la_data_in[19] is outside die area.
[WARNING GRT-0036] Pin la_data_in[23] is outside die area.
[WARNING GRT-0036] Pin la_data_in[25] is outside die area.
[WARNING GRT-0036] Pin la_data_in[27] is outside die area.
[WARNING GRT-0036] Pin la_data_in[6] is outside die area.
[WARNING GRT-0036] Pin la_data_in[7] is outside die area.
[WARNING GRT-0036] Pin la_data_in[8] is outside die area.
[WARNING GRT-0036] Pin la_data_in[9] is outside die area.
[WARNING GRT-0036] Pin la_data_out[1] is outside die area.
[WARNING GRT-0036] Pin la_data_out[11] is outside die area.
[WARNING GRT-0036] Pin la_data_out[12] is outside die area.
[WARNING GRT-0036] Pin la_data_out[13] is outside die area.
[WARNING GRT-0036] Pin la_data_out[14] is outside die area.
[WARNING GRT-0036] Pin la_data_out[15] is outside die area.
[WARNING GRT-0036] Pin la_data_out[16] is outside die area.
[WARNING GRT-0036] Pin la_data_out[17] is outside die area.
[WARNING GRT-0036] Pin la_data_out[18] is outside die area.
[WARNING GRT-0036] Pin la_data_out[19] is outside die area.
[WARNING GRT-0036] Pin la_data_out[20] is outside die area.
[WARNING GRT-0036] Pin la_data_out[2] is outside die area.
[WARNING GRT-0036] Pin la_data_out[21] is outside die area.
[WARNING GRT-0036] Pin la_data_out[22] is outside die area.
[WARNING GRT-0036] Pin la_data_out[23] is outside die area.
[WARNING GRT-0036] Pin la_data_out[24] is outside die area.
[WARNING GRT-0036] Pin la_data_out[25] is outside die area.
[WARNING GRT-0036] Pin la_data_out[26] is outside die area.
[WARNING GRT-0036] Pin la_data_out[27] is outside die area.
[WARNING GRT-0036] Pin la_data_out[28] is outside die area.
[WARNING GRT-0036] Pin la_data_out[29] is outside die area.
[WARNING GRT-0036] Pin la_data_out[30] is outside die area.
[WARNING GRT-0036] Pin la_data_out[3] is outside die area.
[WARNING GRT-0036] Pin la_data_out[31] is outside die area.
[WARNING GRT-0036] Pin user_irq[0] is outside die area.
[WARNING GRT-0036] Pin la_data_out[4] is outside die area.
[WARNING GRT-0036] Pin la_data_out[5] is outside die area.
[WARNING GRT-0036] Pin la_data_out[6] is outside die area.
[WARNING GRT-0036] Pin la_data_out[7] is outside die area.
[WARNING GRT-0036] Pin la_data_out[8] is outside die area.
[WARNING GRT-0036] Pin la_data_out[9] is outside die area.
[WARNING GRT-0036] Pin la_data_out[10] is outside die area.
[WARNING GRT-0036] Pin la_oenb[0] is outside die area.
[WARNING GRT-0036] Pin la_oenb[10] is outside die area.
[WARNING GRT-0036] Pin la_oenb[11] is outside die area.
[WARNING GRT-0036] Pin la_oenb[12] is outside die area.
[WARNING GRT-0036] Pin la_oenb[13] is outside die area.
[WARNING GRT-0036] Pin la_oenb[14] is outside die area.
[WARNING GRT-0036] Pin la_oenb[18] is outside die area.
[WARNING GRT-0036] Pin la_oenb[1] is outside die area.
[WARNING GRT-0036] Pin la_oenb[22] is outside die area.
[WARNING GRT-0036] Pin la_oenb[23] is outside die area.
[WARNING GRT-0036] Pin la_oenb[24] is outside die area.
[WARNING GRT-0036] Pin la_oenb[25] is outside die area.
[WARNING GRT-0036] Pin la_oenb[26] is outside die area.
[WARNING GRT-0036] Pin la_oenb[27] is outside die area.
[WARNING GRT-0036] Pin la_oenb[28] is outside die area.
[WARNING GRT-0036] Pin la_oenb[29] is outside die area.
[WARNING GRT-0036] Pin la_oenb[2] is outside die area.
[WARNING GRT-0036] Pin la_oenb[30] is outside die area.
[WARNING GRT-0036] Pin la_oenb[3] is outside die area.
[WARNING GRT-0036] Pin la_oenb[4] is outside die area.
[WARNING GRT-0036] Pin la_oenb[5] is outside die area.
[WARNING GRT-0036] Pin la_oenb[6] is outside die area.
[WARNING GRT-0036] Pin la_oenb[7] is outside die area.
[WARNING GRT-0036] Pin la_oenb[8] is outside die area.
[WARNING GRT-0036] Pin la_oenb[9] is outside die area.
[WARNING GRT-0036] Pin user_irq[1] is outside die area.
[WARNING GRT-0036] Pin user_irq[2] is outside die area.
[WARNING GRT-0036] Pin wbs_dat_o[30] is outside die area.
[WARNING GRT-0036] Pin wb_clk_i is outside die area.
[WARNING GRT-0036] Pin wbs_ack_o is outside die area.
[WARNING GRT-0036] Pin wbs_dat_i[10] is outside die area.
[WARNING GRT-0036] Pin wbs_dat_i[11] is outside die area.
[WARNING GRT-0036] Pin wbs_dat_i[12] is outside die area.
[WARNING GRT-0036] Pin wbs_dat_i[13] is outside die area.
[WARNING GRT-0036] Pin wbs_dat_i[14] is outside die area.
[WARNING GRT-0036] Pin wbs_dat_i[16] is outside die area.
[WARNING GRT-0036] Pin wbs_dat_i[17] is outside die area.
[WARNING GRT-0036] Pin wbs_dat_i[18] is outside die area.
[WARNING GRT-0036] Pin wbs_dat_i[1] is outside die area.
[WARNING GRT-0036] Pin wbs_dat_i[20] is outside die area.
[WARNING GRT-0036] Pin wbs_dat_i[21] is outside die area.
[WARNING GRT-0036] Pin wbs_dat_i[22] is outside die area.
[WARNING GRT-0036] Pin wbs_dat_i[23] is outside die area.
[WARNING GRT-0036] Pin wbs_dat_i[24] is outside die area.
[WARNING GRT-0036] Pin wbs_dat_i[25] is outside die area.
[WARNING GRT-0036] Pin wbs_dat_i[26] is outside die area.
[WARNING GRT-0036] Pin wbs_dat_i[27] is outside die area.
[WARNING GRT-0036] Pin wbs_dat_i[28] is outside die area.
[WARNING GRT-0036] Pin wbs_dat_i[29] is outside die area.
[WARNING GRT-0036] Pin wbs_dat_i[2] is outside die area.
[WARNING GRT-0036] Pin wbs_dat_i[3] is outside die area.
[WARNING GRT-0036] Pin wbs_dat_i[4] is outside die area.
[WARNING GRT-0036] Pin wbs_dat_i[5] is outside die area.
[WARNING GRT-0036] Pin wbs_dat_i[6] is outside die area.
[WARNING GRT-0036] Pin wbs_dat_i[7] is outside die area.
[WARNING GRT-0036] Pin wbs_dat_i[8] is outside die area.
[WARNING GRT-0036] Pin wbs_dat_o[0] is outside die area.
[WARNING GRT-0036] Pin wbs_dat_o[10] is outside die area.
[WARNING GRT-0036] Pin wbs_dat_o[11] is outside die area.
[WARNING GRT-0036] Pin wbs_dat_o[12] is outside die area.
[WARNING GRT-0036] Pin wbs_dat_o[13] is outside die area.
[WARNING GRT-0036] Pin wbs_dat_o[14] is outside die area.
[WARNING GRT-0036] Pin wbs_dat_o[15] is outside die area.
[WARNING GRT-0036] Pin wbs_dat_o[1] is outside die area.
[WARNING GRT-0036] Pin wbs_dat_o[21] is outside die area.
[WARNING GRT-0036] Pin wbs_dat_o[22] is outside die area.
[WARNING GRT-0036] Pin wbs_dat_o[23] is outside die area.
[WARNING GRT-0036] Pin wbs_dat_o[2] is outside die area.
[WARNING GRT-0036] Pin wbs_dat_o[31] is outside die area.
[WARNING GRT-0036] Pin wbs_dat_o[3] is outside die area.
[WARNING GRT-0036] Pin wbs_dat_o[4] is outside die area.
[WARNING GRT-0036] Pin wbs_dat_o[5] is outside die area.
[WARNING GRT-0036] Pin wbs_dat_o[7] is outside die area.
[WARNING GRT-0036] Pin wbs_dat_o[8] is outside die area.
[WARNING GRT-0036] Pin wbs_dat_o[9] is outside die area.
[WARNING GRT-0036] Pin wbs_sel_i[0] is outside die area.
[WARNING GRT-0036] Pin wbs_sel_i[1] is outside die area.
[WARNING GRT-0036] Pin wbs_sel_i[2] is outside die area.
[WARNING GRT-0036] Pin wbs_sel_i[3] is outside die area.
[WARNING GRT-0036] Pin io_oeb[30] is outside die area.
[INFO GRT-0001] Minimum degree: 2
[INFO GRT-0002] Maximum degree: 23
[INFO GRT-0006] Repairing antennas, iteration 2.
[INFO GRT-0043] No OR_DEFAULT vias defined.
[INFO GRT-0012] Found 1 antenna violations.
[INFO GRT-0015] Inserted 1 diodes.
[INFO GRT-0009] rerouting 31 nets.
[WARNING GRT-0036] Pin la_oenb[10] is outside die area.
[WARNING GRT-0036] Pin la_oenb[13] is outside die area.
[WARNING GRT-0036] Pin la_oenb[8] is outside die area.
[WARNING GRT-0036] Pin wb_clk_i is outside die area.
[INFO GRT-0001] Minimum degree: 2
[INFO GRT-0002] Maximum degree: 6
[INFO GRT-0006] Repairing antennas, iteration 3.
[INFO GRT-0043] No OR_DEFAULT vias defined.
[INFO GRT-0012] Found 1 antenna violations.
[INFO GRT-0015] Inserted 1 diodes.
[INFO GRT-0009] rerouting 1 nets.
[INFO GRT-0001] Minimum degree: 6
[INFO GRT-0002] Maximum degree: 6
[INFO GRT-0006] Repairing antennas, iteration 4.
[INFO GRT-0043] No OR_DEFAULT vias defined.
[INFO GRT-0012] Found 1 antenna violations.
[INFO GRT-0015] Inserted 1 diodes.
[INFO GRT-0009] rerouting 1 nets.
[INFO GRT-0001] Minimum degree: 7
[INFO GRT-0002] Maximum degree: 7
[INFO GRT-0006] Repairing antennas, iteration 5.
[INFO GRT-0043] No OR_DEFAULT vias defined.
[INFO GRT-0012] Found 1 antenna violations.
[INFO GRT-0015] Inserted 1 diodes.
[INFO GRT-0009] rerouting 1 nets.
[INFO GRT-0001] Minimum degree: 8
[INFO GRT-0002] Maximum degree: 8
[INFO GRT-0006] Repairing antennas, iteration 6.
[INFO GRT-0043] No OR_DEFAULT vias defined.
[INFO GRT-0012] Found 1 antenna violations.
[INFO GRT-0015] Inserted 1 diodes.
[INFO GRT-0009] rerouting 1 nets.
[INFO GRT-0001] Minimum degree: 9
[INFO GRT-0002] Maximum degree: 9
[INFO GRT-0006] Repairing antennas, iteration 7.
[INFO GRT-0043] No OR_DEFAULT vias defined.
[INFO GRT-0012] Found 1 antenna violations.
[INFO GRT-0015] Inserted 1 diodes.
[INFO GRT-0009] rerouting 1 nets.
[INFO GRT-0001] Minimum degree: 10
[INFO GRT-0002] Maximum degree: 10
[INFO GRT-0006] Repairing antennas, iteration 8.
[INFO GRT-0043] No OR_DEFAULT vias defined.
[INFO GRT-0012] Found 0 antenna violations.
Placement Analysis
---------------------------------
total displacement          0.0 u
average displacement        0.0 u
max displacement            0.0 u
original HPWL          160596.9 u
legalized HPWL         160597.8 u
delta HPWL                    0 %

[INFO DPL-0020] Mirrored 1218 instances
[INFO DPL-0021] HPWL before          160597.8 u
[INFO DPL-0022] HPWL after           158118.9 u
[INFO DPL-0023] HPWL delta               -1.5 %
[INFO]: Setting signal min routing layer to: met1 and clock min routing layer to met3. 
[INFO]: Setting signal max routing layer to: met4 and clock max routing layer to met4. 
[WARNING GRT-0030] Specified layer met5 for adjustment is greater than max routing layer met4 and will be ignored.
-congestion_iterations 50 -verbose -congestion_report_file /Users/marwan/work/caravel_user_mpc/openlane/user_project/runs/RUN_2024.05.19_11.12.43/tmp/routing/groute-congestion.rpt
[INFO GRT-0020] Min routing layer: met1
[INFO GRT-0021] Max routing layer: met4
[INFO GRT-0022] Global adjustment: 30%
[INFO GRT-0023] Grid origin: (0, 0)
[INFO GRT-0043] No OR_DEFAULT vias defined.
[INFO GRT-0088] Layer li1     Track-Pitch = 0.4600  line-2-Via Pitch: 0.3400
[INFO GRT-0088] Layer met1    Track-Pitch = 0.3400  line-2-Via Pitch: 0.3400
[INFO GRT-0088] Layer met2    Track-Pitch = 0.4600  line-2-Via Pitch: 0.3500
[INFO GRT-0088] Layer met3    Track-Pitch = 0.6800  line-2-Via Pitch: 0.6150
[INFO GRT-0088] Layer met4    Track-Pitch = 0.9200  line-2-Via Pitch: 0.6150
[INFO GRT-0019] Found 11 clock nets.
[WARNING GRT-0036] Pin io_in[0] is outside die area.
[WARNING GRT-0036] Pin io_in[10] is outside die area.
[WARNING GRT-0036] Pin io_in[11] is outside die area.
[WARNING GRT-0036] Pin io_in[12] is outside die area.
[WARNING GRT-0036] Pin io_in[13] is outside die area.
[WARNING GRT-0036] Pin io_in[14] is outside die area.
[WARNING GRT-0036] Pin io_in[15] is outside die area.
[WARNING GRT-0036] Pin io_in[16] is outside die area.
[WARNING GRT-0036] Pin io_in[17] is outside die area.
[WARNING GRT-0036] Pin io_in[18] is outside die area.
[WARNING GRT-0036] Pin io_in[19] is outside die area.
[WARNING GRT-0036] Pin io_in[1] is outside die area.
[WARNING GRT-0036] Pin io_in[20] is outside die area.
[WARNING GRT-0036] Pin io_in[21] is outside die area.
[WARNING GRT-0036] Pin io_in[22] is outside die area.
[WARNING GRT-0036] Pin io_in[23] is outside die area.
[WARNING GRT-0036] Pin io_in[24] is outside die area.
[WARNING GRT-0036] Pin io_in[25] is outside die area.
[WARNING GRT-0036] Pin io_in[26] is outside die area.
[WARNING GRT-0036] Pin io_in[27] is outside die area.
[WARNING GRT-0036] Pin io_in[28] is outside die area.
[WARNING GRT-0036] Pin io_in[29] is outside die area.
[WARNING GRT-0036] Pin io_in[2] is outside die area.
[WARNING GRT-0036] Pin io_in[30] is outside die area.
[WARNING GRT-0036] Pin io_in[31] is outside die area.
[WARNING GRT-0036] Pin io_in[32] is outside die area.
[WARNING GRT-0036] Pin io_in[33] is outside die area.
[WARNING GRT-0036] Pin io_in[34] is outside die area.
[WARNING GRT-0036] Pin io_in[35] is outside die area.
[WARNING GRT-0036] Pin io_in[3] is outside die area.
[WARNING GRT-0036] Pin io_in[4] is outside die area.
[WARNING GRT-0036] Pin io_in[5] is outside die area.
[WARNING GRT-0036] Pin io_in[6] is outside die area.
[WARNING GRT-0036] Pin io_in[7] is outside die area.
[WARNING GRT-0036] Pin io_in[8] is outside die area.
[WARNING GRT-0036] Pin io_in[9] is outside die area.
[WARNING GRT-0036] Pin io_oeb[0] is outside die area.
[WARNING GRT-0036] Pin io_oeb[10] is outside die area.
[WARNING GRT-0036] Pin io_oeb[11] is outside die area.
[WARNING GRT-0036] Pin io_oeb[12] is outside die area.
[WARNING GRT-0036] Pin io_oeb[13] is outside die area.
[WARNING GRT-0036] Pin io_oeb[14] is outside die area.
[WARNING GRT-0036] Pin io_oeb[15] is outside die area.
[WARNING GRT-0036] Pin io_oeb[16] is outside die area.
[WARNING GRT-0036] Pin io_oeb[17] is outside die area.
[WARNING GRT-0036] Pin io_oeb[18] is outside die area.
[WARNING GRT-0036] Pin io_oeb[19] is outside die area.
[WARNING GRT-0036] Pin io_oeb[1] is outside die area.
[WARNING GRT-0036] Pin io_oeb[20] is outside die area.
[WARNING GRT-0036] Pin io_oeb[21] is outside die area.
[WARNING GRT-0036] Pin io_oeb[22] is outside die area.
[WARNING GRT-0036] Pin io_oeb[23] is outside die area.
[WARNING GRT-0036] Pin io_oeb[24] is outside die area.
[WARNING GRT-0036] Pin io_oeb[25] is outside die area.
[WARNING GRT-0036] Pin io_oeb[26] is outside die area.
[WARNING GRT-0036] Pin io_oeb[27] is outside die area.
[WARNING GRT-0036] Pin io_oeb[28] is outside die area.
[WARNING GRT-0036] Pin io_oeb[29] is outside die area.
[WARNING GRT-0036] Pin io_oeb[2] is outside die area.
[WARNING GRT-0036] Pin io_oeb[31] is outside die area.
[WARNING GRT-0036] Pin io_out[30] is outside die area.
[WARNING GRT-0036] Pin io_oeb[33] is outside die area.
[WARNING GRT-0036] Pin io_oeb[34] is outside die area.
[WARNING GRT-0036] Pin io_oeb[35] is outside die area.
[WARNING GRT-0036] Pin io_oeb[3] is outside die area.
[WARNING GRT-0036] Pin io_oeb[4] is outside die area.
[WARNING GRT-0036] Pin io_oeb[5] is outside die area.
[WARNING GRT-0036] Pin io_oeb[6] is outside die area.
[WARNING GRT-0036] Pin io_oeb[7] is outside die area.
[WARNING GRT-0036] Pin io_oeb[8] is outside die area.
[WARNING GRT-0036] Pin io_oeb[9] is outside die area.
[WARNING GRT-0036] Pin io_out[0] is outside die area.
[WARNING GRT-0036] Pin io_out[10] is outside die area.
[WARNING GRT-0036] Pin io_out[11] is outside die area.
[WARNING GRT-0036] Pin io_out[12] is outside die area.
[WARNING GRT-0036] Pin io_out[13] is outside die area.
[WARNING GRT-0036] Pin io_out[14] is outside die area.
[WARNING GRT-0036] Pin io_out[15] is outside die area.
[WARNING GRT-0036] Pin io_out[16] is outside die area.
[WARNING GRT-0036] Pin io_out[17] is outside die area.
[WARNING GRT-0036] Pin io_out[18] is outside die area.
[WARNING GRT-0036] Pin io_out[19] is outside die area.
[WARNING GRT-0036] Pin io_out[1] is outside die area.
[WARNING GRT-0036] Pin io_out[20] is outside die area.
[WARNING GRT-0036] Pin io_out[21] is outside die area.
[WARNING GRT-0036] Pin io_out[22] is outside die area.
[WARNING GRT-0036] Pin io_out[23] is outside die area.
[WARNING GRT-0036] Pin io_out[24] is outside die area.
[WARNING GRT-0036] Pin io_out[25] is outside die area.
[WARNING GRT-0036] Pin io_out[26] is outside die area.
[WARNING GRT-0036] Pin io_out[27] is outside die area.
[WARNING GRT-0036] Pin io_out[28] is outside die area.
[WARNING GRT-0036] Pin io_out[29] is outside die area.
[WARNING GRT-0036] Pin io_out[2] is outside die area.
[WARNING GRT-0036] Pin io_out[31] is outside die area.
[WARNING GRT-0036] Pin io_out[32] is outside die area.
[WARNING GRT-0036] Pin io_out[33] is outside die area.
[WARNING GRT-0036] Pin io_out[34] is outside die area.
[WARNING GRT-0036] Pin io_out[35] is outside die area.
[WARNING GRT-0036] Pin la_data_out[0] is outside die area.
[WARNING GRT-0036] Pin io_out[3] is outside die area.
[WARNING GRT-0036] Pin io_out[4] is outside die area.
[WARNING GRT-0036] Pin io_out[5] is outside die area.
[WARNING GRT-0036] Pin io_out[6] is outside die area.
[WARNING GRT-0036] Pin io_out[7] is outside die area.
[WARNING GRT-0036] Pin io_out[8] is outside die area.
[WARNING GRT-0036] Pin io_out[9] is outside die area.
[WARNING GRT-0036] Pin la_data_in[0] is outside die area.
[WARNING GRT-0036] Pin la_data_in[10] is outside die area.
[WARNING GRT-0036] Pin la_data_in[11] is outside die area.
[WARNING GRT-0036] Pin la_data_in[12] is outside die area.
[WARNING GRT-0036] Pin la_data_in[13] is outside die area.
[WARNING GRT-0036] Pin la_data_in[14] is outside die area.
[WARNING GRT-0036] Pin la_data_in[15] is outside die area.
[WARNING GRT-0036] Pin la_data_in[16] is outside die area.
[WARNING GRT-0036] Pin la_data_in[17] is outside die area.
[WARNING GRT-0036] Pin la_data_in[18] is outside die area.
[WARNING GRT-0036] Pin la_data_in[19] is outside die area.
[WARNING GRT-0036] Pin la_data_in[1] is outside die area.
[WARNING GRT-0036] Pin la_data_in[20] is outside die area.
[WARNING GRT-0036] Pin la_data_in[21] is outside die area.
[WARNING GRT-0036] Pin la_data_in[22] is outside die area.
[WARNING GRT-0036] Pin la_data_in[23] is outside die area.
[WARNING GRT-0036] Pin la_data_in[24] is outside die area.
[WARNING GRT-0036] Pin la_data_in[25] is outside die area.
[WARNING GRT-0036] Pin la_data_in[26] is outside die area.
[WARNING GRT-0036] Pin la_data_in[27] is outside die area.
[WARNING GRT-0036] Pin la_data_in[28] is outside die area.
[WARNING GRT-0036] Pin la_data_in[29] is outside die area.
[WARNING GRT-0036] Pin la_data_in[2] is outside die area.
[WARNING GRT-0036] Pin la_data_in[30] is outside die area.
[WARNING GRT-0036] Pin la_data_in[31] is outside die area.
[WARNING GRT-0036] Pin la_data_in[3] is outside die area.
[WARNING GRT-0036] Pin la_data_in[4] is outside die area.
[WARNING GRT-0036] Pin la_data_in[5] is outside die area.
[WARNING GRT-0036] Pin la_data_in[6] is outside die area.
[WARNING GRT-0036] Pin la_data_in[7] is outside die area.
[WARNING GRT-0036] Pin la_data_in[8] is outside die area.
[WARNING GRT-0036] Pin la_data_in[9] is outside die area.
[WARNING GRT-0036] Pin la_data_out[1] is outside die area.
[WARNING GRT-0036] Pin la_data_out[11] is outside die area.
[WARNING GRT-0036] Pin la_data_out[12] is outside die area.
[WARNING GRT-0036] Pin la_data_out[13] is outside die area.
[WARNING GRT-0036] Pin la_data_out[14] is outside die area.
[WARNING GRT-0036] Pin la_data_out[15] is outside die area.
[WARNING GRT-0036] Pin la_data_out[16] is outside die area.
[WARNING GRT-0036] Pin la_data_out[17] is outside die area.
[WARNING GRT-0036] Pin la_data_out[18] is outside die area.
[WARNING GRT-0036] Pin la_data_out[19] is outside die area.
[WARNING GRT-0036] Pin la_data_out[20] is outside die area.
[WARNING GRT-0036] Pin la_data_out[2] is outside die area.
[WARNING GRT-0036] Pin la_data_out[21] is outside die area.
[WARNING GRT-0036] Pin la_data_out[22] is outside die area.
[WARNING GRT-0036] Pin la_data_out[23] is outside die area.
[WARNING GRT-0036] Pin la_data_out[24] is outside die area.
[WARNING GRT-0036] Pin la_data_out[25] is outside die area.
[WARNING GRT-0036] Pin la_data_out[26] is outside die area.
[WARNING GRT-0036] Pin la_data_out[27] is outside die area.
[WARNING GRT-0036] Pin la_data_out[28] is outside die area.
[WARNING GRT-0036] Pin la_data_out[29] is outside die area.
[WARNING GRT-0036] Pin la_data_out[30] is outside die area.
[WARNING GRT-0036] Pin la_data_out[3] is outside die area.
[WARNING GRT-0036] Pin la_data_out[31] is outside die area.
[WARNING GRT-0036] Pin user_irq[0] is outside die area.
[WARNING GRT-0036] Pin la_data_out[4] is outside die area.
[WARNING GRT-0036] Pin la_data_out[5] is outside die area.
[WARNING GRT-0036] Pin la_data_out[6] is outside die area.
[WARNING GRT-0036] Pin la_data_out[7] is outside die area.
[WARNING GRT-0036] Pin la_data_out[8] is outside die area.
[WARNING GRT-0036] Pin la_data_out[9] is outside die area.
[WARNING GRT-0036] Pin la_data_out[10] is outside die area.
[WARNING GRT-0036] Pin la_oenb[0] is outside die area.
[WARNING GRT-0036] Pin la_oenb[10] is outside die area.
[WARNING GRT-0036] Pin la_oenb[11] is outside die area.
[WARNING GRT-0036] Pin la_oenb[12] is outside die area.
[WARNING GRT-0036] Pin la_oenb[13] is outside die area.
[WARNING GRT-0036] Pin la_oenb[14] is outside die area.
[WARNING GRT-0036] Pin la_oenb[15] is outside die area.
[WARNING GRT-0036] Pin la_oenb[16] is outside die area.
[WARNING GRT-0036] Pin la_oenb[17] is outside die area.
[WARNING GRT-0036] Pin la_oenb[18] is outside die area.
[WARNING GRT-0036] Pin la_oenb[19] is outside die area.
[WARNING GRT-0036] Pin la_oenb[1] is outside die area.
[WARNING GRT-0036] Pin la_oenb[20] is outside die area.
[WARNING GRT-0036] Pin la_oenb[21] is outside die area.
[WARNING GRT-0036] Pin la_oenb[22] is outside die area.
[WARNING GRT-0036] Pin la_oenb[23] is outside die area.
[WARNING GRT-0036] Pin la_oenb[24] is outside die area.
[WARNING GRT-0036] Pin la_oenb[25] is outside die area.
[WARNING GRT-0036] Pin la_oenb[26] is outside die area.
[WARNING GRT-0036] Pin la_oenb[27] is outside die area.
[WARNING GRT-0036] Pin la_oenb[28] is outside die area.
[WARNING GRT-0036] Pin la_oenb[29] is outside die area.
[WARNING GRT-0036] Pin la_oenb[2] is outside die area.
[WARNING GRT-0036] Pin la_oenb[30] is outside die area.
[WARNING GRT-0036] Pin la_oenb[31] is outside die area.
[WARNING GRT-0036] Pin la_oenb[3] is outside die area.
[WARNING GRT-0036] Pin la_oenb[4] is outside die area.
[WARNING GRT-0036] Pin la_oenb[5] is outside die area.
[WARNING GRT-0036] Pin la_oenb[6] is outside die area.
[WARNING GRT-0036] Pin la_oenb[7] is outside die area.
[WARNING GRT-0036] Pin la_oenb[8] is outside die area.
[WARNING GRT-0036] Pin la_oenb[9] is outside die area.
[WARNING GRT-0036] Pin user_clock2 is outside die area.
[WARNING GRT-0036] Pin user_irq[1] is outside die area.
[WARNING GRT-0036] Pin user_irq[2] is outside die area.
[WARNING GRT-0036] Pin wbs_dat_o[30] is outside die area.
[WARNING GRT-0036] Pin wb_clk_i is outside die area.
[WARNING GRT-0036] Pin wb_rst_i is outside die area.
[WARNING GRT-0036] Pin wbs_ack_o is outside die area.
[WARNING GRT-0036] Pin wbs_adr_i[0] is outside die area.
[WARNING GRT-0036] Pin wbs_adr_i[10] is outside die area.
[WARNING GRT-0036] Pin wbs_adr_i[11] is outside die area.
[WARNING GRT-0036] Pin wbs_adr_i[12] is outside die area.
[WARNING GRT-0036] Pin wbs_adr_i[13] is outside die area.
[WARNING GRT-0036] Pin wbs_adr_i[14] is outside die area.
[WARNING GRT-0036] Pin wbs_adr_i[15] is outside die area.
[WARNING GRT-0036] Pin wbs_adr_i[16] is outside die area.
[WARNING GRT-0036] Pin wbs_adr_i[17] is outside die area.
[WARNING GRT-0036] Pin wbs_adr_i[18] is outside die area.
[WARNING GRT-0036] Pin wbs_adr_i[19] is outside die area.
[WARNING GRT-0036] Pin wbs_adr_i[1] is outside die area.
[WARNING GRT-0036] Pin wbs_adr_i[20] is outside die area.
[WARNING GRT-0036] Pin wbs_adr_i[21] is outside die area.
[WARNING GRT-0036] Pin wbs_adr_i[22] is outside die area.
[WARNING GRT-0036] Pin wbs_adr_i[23] is outside die area.
[WARNING GRT-0036] Pin wbs_adr_i[24] is outside die area.
[WARNING GRT-0036] Pin wbs_adr_i[25] is outside die area.
[WARNING GRT-0036] Pin wbs_adr_i[26] is outside die area.
[WARNING GRT-0036] Pin wbs_adr_i[27] is outside die area.
[WARNING GRT-0036] Pin wbs_adr_i[28] is outside die area.
[WARNING GRT-0036] Pin wbs_adr_i[29] is outside die area.
[WARNING GRT-0036] Pin wbs_adr_i[2] is outside die area.
[WARNING GRT-0036] Pin wbs_adr_i[30] is outside die area.
[WARNING GRT-0036] Pin wbs_adr_i[31] is outside die area.
[WARNING GRT-0036] Pin wbs_adr_i[3] is outside die area.
[WARNING GRT-0036] Pin wbs_adr_i[4] is outside die area.
[WARNING GRT-0036] Pin wbs_adr_i[5] is outside die area.
[WARNING GRT-0036] Pin wbs_adr_i[6] is outside die area.
[WARNING GRT-0036] Pin wbs_adr_i[7] is outside die area.
[WARNING GRT-0036] Pin wbs_adr_i[8] is outside die area.
[WARNING GRT-0036] Pin wbs_adr_i[9] is outside die area.
[WARNING GRT-0036] Pin wbs_cyc_i is outside die area.
[WARNING GRT-0036] Pin wbs_dat_i[0] is outside die area.
[WARNING GRT-0036] Pin wbs_dat_i[10] is outside die area.
[WARNING GRT-0036] Pin wbs_dat_i[11] is outside die area.
[WARNING GRT-0036] Pin wbs_dat_i[12] is outside die area.
[WARNING GRT-0036] Pin wbs_dat_i[13] is outside die area.
[WARNING GRT-0036] Pin wbs_dat_i[14] is outside die area.
[WARNING GRT-0036] Pin wbs_dat_i[15] is outside die area.
[WARNING GRT-0036] Pin wbs_dat_i[16] is outside die area.
[WARNING GRT-0036] Pin wbs_dat_i[17] is outside die area.
[WARNING GRT-0036] Pin wbs_dat_i[18] is outside die area.
[WARNING GRT-0036] Pin wbs_dat_i[19] is outside die area.
[WARNING GRT-0036] Pin wbs_dat_i[1] is outside die area.
[WARNING GRT-0036] Pin wbs_dat_i[20] is outside die area.
[WARNING GRT-0036] Pin wbs_dat_i[21] is outside die area.
[WARNING GRT-0036] Pin wbs_dat_i[22] is outside die area.
[WARNING GRT-0036] Pin wbs_dat_i[23] is outside die area.
[WARNING GRT-0036] Pin wbs_dat_i[24] is outside die area.
[WARNING GRT-0036] Pin wbs_dat_i[25] is outside die area.
[WARNING GRT-0036] Pin wbs_dat_i[26] is outside die area.
[WARNING GRT-0036] Pin wbs_dat_i[27] is outside die area.
[WARNING GRT-0036] Pin wbs_dat_i[28] is outside die area.
[WARNING GRT-0036] Pin wbs_dat_i[29] is outside die area.
[WARNING GRT-0036] Pin wbs_dat_i[2] is outside die area.
[WARNING GRT-0036] Pin wbs_dat_i[30] is outside die area.
[WARNING GRT-0036] Pin wbs_dat_i[31] is outside die area.
[WARNING GRT-0036] Pin wbs_dat_i[3] is outside die area.
[WARNING GRT-0036] Pin wbs_dat_i[4] is outside die area.
[WARNING GRT-0036] Pin wbs_dat_i[5] is outside die area.
[WARNING GRT-0036] Pin wbs_dat_i[6] is outside die area.
[WARNING GRT-0036] Pin wbs_dat_i[7] is outside die area.
[WARNING GRT-0036] Pin wbs_dat_i[8] is outside die area.
[WARNING GRT-0036] Pin wbs_dat_i[9] is outside die area.
[WARNING GRT-0036] Pin wbs_dat_o[0] is outside die area.
[WARNING GRT-0036] Pin wbs_dat_o[10] is outside die area.
[WARNING GRT-0036] Pin wbs_dat_o[11] is outside die area.
[WARNING GRT-0036] Pin wbs_dat_o[12] is outside die area.
[WARNING GRT-0036] Pin wbs_dat_o[13] is outside die area.
[WARNING GRT-0036] Pin wbs_dat_o[14] is outside die area.
[WARNING GRT-0036] Pin wbs_dat_o[15] is outside die area.
[WARNING GRT-0036] Pin wbs_dat_o[16] is outside die area.
[WARNING GRT-0036] Pin wbs_dat_o[17] is outside die area.
[WARNING GRT-0036] Pin wbs_dat_o[18] is outside die area.
[WARNING GRT-0036] Pin wbs_dat_o[19] is outside die area.
[WARNING GRT-0036] Pin wbs_dat_o[1] is outside die area.
[WARNING GRT-0036] Pin wbs_dat_o[20] is outside die area.
[WARNING GRT-0036] Pin wbs_dat_o[21] is outside die area.
[WARNING GRT-0036] Pin wbs_dat_o[22] is outside die area.
[WARNING GRT-0036] Pin wbs_dat_o[23] is outside die area.
[WARNING GRT-0036] Pin wbs_dat_o[24] is outside die area.
[WARNING GRT-0036] Pin wbs_dat_o[25] is outside die area.
[WARNING GRT-0036] Pin wbs_dat_o[26] is outside die area.
[WARNING GRT-0036] Pin wbs_dat_o[27] is outside die area.
[WARNING GRT-0036] Pin wbs_dat_o[28] is outside die area.
[WARNING GRT-0036] Pin wbs_dat_o[29] is outside die area.
[WARNING GRT-0036] Pin wbs_dat_o[2] is outside die area.
[WARNING GRT-0036] Pin wbs_dat_o[31] is outside die area.
[WARNING GRT-0036] Pin io_oeb[32] is outside die area.
[WARNING GRT-0036] Pin wbs_dat_o[3] is outside die area.
[WARNING GRT-0036] Pin wbs_dat_o[4] is outside die area.
[WARNING GRT-0036] Pin wbs_dat_o[5] is outside die area.
[WARNING GRT-0036] Pin wbs_dat_o[6] is outside die area.
[WARNING GRT-0036] Pin wbs_dat_o[7] is outside die area.
[WARNING GRT-0036] Pin wbs_dat_o[8] is outside die area.
[WARNING GRT-0036] Pin wbs_dat_o[9] is outside die area.
[WARNING GRT-0036] Pin wbs_sel_i[0] is outside die area.
[WARNING GRT-0036] Pin wbs_sel_i[1] is outside die area.
[WARNING GRT-0036] Pin wbs_sel_i[2] is outside die area.
[WARNING GRT-0036] Pin wbs_sel_i[3] is outside die area.
[WARNING GRT-0036] Pin wbs_stb_i is outside die area.
[WARNING GRT-0036] Pin wbs_we_i is outside die area.
[WARNING GRT-0036] Pin io_oeb[30] is outside die area.
[INFO GRT-0001] Minimum degree: 2
[INFO GRT-0002] Maximum degree: 23
[INFO GRT-0003] Macros: 0
[INFO GRT-0043] No OR_DEFAULT vias defined.
[INFO GRT-0004] Blockages: 854

[INFO GRT-0053] Routing resources analysis:
          Routing      Original      Derated      Resource
Layer     Direction    Resources     Resources    Reduction (%)
---------------------------------------------------------------
li1        Vertical            0             0          0.00%
met1       Horizontal     871084        428937          50.76%
met2       Vertical       653451        429925          34.21%
met3       Horizontal     435542        298599          31.44%
met4       Vertical       304990        152582          49.97%
---------------------------------------------------------------

[INFO GRT-0197] Via related to pin nodes: 7692
[INFO GRT-0198] Via related Steiner nodes: 75
[INFO GRT-0199] Via filling finished.
[INFO GRT-0111] Final number of vias: 9746
[INFO GRT-0112] Final usage 3D: 52395

[INFO GRT-0096] Final congestion report:
Layer         Resource        Demand        Usage (%)    Max H / Max V / Total Overflow
---------------------------------------------------------------------------------------
li1                  0             0            0.00%             0 /  0 /  0
met1            428937         12117            2.82%             0 /  0 /  0
met2            429925         10211            2.38%             0 /  0 /  0
met3            298599           672            0.23%             0 /  0 /  0
met4            152582           157            0.10%             0 /  0 /  0
---------------------------------------------------------------------------------------
Total          1310043         23157            1.77%             0 /  0 /  0

[INFO GRT-0018] Total wirelength: 183609 um
[INFO GRT-0014] Routed nets: 1893
Setting global connections for newly added cells…
Writing OpenROAD database to '/Users/marwan/work/caravel_user_mpc/openlane/user_project/runs/RUN_2024.05.19_11.12.43/tmp/routing/21-global.odb'…
Writing layout to '/Users/marwan/work/caravel_user_mpc/openlane/user_project/runs/RUN_2024.05.19_11.12.43/tmp/routing/21-global.def'…
Writing routing guides to '/Users/marwan/work/caravel_user_mpc/openlane/user_project/runs/RUN_2024.05.19_11.12.43/tmp/routing/21-global.guide'…
