[INFO]: Run Directory: /Users/marwan/work/caravel_user_mpc/openlane/user_project/runs/24_05_19_15_00
[WARNING]: The variable name DESIGN_IS_CORE was renamed to FP_PDN_MULTILAYER. Update your configuration file.
[INFO]: Saving runtime environment...
[INFO]: Preparing LEF files for the nom corner...
[INFO]: Preparing LEF files for the min corner...
[INFO]: Preparing LEF files for the max corner...
[INFO]: Running Synthesis (log: ../Users/marwan/work/caravel_user_mpc/openlane/user_project/runs/24_05_19_15_00/logs/synthesis/1-synthesis.log)...
[INFO]: Running Single-Corner Static Timing Analysis (log: ../Users/marwan/work/caravel_user_mpc/openlane/user_project/runs/24_05_19_15_00/logs/synthesis/2-sta.log)...
[INFO]: Running Initial Floorplanning (log: ../Users/marwan/work/caravel_user_mpc/openlane/user_project/runs/24_05_19_15_00/logs/floorplan/3-initial_fp.log)...
[INFO]: Floorplanned with width 1288.92 and height 1577.6.
[INFO]: Running IO Placement (log: ../Users/marwan/work/caravel_user_mpc/openlane/user_project/runs/24_05_19_15_00/logs/floorplan/4-place_io.log)...
[INFO]: Running Tap/Decap Insertion (log: ../Users/marwan/work/caravel_user_mpc/openlane/user_project/runs/24_05_19_15_00/logs/floorplan/5-tap.log)...
[INFO]: Power planning with power {VPWR} and ground {VGND}...
[INFO]: Generating PDN (log: ../Users/marwan/work/caravel_user_mpc/openlane/user_project/runs/24_05_19_15_00/logs/floorplan/6-pdn.log)...
[INFO]: Running Global Placement (log: ../Users/marwan/work/caravel_user_mpc/openlane/user_project/runs/24_05_19_15_00/logs/placement/6-global.log)...
[INFO]: Running Single-Corner Static Timing Analysis (log: ../Users/marwan/work/caravel_user_mpc/openlane/user_project/runs/24_05_19_15_00/logs/placement/8-gpl_sta.log)...
[INFO]: Running Placement Resizer Design Optimizations (log: ../Users/marwan/work/caravel_user_mpc/openlane/user_project/runs/24_05_19_15_00/logs/placement/9-resizer.log)...
[INFO]: Running Detailed Placement (log: ../Users/marwan/work/caravel_user_mpc/openlane/user_project/runs/24_05_19_15_00/logs/placement/10-detailed.log)...
[INFO]: Running Single-Corner Static Timing Analysis (log: ../Users/marwan/work/caravel_user_mpc/openlane/user_project/runs/24_05_19_15_00/logs/placement/11-dpl_sta.log)...
[INFO]: Running Clock Tree Synthesis (log: ../Users/marwan/work/caravel_user_mpc/openlane/user_project/runs/24_05_19_15_00/logs/cts/12-cts.log)...
[INFO]: Running Single-Corner Static Timing Analysis (log: ../Users/marwan/work/caravel_user_mpc/openlane/user_project/runs/24_05_19_15_00/logs/cts/13-cts_sta.log)...
[INFO]: Running Placement Resizer Timing Optimizations (log: ../Users/marwan/work/caravel_user_mpc/openlane/user_project/runs/24_05_19_15_00/logs/cts/14-resizer.log)...
[INFO]: Running Global Routing Resizer Design Optimizations (log: ../Users/marwan/work/caravel_user_mpc/openlane/user_project/runs/24_05_19_15_00/logs/routing/15-resizer_design.log)...
[INFO]: Running Single-Corner Static Timing Analysis (log: ../Users/marwan/work/caravel_user_mpc/openlane/user_project/runs/24_05_19_15_00/logs/routing/16-rsz_design_sta.log)...
[INFO]: Running Global Routing Resizer Timing Optimizations (log: ../Users/marwan/work/caravel_user_mpc/openlane/user_project/runs/24_05_19_15_00/logs/routing/17-resizer_timing.log)...
[INFO]: Running Single-Corner Static Timing Analysis (log: ../Users/marwan/work/caravel_user_mpc/openlane/user_project/runs/24_05_19_15_00/logs/routing/18-rsz_timing_sta.log)...
[INFO]: Running Heuristic Diode Insertion (log: ../Users/marwan/work/caravel_user_mpc/openlane/user_project/runs/24_05_19_15_00/logs/routing/19-diodes.log)...
[INFO]: Running Detailed Placement (log: ../Users/marwan/work/caravel_user_mpc/openlane/user_project/runs/24_05_19_15_00/logs/routing/20-diode_legalization.log)...
[INFO]: Running Global Routing (log: ../Users/marwan/work/caravel_user_mpc/openlane/user_project/runs/24_05_19_15_00/logs/routing/21-global.log)...
[INFO]: Writing Verilog (log: ../Users/marwan/work/caravel_user_mpc/openlane/user_project/runs/24_05_19_15_00/logs/routing/21-global_write_netlist.log)...
[INFO]: Running Single-Corner Static Timing Analysis (log: ../Users/marwan/work/caravel_user_mpc/openlane/user_project/runs/24_05_19_15_00/logs/routing/23-grt_sta.log)...
[INFO]: Running Fill Insertion (log: ../Users/marwan/work/caravel_user_mpc/openlane/user_project/runs/24_05_19_15_00/logs/routing/24-fill.log)...
[INFO]: Running Detailed Routing (log: ../Users/marwan/work/caravel_user_mpc/openlane/user_project/runs/24_05_19_15_00/logs/routing/25-detailed.log)...
[INFO]: No Magic DRC violations after detailed routing.
[INFO]: Checking Wire Lengths (log: ../Users/marwan/work/caravel_user_mpc/openlane/user_project/runs/24_05_19_15_00/logs/routing/26-wire_lengths.log)...
[INFO]: Running SPEF Extraction at the min process corner (log: ../Users/marwan/work/caravel_user_mpc/openlane/user_project/runs/24_05_19_15_00/logs/signoff/27-parasitics_extraction.min.log)...
[INFO]: Running Multi-Corner Static Timing Analysis at the min process corner (log: ../Users/marwan/work/caravel_user_mpc/openlane/user_project/runs/24_05_19_15_00/logs/signoff/28-rcx_mcsta.min.log)...
[INFO]: Running SPEF Extraction at the max process corner (log: ../Users/marwan/work/caravel_user_mpc/openlane/user_project/runs/24_05_19_15_00/logs/signoff/29-parasitics_extraction.max.log)...
[INFO]: Running Multi-Corner Static Timing Analysis at the max process corner (log: ../Users/marwan/work/caravel_user_mpc/openlane/user_project/runs/24_05_19_15_00/logs/signoff/30-rcx_mcsta.max.log)...
[INFO]: Running SPEF Extraction at the nom process corner (log: ../Users/marwan/work/caravel_user_mpc/openlane/user_project/runs/24_05_19_15_00/logs/signoff/31-parasitics_extraction.nom.log)...
[INFO]: Running Multi-Corner Static Timing Analysis at the nom process corner (log: ../Users/marwan/work/caravel_user_mpc/openlane/user_project/runs/24_05_19_15_00/logs/signoff/32-rcx_mcsta.nom.log)...
[WARNING]: VSRC_LOC_FILES was not given a value, which may make the results of IR drop analysis inaccurate. If you are not integrating a top-level chip for manufacture, you may ignore this warning, otherwise, see the documentation for VSRC_LOC_FILES.
[INFO]: Creating IR Drop Report (log: ../Users/marwan/work/caravel_user_mpc/openlane/user_project/runs/24_05_19_15_00/logs/signoff/33-irdrop.log)...
[INFO]: Running Magic to generate various views...
[INFO]: Streaming out GDSII with Magic (log: ../Users/marwan/work/caravel_user_mpc/openlane/user_project/runs/24_05_19_15_00/logs/signoff/34-gdsii.log)...
[INFO]: Generating MAGLEF views...
[INFO]: Generating lef with Magic (/Users/marwan/work/caravel_user_mpc/openlane/user_project/runs/24_05_19_15_00/logs/signoff/34-lef.log)...
[INFO]: Streaming out GDSII with KLayout (log: ../Users/marwan/work/caravel_user_mpc/openlane/user_project/runs/24_05_19_15_00/logs/signoff/35-gdsii-klayout.log)...
[INFO]: Running XOR on the layouts using KLayout (log: ../Users/marwan/work/caravel_user_mpc/openlane/user_project/runs/24_05_19_15_00/logs/signoff/36-xor.log)...
[INFO]: No XOR differences between KLayout and Magic gds.
[INFO]: Running Magic Spice Export from LEF (log: ../Users/marwan/work/caravel_user_mpc/openlane/user_project/runs/24_05_19_15_00/logs/signoff/37-spice.log)...
[INFO]: Writing Powered Verilog (logs: ../Users/marwan/work/caravel_user_mpc/openlane/user_project/runs/24_05_19_15_00/logs/signoff/38-write_powered_def.log, ../Users/marwan/work/caravel_user_mpc/openlane/user_project/runs/24_05_19_15_00/logs/signoff/38-write_powered_verilog.log)...
[INFO]: Writing Verilog (log: ../Users/marwan/work/caravel_user_mpc/openlane/user_project/runs/24_05_19_15_00/logs/signoff/38-write_powered_verilog.log)...
[INFO]: Running LVS (log: ../Users/marwan/work/caravel_user_mpc/openlane/user_project/runs/24_05_19_15_00/logs/signoff/40-lvs.lef.log)...
[INFO]: Running Magic DRC (log: ../Users/marwan/work/caravel_user_mpc/openlane/user_project/runs/24_05_19_15_00/logs/signoff/41-drc.log)...
[INFO]: Converting Magic DRC database to various tool-readable formats...
[INFO]: No Magic DRC violations after GDS streaming out.
[INFO]: Running KLayout DRC (log: ../Users/marwan/work/caravel_user_mpc/openlane/user_project/runs/24_05_19_15_00/logs/signoff/42-drc-klayout.log)...
[INFO]: No KLayout DRC violations after GDS streaming out.
[INFO]: Running OpenROAD Antenna Rule Checker (log: ../Users/marwan/work/caravel_user_mpc/openlane/user_project/runs/24_05_19_15_00/logs/signoff/43-arc.log)...
[INFO]: Saving current set of views in '../Users/marwan/work/caravel_user_mpc/openlane/user_project/runs/24_05_19_15_00/results/final'...
[INFO]: Saving current set of views in '../Users/marwan/work/caravel_user_mpc'...
[INFO]: Saving runtime environment...
[INFO]: Generating final set of reports...
[INFO]: Created manufacturability report at '../Users/marwan/work/caravel_user_mpc/openlane/user_project/runs/24_05_19_15_00/reports/manufacturability.rpt'.
[INFO]: Created metrics report at '../Users/marwan/work/caravel_user_mpc/openlane/user_project/runs/24_05_19_15_00/reports/metrics.csv'.
[WARNING]: There are max fanout violations in the design at the Typical corner. Please refer to '../Users/marwan/work/caravel_user_mpc/openlane/user_project/runs/24_05_19_15_00/reports/signoff/32-sta-rcx_nom/multi_corner_sta.checks.rpt'.
[INFO]: There are no hold violations in the design at the Typical corner.
[INFO]: There are no setup violations in the design at the Typical corner.
[SUCCESS]: Flow complete.
[INFO]: Note that the following warnings have been generated:
