
===========================================================================
 report_power
============================================================================
======================= Fastest Corner ===================================

Group                  Internal  Switching    Leakage      Total
                          Power      Power      Power      Power (Watts)
----------------------------------------------------------------
Sequential             5.21e-05   2.15e-05   1.33e-09   7.36e-05  10.5%
Combinational          2.60e-04   3.27e-04   3.94e-08   5.87e-04  83.4%
Clock                  1.50e-05   2.80e-05   9.96e-08   4.32e-05   6.1%
Macro                  0.00e+00   0.00e+00   0.00e+00   0.00e+00   0.0%
Pad                    0.00e+00   0.00e+00   0.00e+00   0.00e+00   0.0%
----------------------------------------------------------------
Total                  3.27e-04   3.76e-04   1.40e-07   7.04e-04 100.0%
                          46.5%      53.5%       0.0%

======================= Slowest Corner ===================================

Group                  Internal  Switching    Leakage      Total
                          Power      Power      Power      Power (Watts)
----------------------------------------------------------------
Sequential             3.55e-05   1.44e-05   9.33e-07   5.09e-05  10.4%
Combinational          1.79e-04   2.19e-04   1.10e-05   4.09e-04  83.6%
Clock                  1.07e-05   1.87e-05   2.11e-07   2.97e-05   6.1%
Macro                  0.00e+00   0.00e+00   0.00e+00   0.00e+00   0.0%
Pad                    0.00e+00   0.00e+00   0.00e+00   0.00e+00   0.0%
----------------------------------------------------------------
Total                  2.26e-04   2.52e-04   1.22e-05   4.90e-04 100.0%
                          46.1%      51.4%       2.5%

======================= Typical Corner ===================================

Group                  Internal  Switching    Leakage      Total
                          Power      Power      Power      Power (Watts)
----------------------------------------------------------------
Sequential             4.51e-05   1.83e-05   5.21e-10   6.35e-05  10.5%
Combinational          2.24e-04   2.78e-04   8.41e-09   5.02e-04  83.3%
Clock                  1.32e-05   2.39e-05   9.94e-08   3.71e-05   6.2%
Macro                  0.00e+00   0.00e+00   0.00e+00   0.00e+00   0.0%
Pad                    0.00e+00   0.00e+00   0.00e+00   0.00e+00   0.0%
----------------------------------------------------------------
Total                  2.82e-04   3.20e-04   1.08e-07   6.02e-04 100.0%
                          46.9%      53.1%       0.0%

