OpenROAD d423155d69de7f683a23f6916ead418a615ad4ad 
Features included (+) or not (-):  +Charts +GPU +GUI +Python
This program is licensed under the BSD-3 license. See the LICENSE file for details.
Components of this program may be licensed under more restrictive licenses which must be honored.
[INFO]: Reading ODB at '/Users/marwan/work/caravel_user_mpc/openlane/user_project/runs/24_05_19_15_00/results/floorplan/user_project.odb'…
define_corners Typical
read_liberty -corner Typical /Users/marwan/.volare/volare/sky130/versions/bdc9412b3e468c102d01b7cf6337be06ec6e9c9a/sky130A/libs.ref/sky130_fd_sc_hd/lib/sky130_fd_sc_hd__tt_025C_1v80.lib
Using 1e-12 for capacitance...
Using 1e+03 for resistance...
Using 1e-09 for time...
Using 1e+00 for voltage...
Using 1e-03 for current...
Using 1e-09 for power...
Using 1e-06 for distance...
Reading design constraints file at '/Users/marwan/work/caravel_user_mpc/openlane/user_project/base_user_project.sdc'…
[INFO]: Creating clock {clk} for port wb_clk_i with period: 30
[INFO]: Setting clock uncertainity to: 0.25
[INFO]: Setting clock transition to: 0.15
[INFO]: Setting maximum transition to: 0.75
[INFO]: Setting maximum fanout to: 10
[INFO]: Setting timing derate to: 5.0 %
[INFO]: Setting clock latency range: 4.5 : 6
[INFO]: Setting clock transition: 0.6
[INFO]: Setting RC values...
[INFO]: Setting signal min routing layer to: met1 and clock min routing layer to met3. 
[INFO]: Setting signal max routing layer to: met4 and clock max routing layer to met4. 
[INFO GPL-0002] DBU: 1000
[INFO GPL-0003] SiteSize: 460 2720
[INFO GPL-0004] CoreAreaLxLy: 5520 10880
[INFO GPL-0005] CoreAreaUxUy: 1294440 1588480
[INFO GPL-0006] NumInstances: 30429
[INFO GPL-0007] NumPlaceInstances: 460
[INFO GPL-0008] NumFixedInstances: 29969
[INFO GPL-0009] NumDummyInstances: 0
[INFO GPL-0010] NumNets: 634
[INFO GPL-0011] NumPins: 1858
[INFO GPL-0012] DieAreaLxLy: 0 0
[INFO GPL-0013] DieAreaUxUy: 1300000 1600000
[INFO GPL-0014] CoreAreaLxLy: 5520 10880
[INFO GPL-0015] CoreAreaUxUy: 1294440 1588480
[INFO GPL-0016] CoreArea: 2033400192000
[INFO GPL-0017] NonPlaceInstsArea: 40399996800
[INFO GPL-0018] PlaceInstsArea: 4397968000
[INFO GPL-0019] Util(%): 0.22
[INFO GPL-0020] StdInstsArea: 4397968000
[INFO GPL-0021] MacroInstsArea: 0
[InitialPlace]  Iter: 1 CG residual: 0.00043680 HPWL: 282673110
[InitialPlace]  Iter: 2 CG residual: 0.00000989 HPWL: 196855338
[InitialPlace]  Iter: 3 CG residual: 0.00000193 HPWL: 173271966
[InitialPlace]  Iter: 4 CG residual: 0.00000018 HPWL: 156824652
[InitialPlace]  Iter: 5 CG residual: 0.00000012 HPWL: 151172628
[INFO GPL-0031] FillerInit: NumGCells: 51796
[INFO GPL-0032] FillerInit: NumGNets: 634
[INFO GPL-0033] FillerInit: NumGPins: 1858
[INFO GPL-0023] TargetDensity: 0.24
[INFO GPL-0024] AveragePlaceInstArea: 9560800
[INFO GPL-0025] IdealBinArea: 39836668
[INFO GPL-0026] IdealBinCnt: 51043
[INFO GPL-0027] TotalBinArea: 2033400192000
[INFO GPL-0028] BinCnt: 128 128
[INFO GPL-0029] BinSize: 10070 12325
[INFO GPL-0030] NumBins: 16384
[NesterovSolve] Iter: 1 overflow: 0.390122 HPWL: 158741442
[INFO GPL-0100] worst slack 1.6e-08
[INFO GPL-0103] Weighted 57 nets.
[NesterovSolve] Snapshot saved at iter = 0
[NesterovSolve] Iter: 10 overflow: 0.427146 HPWL: 148654405
[NesterovSolve] Iter: 20 overflow: 0.371914 HPWL: 146489088
[NesterovSolve] Iter: 30 overflow: 0.334054 HPWL: 145474200
[NesterovSolve] Iter: 40 overflow: 0.335639 HPWL: 142791991
[NesterovSolve] Iter: 50 overflow: 0.317988 HPWL: 141945949
[NesterovSolve] Iter: 60 overflow: 0.304226 HPWL: 141343486
[INFO GPL-0100] worst slack 1.57e-08
[INFO GPL-0103] Weighted 56 nets.
[NesterovSolve] Iter: 70 overflow: 0.283629 HPWL: 140833473
[NesterovSolve] Iter: 80 overflow: 0.270048 HPWL: 140455788
[NesterovSolve] Iter: 90 overflow: 0.254129 HPWL: 140222837
[NesterovSolve] Iter: 100 overflow: 0.245316 HPWL: 140147815
[NesterovSolve] Iter: 110 overflow: 0.266051 HPWL: 140108715
[NesterovSolve] Iter: 120 overflow: 0.262262 HPWL: 140003292
[NesterovSolve] Iter: 130 overflow: 0.245386 HPWL: 139933461
[NesterovSolve] Iter: 140 overflow: 0.2529 HPWL: 139925827
[NesterovSolve] Iter: 150 overflow: 0.272418 HPWL: 139911761
[NesterovSolve] Iter: 160 overflow: 0.267812 HPWL: 139929706
[NesterovSolve] Iter: 170 overflow: 0.268188 HPWL: 139952236
[NesterovSolve] Iter: 180 overflow: 0.276815 HPWL: 139992763
[NesterovSolve] Iter: 190 overflow: 0.278282 HPWL: 140057309
[NesterovSolve] Iter: 200 overflow: 0.273386 HPWL: 140122911
[NesterovSolve] Iter: 210 overflow: 0.270737 HPWL: 140183290
[NesterovSolve] Iter: 220 overflow: 0.265186 HPWL: 140194699
[NesterovSolve] Iter: 230 overflow: 0.265728 HPWL: 140097883
[NesterovSolve] Iter: 240 overflow: 0.258708 HPWL: 139945400
[NesterovSolve] Iter: 250 overflow: 0.259886 HPWL: 140045156
[NesterovSolve] Iter: 260 overflow: 0.259492 HPWL: 140175741
[NesterovSolve] Iter: 270 overflow: 0.253363 HPWL: 140000262
[NesterovSolve] Iter: 280 overflow: 0.245807 HPWL: 140114693
[NesterovSolve] Iter: 290 overflow: 0.237566 HPWL: 139991783
[NesterovSolve] Iter: 300 overflow: 0.226944 HPWL: 140102508
[NesterovSolve] Iter: 310 overflow: 0.217881 HPWL: 140114842
[NesterovSolve] Iter: 320 overflow: 0.204267 HPWL: 140131454
[INFO GPL-0100] worst slack 1.58e-08
[INFO GPL-0103] Weighted 57 nets.
[INFO GPL-0075] Routability numCall: 1 inflationIterCnt: 1 bloatIterCnt: 0
[INFO GPL-0036] TileLxLy: 0 0
[INFO GPL-0037] TileSize: 6900 6900
[INFO GPL-0038] TileCnt: 188 231
[INFO GPL-0039] numRoutingLayers: 6
[INFO GPL-0040] NumTiles: 43428
[INFO GPL-0063] TotalRouteOverflowH2: 0
[INFO GPL-0064] TotalRouteOverflowV2: 0
[INFO GPL-0065] OverflowTileCnt2: 0
[INFO GPL-0066] 0.5%RC: 0.7511494180251812
[INFO GPL-0067] 1.0%RC: 0.7232396460649471
[INFO GPL-0068] 2.0%RC: 0.7187626886902799
[INFO GPL-0069] 5.0%RC: 0.7160773389410264
[INFO GPL-0070] 0.5rcK: 1
[INFO GPL-0071] 1.0rcK: 1
[INFO GPL-0072] 2.0rcK: 0
[INFO GPL-0073] 5.0rcK: 0
[INFO GPL-0074] FinalRC: 0.73719454
[NesterovSolve] Iter: 330 overflow: 0.179681 HPWL: 140159572
[NesterovSolve] Iter: 340 overflow: 0.154842 HPWL: 140230753
[INFO GPL-0100] worst slack 1.57e-08
[INFO GPL-0103] Weighted 58 nets.
[NesterovSolve] Iter: 350 overflow: 0.138295 HPWL: 140361472
[NesterovSolve] Iter: 360 overflow: 0.118352 HPWL: 140538279
[NesterovSolve] Finished with Overflow: 0.098473
Setting global connections for newly added cells…
Writing OpenROAD database to '/Users/marwan/work/caravel_user_mpc/openlane/user_project/runs/24_05_19_15_00/tmp/placement/7-global.odb'…
Writing netlist to '/Users/marwan/work/caravel_user_mpc/openlane/user_project/runs/24_05_19_15_00/tmp/placement/7-global.nl.v'…
Writing powered netlist to '/Users/marwan/work/caravel_user_mpc/openlane/user_project/runs/24_05_19_15_00/tmp/placement/7-global.pnl.v'…
Writing layout to '/Users/marwan/work/caravel_user_mpc/openlane/user_project/runs/24_05_19_15_00/tmp/placement/7-global.def'…
