
64. Printing statistics.

=== user_project ===

   Number of wires:                338
   Number of wire bits:            634
   Number of public wires:          20
   Number of public wire bits:     316
   Number of memories:               0
   Number of memory bits:            0
   Number of processes:              0
   Number of cells:                460
     sky130_fd_sc_hd__a211o_2       13
     sky130_fd_sc_hd__a21bo_2        6
     sky130_fd_sc_hd__a21boi_2       2
     sky130_fd_sc_hd__a21o_2         2
     sky130_fd_sc_hd__a21oi_2       28
     sky130_fd_sc_hd__a22o_2         4
     sky130_fd_sc_hd__a31o_2        41
     sky130_fd_sc_hd__a31oi_2        2
     sky130_fd_sc_hd__a32o_2         5
     sky130_fd_sc_hd__a41o_2         7
     sky130_fd_sc_hd__and2_2         9
     sky130_fd_sc_hd__and2b_2        1
     sky130_fd_sc_hd__and3_2        18
     sky130_fd_sc_hd__and4_2        13
     sky130_fd_sc_hd__buf_2         30
     sky130_fd_sc_hd__conb_1        49
     sky130_fd_sc_hd__dfxtp_2       61
     sky130_fd_sc_hd__inv_2         27
     sky130_fd_sc_hd__mux2_1        32
     sky130_fd_sc_hd__nand2_2       35
     sky130_fd_sc_hd__nand3_2        1
     sky130_fd_sc_hd__nand4_2        1
     sky130_fd_sc_hd__nor2_2        16
     sky130_fd_sc_hd__o2111a_2       1
     sky130_fd_sc_hd__o211a_2        3
     sky130_fd_sc_hd__o21a_2        14
     sky130_fd_sc_hd__o21ai_2       22
     sky130_fd_sc_hd__or2_2          4
     sky130_fd_sc_hd__or3b_2         1
     sky130_fd_sc_hd__xnor2_2        5
     sky130_fd_sc_hd__xor2_2         7

   Chip area for module '\user_project': 4397.968000

