[ERROR]: during executing sta script /openlane/scripts/openroad/sta/multi_corner.tcl
[ERROR]: Log: runs/RUN_2024.05.19_11.12.06/logs/synthesis/2-sta.log
[ERROR]: Last 10 lines:
Using 1e+03 for resistance...
Using 1e-09 for time...
Using 1e+00 for voltage...
Using 1e-03 for current...
Using 1e-09 for power...
Using 1e-06 for distance...
Reading netlist '/Users/marwan/work/caravel_user_mpc/openlane/user_project/runs/RUN_2024.05.19_11.12.06/results/synthesis/user_project.v'…
Reading design constraints file at '/Users/marwan/work/caravel_user_mpc/openlane/user_project/base_user_proj_example.sdc'…
Error: multi_corner.tcl line 43, cannot open '/Users/marwan/work/caravel_user_mpc/openlane/user_project/base_user_proj_example.sdc'.
child process exited abnormally

[ERROR]: Creating issue reproducible...
[ERROR]: Step 2 (synthesis) failed with error:
-code 1 -level 0 -errorstack {INNER {invokeStk1 throw_error} CALL {run_tcl_script -tool sta -no_consume /openlane/scripts/openroad/sta/multi_corner.tcl -indexed_log /Users/marwan/work/caravel_user_mpc/openlane/user_project/runs/RUN_2024.05.19_11.12.06/logs/synthesis/2-sta.log -save to=/Users/marwan/work/caravel_user_mpc/openlane/user_project/runs/RUN_2024.05.19_11.12.06/results/synthesis,noindex,sdf,lib -netlist_in} CALL {run_sta_script /openlane/scripts/openroad/sta/multi_corner.tcl -indexed_log /Users/marwan/work/caravel_user_mpc/openlane/user_project/runs/RUN_2024.05.19_11.12.06/logs/synthesis/2-sta.log -save to=/Users/marwan/work/caravel_user_mpc/openlane/user_project/runs/RUN_2024.05.19_11.12.06/results/synthesis,noindex,sdf,lib -netlist_in} CALL {run_sta -log /Users/marwan/work/caravel_user_mpc/openlane/user_project/runs/RUN_2024.05.19_11.12.06/logs/synthesis/sta.log -netlist_in -pre_cts -save_to /Users/marwan/work/caravel_user_mpc/openlane/user_project/runs/RUN_2024.05.19_11.12.06/results/synthesis -tool sta} CALL run_synthesis CALL {run_non_interactive_mode user_project}} -errorcode NONE -errorinfo {
    while executing
"throw_error"
    (procedure "run_tcl_script" line 219)
    invoked from within
"run_tcl_script -tool sta -no_consume {*}$args"
    (procedure "run_sta_script" line 2)
    invoked from within
"run_$arg_values(-tool)_script $::env(SCRIPTS_DIR)/openroad/sta/multi_corner.tcl {*}$arg_list"
    (procedure "run_sta" line 102)
    invoked from within
"run_sta -log $::env(synthesis_logs)/sta.log  -netlist_in  -pre_cts  -save_to $::env(synthesis_results)  -tool sta"
    (procedure "run_synthesis" line 50)
    invoked from within
"run_synthesis"} -errorline 1
[ERROR]: Flow failed.
