[INFO]: Run Directory: /Users/marwan/work/caravel_user_mpc/openlane/user_project/runs/24_05_19_13_46
[WARNING]: The variable name DESIGN_IS_CORE was renamed to FP_PDN_MULTILAYER. Update your configuration file.
[INFO]: Saving runtime environment...
[INFO]: Preparing LEF files for the nom corner...
[INFO]: Preparing LEF files for the min corner...
[INFO]: Preparing LEF files for the max corner...
[INFO]: Running linter (Verilator) (log: ../Users/marwan/work/caravel_user_mpc/openlane/user_project/runs/24_05_19_13_46/logs/synthesis/linter.log)...
[ERROR]: 3 errors found by linter
[ERROR]: Step 0 (verilator_lint_check) failed with error:
-code 1 -level 0 -errorcode NONE -errorinfo {
    while executing
"throw_error"
    (procedure "run_verilator" line 86)
    invoked from within
"run_verilator"
    (procedure "run_verilator_step" line 3)
    invoked from within
"run_verilator_step"} -errorline 1
[INFO]: Saving current set of views in '../Users/marwan/work/caravel_user_mpc/openlane/user_project/runs/24_05_19_13_46/results/final'...
[INFO]: Generating final set of reports...
[INFO]: Created manufacturability report at '../Users/marwan/work/caravel_user_mpc/openlane/user_project/runs/24_05_19_13_46/reports/manufacturability.rpt'.
[INFO]: Created metrics report at '../Users/marwan/work/caravel_user_mpc/openlane/user_project/runs/24_05_19_13_46/reports/metrics.csv'.
[INFO]: Saving runtime environment...
[ERROR]: Flow failed.
[INFO]: The failure may have been because of the following warnings:
