Reading /Users/marwan/work/caravel_user_mpc/openlane/user_project/runs/24_05_19_15_00/results/signoff/user_project.gds ..
Reading /Users/marwan/work/caravel_user_mpc/openlane/user_project/runs/24_05_19_15_00/results/signoff/user_project.klayout.gds ..
--- Running XOR for layer 122/16 ---
"input" in: xor.drc:94
    Polygons (raw): 176738 (flat)  67 (hierarchical)
    Elapsed: 0.000s  Memory: 573.00M
"input" in: xor.drc:94
    Polygons (raw): 176738 (flat)  67 (hierarchical)
    Elapsed: 0.000s  Memory: 573.00M
"^" in: xor.drc:94
    Polygons (raw): 0 (flat)  0 (hierarchical)
    Elapsed: 0.690s  Memory: 573.00M
XOR differences: 0
"output" in: xor.drc:69
    Polygons (raw): 0 (flat)  0 (hierarchical)
    Elapsed: 0.000s  Memory: 573.00M
--- Running XOR for layer 235/4 ---
"input" in: xor.drc:94
    Polygons (raw): 1 (flat)  1 (hierarchical)
    Elapsed: 0.000s  Memory: 573.00M
"input" in: xor.drc:94
    Polygons (raw): 1 (flat)  1 (hierarchical)
    Elapsed: 0.000s  Memory: 573.00M
"^" in: xor.drc:94
    Polygons (raw): 0 (flat)  0 (hierarchical)
    Elapsed: 0.050s  Memory: 573.00M
XOR differences: 0
"output" in: xor.drc:69
    Polygons (raw): 0 (flat)  0 (hierarchical)
    Elapsed: 0.000s  Memory: 573.00M
--- Running XOR for layer 236/0 ---
"input" in: xor.drc:94
    Polygons (raw): 147291 (flat)  61 (hierarchical)
    Elapsed: 0.000s  Memory: 573.00M
"input" in: xor.drc:94
    Polygons (raw): 147291 (flat)  61 (hierarchical)
    Elapsed: 0.000s  Memory: 573.00M
"^" in: xor.drc:94
    Polygons (raw): 0 (flat)  0 (hierarchical)
    Elapsed: 0.660s  Memory: 590.00M
XOR differences: 0
"output" in: xor.drc:69
    Polygons (raw): 0 (flat)  0 (hierarchical)
    Elapsed: 0.010s  Memory: 590.00M
--- Running XOR for layer 64/16 ---
"input" in: xor.drc:94
    Polygons (raw): 176738 (flat)  67 (hierarchical)
    Elapsed: 0.000s  Memory: 590.00M
"input" in: xor.drc:94
    Polygons (raw): 176738 (flat)  67 (hierarchical)
    Elapsed: 0.000s  Memory: 590.00M
"^" in: xor.drc:94
    Polygons (raw): 0 (flat)  0 (hierarchical)
    Elapsed: 0.690s  Memory: 590.00M
XOR differences: 0
"output" in: xor.drc:69
    Polygons (raw): 0 (flat)  0 (hierarchical)
    Elapsed: 0.010s  Memory: 590.00M
--- Running XOR for layer 64/20 ---
"input" in: xor.drc:94
    Polygons (raw): 205481 (flat)  64 (hierarchical)
    Elapsed: 0.000s  Memory: 590.00M
"input" in: xor.drc:94
    Polygons (raw): 205481 (flat)  64 (hierarchical)
    Elapsed: 0.000s  Memory: 590.00M
"^" in: xor.drc:94
    Polygons (raw): 0 (flat)  0 (hierarchical)
    Elapsed: 1.200s  Memory: 635.00M
XOR differences: 0
"output" in: xor.drc:69
    Polygons (raw): 0 (flat)  0 (hierarchical)
    Elapsed: 0.000s  Memory: 635.00M
--- Running XOR for layer 64/5 ---
"input" in: xor.drc:94
    Polygons (raw): 0 (flat)  0 (hierarchical)
    Elapsed: 0.000s  Memory: 635.00M
"input" in: xor.drc:94
    Polygons (raw): 0 (flat)  0 (hierarchical)
    Elapsed: 0.000s  Memory: 635.00M
"^" in: xor.drc:94
    Polygons (raw): 0 (flat)  0 (hierarchical)
    Elapsed: 0.190s  Memory: 635.00M
XOR differences: 0
"output" in: xor.drc:69
    Polygons (raw): 0 (flat)  0 (hierarchical)
    Elapsed: 0.000s  Memory: 635.00M
--- Running XOR for layer 64/59 ---
"input" in: xor.drc:94
    Polygons (raw): 0 (flat)  0 (hierarchical)
    Elapsed: 0.000s  Memory: 635.00M
"input" in: xor.drc:94
    Polygons (raw): 0 (flat)  0 (hierarchical)
    Elapsed: 0.000s  Memory: 635.00M
"^" in: xor.drc:94
    Polygons (raw): 0 (flat)  0 (hierarchical)
    Elapsed: 0.190s  Memory: 635.00M
XOR differences: 0
"output" in: xor.drc:69
    Polygons (raw): 0 (flat)  0 (hierarchical)
    Elapsed: 0.000s  Memory: 635.00M
--- Running XOR for layer 65/20 ---
"input" in: xor.drc:94
    Polygons (raw): 296174 (flat)  162 (hierarchical)
    Elapsed: 0.000s  Memory: 635.00M
"input" in: xor.drc:94
    Polygons (raw): 296174 (flat)  162 (hierarchical)
    Elapsed: 0.000s  Memory: 635.00M
"^" in: xor.drc:94
    Polygons (raw): 0 (flat)  0 (hierarchical)
    Elapsed: 0.910s  Memory: 635.00M
XOR differences: 0
"output" in: xor.drc:69
    Polygons (raw): 0 (flat)  0 (hierarchical)
    Elapsed: 0.000s  Memory: 635.00M
--- Running XOR for layer 65/44 ---
"input" in: xor.drc:94
    Polygons (raw): 57618 (flat)  2 (hierarchical)
    Elapsed: 0.000s  Memory: 635.00M
"input" in: xor.drc:94
    Polygons (raw): 57618 (flat)  2 (hierarchical)
    Elapsed: 0.000s  Memory: 635.00M
"^" in: xor.drc:94
    Polygons (raw): 0 (flat)  0 (hierarchical)
    Elapsed: 0.200s  Memory: 635.00M
XOR differences: 0
"output" in: xor.drc:69
    Polygons (raw): 0 (flat)  0 (hierarchical)
    Elapsed: 0.000s  Memory: 635.00M
--- Running XOR for layer 66/15 ---
"input" in: xor.drc:94
    Polygons (raw): 98 (flat)  2 (hierarchical)
    Elapsed: 0.000s  Memory: 635.00M
"input" in: xor.drc:94
    Polygons (raw): 98 (flat)  2 (hierarchical)
    Elapsed: 0.000s  Memory: 635.00M
"^" in: xor.drc:94
    Polygons (raw): 0 (flat)  0 (hierarchical)
    Elapsed: 0.030s  Memory: 635.00M
XOR differences: 0
"output" in: xor.drc:69
    Polygons (raw): 0 (flat)  0 (hierarchical)
    Elapsed: 0.000s  Memory: 635.00M
--- Running XOR for layer 66/20 ---
"input" in: xor.drc:94
    Polygons (raw): 296748 (flat)  249 (hierarchical)
    Elapsed: 0.000s  Memory: 635.00M
"input" in: xor.drc:94
    Polygons (raw): 296748 (flat)  249 (hierarchical)
    Elapsed: 0.000s  Memory: 635.00M
"^" in: xor.drc:94
    Polygons (raw): 0 (flat)  0 (hierarchical)
    Elapsed: 1.300s  Memory: 635.00M
XOR differences: 0
"output" in: xor.drc:69
    Polygons (raw): 0 (flat)  0 (hierarchical)
    Elapsed: 0.000s  Memory: 635.00M
--- Running XOR for layer 66/44 ---
"input" in: xor.drc:94
    Polygons (raw): 1117482 (flat)  1527 (hierarchical)
    Elapsed: 0.000s  Memory: 635.00M
"input" in: xor.drc:94
    Polygons (raw): 1117482 (flat)  1527 (hierarchical)
    Elapsed: 0.000s  Memory: 635.00M
"^" in: xor.drc:94
    Polygons (raw): 0 (flat)  0 (hierarchical)
    Elapsed: 2.840s  Memory: 635.00M
XOR differences: 0
"output" in: xor.drc:69
    Polygons (raw): 0 (flat)  0 (hierarchical)
    Elapsed: 0.010s  Memory: 635.00M
--- Running XOR for layer 67/16 ---
"input" in: xor.drc:94
    Polygons (raw): 23913 (flat)  434 (hierarchical)
    Elapsed: 0.000s  Memory: 635.00M
"input" in: xor.drc:94
    Polygons (raw): 23913 (flat)  434 (hierarchical)
    Elapsed: 0.000s  Memory: 635.00M
"^" in: xor.drc:94
    Polygons (raw): 0 (flat)  0 (hierarchical)
    Elapsed: 0.100s  Memory: 635.00M
XOR differences: 0
"output" in: xor.drc:69
    Polygons (raw): 0 (flat)  0 (hierarchical)
    Elapsed: 0.000s  Memory: 635.00M
--- Running XOR for layer 67/20 ---
"input" in: xor.drc:94
    Polygons (raw): 940650 (flat)  5350 (hierarchical)
    Elapsed: 0.000s  Memory: 635.00M
"input" in: xor.drc:94
    Polygons (raw): 940650 (flat)  446 (hierarchical)
    Elapsed: 0.000s  Memory: 635.00M
"^" in: xor.drc:94
    Polygons (raw): 0 (flat)  0 (hierarchical)
    Elapsed: 3.630s  Memory: 779.00M
XOR differences: 0
"output" in: xor.drc:69
    Polygons (raw): 0 (flat)  0 (hierarchical)
    Elapsed: 0.000s  Memory: 779.00M
--- Running XOR for layer 67/44 ---
"input" in: xor.drc:94
    Polygons (raw): 3255595 (flat)  5861 (hierarchical)
    Elapsed: 0.000s  Memory: 779.00M
"input" in: xor.drc:94
    Polygons (raw): 3255595 (flat)  957 (hierarchical)
    Elapsed: 0.000s  Memory: 779.00M
"^" in: xor.drc:94
    Polygons (raw): 0 (flat)  0 (hierarchical)
    Elapsed: 8.420s  Memory: 779.00M
XOR differences: 0
"output" in: xor.drc:69
    Polygons (raw): 0 (flat)  0 (hierarchical)
    Elapsed: 0.000s  Memory: 779.00M
--- Running XOR for layer 67/5 ---
"input" in: xor.drc:94
    Polygons (raw): 0 (flat)  0 (hierarchical)
    Elapsed: 0.000s  Memory: 779.00M
"input" in: xor.drc:94
    Polygons (raw): 0 (flat)  0 (hierarchical)
    Elapsed: 0.000s  Memory: 779.00M
"^" in: xor.drc:94
    Polygons (raw): 0 (flat)  0 (hierarchical)
    Elapsed: 0.050s  Memory: 779.00M
XOR differences: 0
"output" in: xor.drc:69
    Polygons (raw): 0 (flat)  0 (hierarchical)
    Elapsed: 0.000s  Memory: 779.00M
--- Running XOR for layer 68/16 ---
"input" in: xor.drc:94
    Polygons (raw): 410984 (flat)  130 (hierarchical)
    Elapsed: 0.000s  Memory: 779.00M
"input" in: xor.drc:94
    Polygons (raw): 410984 (flat)  130 (hierarchical)
    Elapsed: 0.000s  Memory: 779.00M
"^" in: xor.drc:94
    Polygons (raw): 0 (flat)  0 (hierarchical)
    Elapsed: 1.300s  Memory: 779.00M
XOR differences: 0
"output" in: xor.drc:69
    Polygons (raw): 0 (flat)  0 (hierarchical)
    Elapsed: 0.000s  Memory: 779.00M
--- Running XOR for layer 68/20 ---
"input" in: xor.drc:94
    Polygons (raw): 429494 (flat)  18544 (hierarchical)
    Elapsed: 0.000s  Memory: 779.00M
"input" in: xor.drc:94
    Polygons (raw): 438299 (flat)  5572 (hierarchical)
    Elapsed: 0.000s  Memory: 779.00M
"^" in: xor.drc:94
    Polygons (raw): 0 (flat)  0 (hierarchical)
    Elapsed: 1.880s  Memory: 779.00M
XOR differences: 0
"output" in: xor.drc:69
    Polygons (raw): 0 (flat)  0 (hierarchical)
    Elapsed: 0.000s  Memory: 779.00M
--- Running XOR for layer 68/44 ---
"input" in: xor.drc:94
    Polygons (raw): 116803 (flat)  116803 (hierarchical)
    Elapsed: 0.000s  Memory: 779.00M
"input" in: xor.drc:94
    Polygons (raw): 116803 (flat)  10 (hierarchical)
    Elapsed: 0.000s  Memory: 779.00M
"^" in: xor.drc:94
    Polygons (raw): 0 (flat)  0 (hierarchical)
    Elapsed: 0.270s  Memory: 779.00M
XOR differences: 0
"output" in: xor.drc:69
    Polygons (raw): 0 (flat)  0 (hierarchical)
    Elapsed: 0.000s  Memory: 779.00M
--- Running XOR for layer 68/5 ---
"input" in: xor.drc:94
    Polygons (raw): 0 (flat)  0 (hierarchical)
    Elapsed: 0.000s  Memory: 779.00M
"input" in: xor.drc:94
    Polygons (raw): 0 (flat)  0 (hierarchical)
    Elapsed: 0.000s  Memory: 779.00M
"^" in: xor.drc:94
    Polygons (raw): 0 (flat)  0 (hierarchical)
    Elapsed: 0.230s  Memory: 779.00M
XOR differences: 0
"output" in: xor.drc:69
    Polygons (raw): 0 (flat)  0 (hierarchical)
    Elapsed: 0.000s  Memory: 779.00M
--- Running XOR for layer 69/16 ---
"input" in: xor.drc:94
    Polygons (raw): 169 (flat)  169 (hierarchical)
    Elapsed: 0.000s  Memory: 779.00M
"input" in: xor.drc:94
    Polygons (raw): 169 (flat)  169 (hierarchical)
    Elapsed: 0.000s  Memory: 779.00M
"^" in: xor.drc:94
    Polygons (raw): 0 (flat)  0 (hierarchical)
    Elapsed: 0.050s  Memory: 779.00M
XOR differences: 0
"output" in: xor.drc:69
    Polygons (raw): 0 (flat)  0 (hierarchical)
    Elapsed: 0.000s  Memory: 779.00M
--- Running XOR for layer 69/20 ---
"input" in: xor.drc:94
    Polygons (raw): 20147 (flat)  20147 (hierarchical)
    Elapsed: 0.000s  Memory: 779.00M
"input" in: xor.drc:94
    Polygons (raw): 45068 (flat)  15440 (hierarchical)
    Elapsed: 0.000s  Memory: 779.00M
"^" in: xor.drc:94
    Polygons (raw): 0 (flat)  0 (hierarchical)
    Elapsed: 0.190s  Memory: 779.00M
XOR differences: 0
"output" in: xor.drc:69
    Polygons (raw): 0 (flat)  0 (hierarchical)
    Elapsed: 0.000s  Memory: 779.00M
--- Running XOR for layer 69/44 ---
"input" in: xor.drc:94
    Polygons (raw): 87703 (flat)  87703 (hierarchical)
    Elapsed: 0.000s  Memory: 779.00M
"input" in: xor.drc:94
    Polygons (raw): 87703 (flat)  8 (hierarchical)
    Elapsed: 0.000s  Memory: 779.00M
"^" in: xor.drc:94
    Polygons (raw): 0 (flat)  0 (hierarchical)
    Elapsed: 0.210s  Memory: 779.00M
XOR differences: 0
"output" in: xor.drc:69
    Polygons (raw): 0 (flat)  0 (hierarchical)
    Elapsed: 0.000s  Memory: 779.00M
--- Running XOR for layer 69/5 ---
"input" in: xor.drc:94
    Polygons (raw): 0 (flat)  0 (hierarchical)
    Elapsed: 0.000s  Memory: 779.00M
"input" in: xor.drc:94
    Polygons (raw): 0 (flat)  0 (hierarchical)
    Elapsed: 0.000s  Memory: 779.00M
"^" in: xor.drc:94
    Polygons (raw): 0 (flat)  0 (hierarchical)
    Elapsed: 0.040s  Memory: 779.00M
XOR differences: 0
"output" in: xor.drc:69
    Polygons (raw): 0 (flat)  0 (hierarchical)
    Elapsed: 0.000s  Memory: 779.00M
--- Running XOR for layer 70/16 ---
"input" in: xor.drc:94
    Polygons (raw): 145 (flat)  145 (hierarchical)
    Elapsed: 0.000s  Memory: 779.00M
"input" in: xor.drc:94
    Polygons (raw): 145 (flat)  145 (hierarchical)
    Elapsed: 0.000s  Memory: 779.00M
"^" in: xor.drc:94
    Polygons (raw): 0 (flat)  0 (hierarchical)
    Elapsed: 0.050s  Memory: 779.00M
XOR differences: 0
"output" in: xor.drc:69
    Polygons (raw): 0 (flat)  0 (hierarchical)
    Elapsed: 0.000s  Memory: 779.00M
--- Running XOR for layer 70/20 ---
"input" in: xor.drc:94
    Polygons (raw): 13505 (flat)  13505 (hierarchical)
    Elapsed: 0.000s  Memory: 779.00M
"input" in: xor.drc:94
    Polygons (raw): 38117 (flat)  12858 (hierarchical)
    Elapsed: 0.000s  Memory: 779.00M
"^" in: xor.drc:94
    Polygons (raw): 0 (flat)  0 (hierarchical)
    Elapsed: 0.150s  Memory: 779.00M
XOR differences: 0
"output" in: xor.drc:69
    Polygons (raw): 0 (flat)  0 (hierarchical)
    Elapsed: 0.000s  Memory: 779.00M
--- Running XOR for layer 70/44 ---
"input" in: xor.drc:94
    Polygons (raw): 87452 (flat)  87452 (hierarchical)
    Elapsed: 0.000s  Memory: 779.00M
"input" in: xor.drc:94
    Polygons (raw): 87452 (flat)  8 (hierarchical)
    Elapsed: 0.000s  Memory: 779.00M
"^" in: xor.drc:94
    Polygons (raw): 0 (flat)  0 (hierarchical)
    Elapsed: 0.210s  Memory: 779.00M
XOR differences: 0
"output" in: xor.drc:69
    Polygons (raw): 0 (flat)  0 (hierarchical)
    Elapsed: 0.000s  Memory: 779.00M
--- Running XOR for layer 70/5 ---
"input" in: xor.drc:94
    Polygons (raw): 0 (flat)  0 (hierarchical)
    Elapsed: 0.000s  Memory: 779.00M
"input" in: xor.drc:94
    Polygons (raw): 0 (flat)  0 (hierarchical)
    Elapsed: 0.000s  Memory: 779.00M
"^" in: xor.drc:94
    Polygons (raw): 0 (flat)  0 (hierarchical)
    Elapsed: 0.040s  Memory: 779.00M
XOR differences: 0
"output" in: xor.drc:69
    Polygons (raw): 0 (flat)  0 (hierarchical)
    Elapsed: 0.000s  Memory: 779.00M
--- Running XOR for layer 71/16 ---
"input" in: xor.drc:94
    Polygons (raw): 43 (flat)  43 (hierarchical)
    Elapsed: 0.000s  Memory: 779.00M
"input" in: xor.drc:94
    Polygons (raw): 43 (flat)  43 (hierarchical)
    Elapsed: 0.000s  Memory: 779.00M
"^" in: xor.drc:94
    Polygons (raw): 0 (flat)  0 (hierarchical)
    Elapsed: 0.050s  Memory: 779.00M
XOR differences: 0
"output" in: xor.drc:69
    Polygons (raw): 0 (flat)  0 (hierarchical)
    Elapsed: 0.000s  Memory: 779.00M
--- Running XOR for layer 71/20 ---
"input" in: xor.drc:94
    Polygons (raw): 66 (flat)  66 (hierarchical)
    Elapsed: 0.000s  Memory: 779.00M
"input" in: xor.drc:94
    Polygons (raw): 12600 (flat)  96 (hierarchical)
    Elapsed: 0.000s  Memory: 779.00M
"^" in: xor.drc:94
    Polygons (raw): 0 (flat)  0 (hierarchical)
    Elapsed: 0.100s  Memory: 779.00M
XOR differences: 0
"output" in: xor.drc:69
    Polygons (raw): 0 (flat)  0 (hierarchical)
    Elapsed: 0.000s  Memory: 779.00M
--- Running XOR for layer 71/5 ---
"input" in: xor.drc:94
    Polygons (raw): 0 (flat)  0 (hierarchical)
    Elapsed: 0.000s  Memory: 779.00M
"input" in: xor.drc:94
    Polygons (raw): 0 (flat)  0 (hierarchical)
    Elapsed: 0.000s  Memory: 779.00M
"^" in: xor.drc:94
    Polygons (raw): 0 (flat)  0 (hierarchical)
    Elapsed: 0.050s  Memory: 779.00M
XOR differences: 0
"output" in: xor.drc:69
    Polygons (raw): 0 (flat)  0 (hierarchical)
    Elapsed: 0.000s  Memory: 779.00M
--- Running XOR for layer 78/44 ---
"input" in: xor.drc:94
    Polygons (raw): 205503 (flat)  66 (hierarchical)
    Elapsed: 0.000s  Memory: 779.00M
"input" in: xor.drc:94
    Polygons (raw): 205503 (flat)  66 (hierarchical)
    Elapsed: 0.000s  Memory: 779.00M
"^" in: xor.drc:94
    Polygons (raw): 0 (flat)  0 (hierarchical)
    Elapsed: 0.840s  Memory: 779.00M
XOR differences: 0
"output" in: xor.drc:69
    Polygons (raw): 0 (flat)  0 (hierarchical)
    Elapsed: 0.000s  Memory: 779.00M
Warning: Skipping 81/14
--- Running XOR for layer 81/23 ---
"input" in: xor.drc:94
    Polygons (raw): 702 (flat)  1 (hierarchical)
    Elapsed: 0.000s  Memory: 779.00M
"input" in: xor.drc:94
    Polygons (raw): 702 (flat)  1 (hierarchical)
    Elapsed: 0.000s  Memory: 779.00M
"^" in: xor.drc:94
    Polygons (raw): 0 (flat)  0 (hierarchical)
    Elapsed: 0.050s  Memory: 779.00M
XOR differences: 0
"output" in: xor.drc:69
    Polygons (raw): 0 (flat)  0 (hierarchical)
    Elapsed: 0.000s  Memory: 779.00M
--- Running XOR for layer 81/4 ---
"input" in: xor.drc:94
    Polygons (raw): 205481 (flat)  64 (hierarchical)
    Elapsed: 0.000s  Memory: 779.00M
"input" in: xor.drc:94
    Polygons (raw): 205481 (flat)  64 (hierarchical)
    Elapsed: 0.000s  Memory: 779.00M
"^" in: xor.drc:94
    Polygons (raw): 0 (flat)  0 (hierarchical)
    Elapsed: 0.870s  Memory: 779.00M
XOR differences: 0
"output" in: xor.drc:69
    Polygons (raw): 0 (flat)  0 (hierarchical)
    Elapsed: 0.000s  Memory: 779.00M
--- Running XOR for layer 83/44 ---
"input" in: xor.drc:94
    Polygons (raw): 0 (flat)  0 (hierarchical)
    Elapsed: 0.000s  Memory: 779.00M
"input" in: xor.drc:94
    Polygons (raw): 0 (flat)  0 (hierarchical)
    Elapsed: 0.000s  Memory: 779.00M
"^" in: xor.drc:94
    Polygons (raw): 0 (flat)  0 (hierarchical)
    Elapsed: 0.220s  Memory: 779.00M
XOR differences: 0
"output" in: xor.drc:69
    Polygons (raw): 0 (flat)  0 (hierarchical)
    Elapsed: 0.000s  Memory: 779.00M
--- Running XOR for layer 93/44 ---
"input" in: xor.drc:94
    Polygons (raw): 234290 (flat)  65 (hierarchical)
    Elapsed: 0.000s  Memory: 779.00M
"input" in: xor.drc:94
    Polygons (raw): 234290 (flat)  65 (hierarchical)
    Elapsed: 0.000s  Memory: 779.00M
"^" in: xor.drc:94
    Polygons (raw): 0 (flat)  0 (hierarchical)
    Elapsed: 1.050s  Memory: 779.00M
XOR differences: 0
"output" in: xor.drc:69
    Polygons (raw): 0 (flat)  0 (hierarchical)
    Elapsed: 0.010s  Memory: 779.00M
--- Running XOR for layer 94/20 ---
"input" in: xor.drc:94
    Polygons (raw): 234290 (flat)  65 (hierarchical)
    Elapsed: 0.000s  Memory: 779.00M
"input" in: xor.drc:94
    Polygons (raw): 234290 (flat)  65 (hierarchical)
    Elapsed: 0.000s  Memory: 779.00M
"^" in: xor.drc:94
    Polygons (raw): 0 (flat)  0 (hierarchical)
    Elapsed: 1.030s  Memory: 779.00M
XOR differences: 0
"output" in: xor.drc:69
    Polygons (raw): 0 (flat)  0 (hierarchical)
    Elapsed: 0.010s  Memory: 779.00M
--- Running XOR for layer 95/20 ---
"input" in: xor.drc:94
    Polygons (raw): 146693 (flat)  65 (hierarchical)
    Elapsed: 0.000s  Memory: 779.00M
"input" in: xor.drc:94
    Polygons (raw): 146693 (flat)  65 (hierarchical)
    Elapsed: 0.000s  Memory: 779.00M
"^" in: xor.drc:94
    Polygons (raw): 0 (flat)  0 (hierarchical)
    Elapsed: 0.660s  Memory: 779.00M
XOR differences: 0
"output" in: xor.drc:69
    Polygons (raw): 0 (flat)  0 (hierarchical)
    Elapsed: 0.010s  Memory: 779.00M
---
Total XOR differences: 0
Writing report database: /Users/marwan/work/caravel_user_mpc/openlane/user_project/runs/24_05_19_15_00/reports/signoff/36-xor.xml ..
Total elapsed: 31.860s  Memory: 779.00M
