Netgen 1.5.255 compiled on Tue Dec  5 20:34:07 UTC 2023
Warning: netgen command 'format' use fully-qualified name '::netgen::format'
Warning: netgen command 'global' use fully-qualified name '::netgen::global'
Generating JSON file result
Reading netlist file /Users/marwan/work/caravel_user_mpc/openlane/user_project/runs/24_05_19_15_00/results/signoff/user_project.spice
Reading netlist file /Users/marwan/work/caravel_user_mpc/openlane/user_project/runs/24_05_19_15_00/tmp/signoff/37-user_project.pnl.v
Warning:  A case-insensitive file has been read and so the	verilog file must be treated case-insensitive to match.
Creating placeholder cell definition for module sky130_fd_sc_hd__diode_2.
Creating placeholder cell definition for module sky130_fd_sc_hd__decap_8.
Creating placeholder cell definition for module sky130_fd_sc_hd__decap_3.
Creating placeholder cell definition for module sky130_ef_sc_hd__decap_12.
Creating placeholder cell definition for module sky130_fd_sc_hd__fill_2.
Creating placeholder cell definition for module sky130_fd_sc_hd__fill_1.
Creating placeholder cell definition for module sky130_fd_sc_hd__decap_4.
Creating placeholder cell definition for module sky130_fd_sc_hd__decap_6.
Creating placeholder cell definition for module sky130_fd_sc_hd__tapvpwrvgnd_1.
Creating placeholder cell definition for module sky130_fd_sc_hd__inv_2.
Creating placeholder cell definition for module sky130_fd_sc_hd__mux2_1.
Creating placeholder cell definition for module sky130_fd_sc_hd__and2b_1.
Creating placeholder cell definition for module sky130_fd_sc_hd__a21oi_1.
Creating placeholder cell definition for module sky130_fd_sc_hd__clkinv_16.
Creating placeholder cell definition for module sky130_fd_sc_hd__and2_1.
Creating placeholder cell definition for module sky130_fd_sc_hd__nand2_1.
Creating placeholder cell definition for module sky130_fd_sc_hd__nor2_4.
Creating placeholder cell definition for module sky130_fd_sc_hd__or2_4.
Creating placeholder cell definition for module sky130_fd_sc_hd__nand2_2.
Creating placeholder cell definition for module sky130_fd_sc_hd__and3_1.
Creating placeholder cell definition for module sky130_fd_sc_hd__nor2_1.
Creating placeholder cell definition for module sky130_fd_sc_hd__a22o_1.
Creating placeholder cell definition for module sky130_fd_sc_hd__a41o_1.
Creating placeholder cell definition for module sky130_fd_sc_hd__a31o_1.
Creating placeholder cell definition for module sky130_fd_sc_hd__and4_2.
Creating placeholder cell definition for module sky130_fd_sc_hd__o2111a_1.
Creating placeholder cell definition for module sky130_fd_sc_hd__and4_1.
Creating placeholder cell definition for module sky130_fd_sc_hd__and2_4.
Creating placeholder cell definition for module sky130_fd_sc_hd__o21a_1.
Creating placeholder cell definition for module sky130_fd_sc_hd__xor2_1.
Creating placeholder cell definition for module sky130_fd_sc_hd__o21ai_1.
Creating placeholder cell definition for module sky130_fd_sc_hd__a31oi_1.
Creating placeholder cell definition for module sky130_fd_sc_hd__or2_1.
Creating placeholder cell definition for module sky130_fd_sc_hd__a21bo_1.
Creating placeholder cell definition for module sky130_fd_sc_hd__and2_2.
Creating placeholder cell definition for module sky130_fd_sc_hd__a32o_1.
Creating placeholder cell definition for module sky130_fd_sc_hd__a21boi_1.
Creating placeholder cell definition for module sky130_fd_sc_hd__xnor2_1.
Creating placeholder cell definition for module sky130_fd_sc_hd__nand4_1.
Creating placeholder cell definition for module sky130_fd_sc_hd__nand2_4.
Creating placeholder cell definition for module sky130_fd_sc_hd__a211o_1.
Creating placeholder cell definition for module sky130_fd_sc_hd__o211a_1.
Creating placeholder cell definition for module sky130_fd_sc_hd__a21oi_2.
Creating placeholder cell definition for module sky130_fd_sc_hd__a21o_1.
Creating placeholder cell definition for module sky130_fd_sc_hd__nand3_1.
Creating placeholder cell definition for module sky130_fd_sc_hd__or3b_1.
Creating placeholder cell definition for module sky130_fd_sc_hd__dfxtp_1.
Creating placeholder cell definition for module sky130_fd_sc_hd__dfxtp_2.
Creating placeholder cell definition for module sky130_fd_sc_hd__dfxtp_4.
Creating placeholder cell definition for module sky130_fd_sc_hd__buf_1.
Creating placeholder cell definition for module sky130_fd_sc_hd__clkbuf_16.
Creating placeholder cell definition for module sky130_fd_sc_hd__clkbuf_8.
Creating placeholder cell definition for module sky130_fd_sc_hd__buf_2.
Creating placeholder cell definition for module sky130_fd_sc_hd__clkbuf_4.
Creating placeholder cell definition for module sky130_fd_sc_hd__clkbuf_2.
Creating placeholder cell definition for module sky130_fd_sc_hd__buf_4.
Creating placeholder cell definition for module sky130_fd_sc_hd__buf_8.
Creating placeholder cell definition for module sky130_fd_sc_hd__buf_6.
Creating placeholder cell definition for module sky130_fd_sc_hd__buf_12.
Creating placeholder cell definition for module sky130_fd_sc_hd__dlymetal6s2s_1.
Creating placeholder cell definition for module sky130_fd_sc_hd__dlygate4sd3_1.
Creating placeholder cell definition for module sky130_fd_sc_hd__dlymetal6s4s_1.
Creating placeholder cell definition for module sky130_fd_sc_hd__clkbuf_1.
Creating placeholder cell definition for module sky130_fd_sc_hd__conb_1.
Note:  Implicit pin LO in instance user_project_307 of sky130_fd_sc_hd__conb_1 in cell user_project
Note:  Implicit pin HI in instance user_project_262 of sky130_fd_sc_hd__conb_1 in cell user_project
Note:  Implicit pin HI in instance user_project_263 of sky130_fd_sc_hd__conb_1 in cell user_project
Note:  Implicit pin HI in instance user_project_264 of sky130_fd_sc_hd__conb_1 in cell user_project
Note:  Implicit pin HI in instance user_project_265 of sky130_fd_sc_hd__conb_1 in cell user_project
Note:  Implicit pin HI in instance user_project_266 of sky130_fd_sc_hd__conb_1 in cell user_project
Note:  Implicit pin HI in instance user_project_267 of sky130_fd_sc_hd__conb_1 in cell user_project
Note:  Implicit pin HI in instance user_project_268 of sky130_fd_sc_hd__conb_1 in cell user_project
Note:  Implicit pin HI in instance user_project_269 of sky130_fd_sc_hd__conb_1 in cell user_project
Note:  Implicit pin HI in instance user_project_270 of sky130_fd_sc_hd__conb_1 in cell user_project
Note:  Implicit pin HI in instance user_project_271 of sky130_fd_sc_hd__conb_1 in cell user_project
Note:  Implicit pin HI in instance user_project_272 of sky130_fd_sc_hd__conb_1 in cell user_project
Note:  Implicit pin HI in instance user_project_273 of sky130_fd_sc_hd__conb_1 in cell user_project
Note:  Implicit pin HI in instance user_project_274 of sky130_fd_sc_hd__conb_1 in cell user_project
Note:  Implicit pin HI in instance user_project_275 of sky130_fd_sc_hd__conb_1 in cell user_project
Note:  Implicit pin HI in instance user_project_276 of sky130_fd_sc_hd__conb_1 in cell user_project
Note:  Implicit pin HI in instance user_project_277 of sky130_fd_sc_hd__conb_1 in cell user_project
Note:  Implicit pin HI in instance user_project_278 of sky130_fd_sc_hd__conb_1 in cell user_project
Note:  Implicit pin HI in instance user_project_279 of sky130_fd_sc_hd__conb_1 in cell user_project
Note:  Implicit pin HI in instance user_project_280 of sky130_fd_sc_hd__conb_1 in cell user_project
Note:  Implicit pin HI in instance user_project_281 of sky130_fd_sc_hd__conb_1 in cell user_project
Note:  Implicit pin HI in instance user_project_282 of sky130_fd_sc_hd__conb_1 in cell user_project
Note:  Implicit pin HI in instance user_project_283 of sky130_fd_sc_hd__conb_1 in cell user_project
Note:  Implicit pin HI in instance user_project_284 of sky130_fd_sc_hd__conb_1 in cell user_project
Note:  Implicit pin HI in instance user_project_285 of sky130_fd_sc_hd__conb_1 in cell user_project
Note:  Implicit pin HI in instance user_project_286 of sky130_fd_sc_hd__conb_1 in cell user_project
Note:  Implicit pin HI in instance user_project_287 of sky130_fd_sc_hd__conb_1 in cell user_project
Note:  Implicit pin HI in instance user_project_288 of sky130_fd_sc_hd__conb_1 in cell user_project
Note:  Implicit pin HI in instance user_project_289 of sky130_fd_sc_hd__conb_1 in cell user_project
Note:  Implicit pin HI in instance user_project_290 of sky130_fd_sc_hd__conb_1 in cell user_project
Note:  Implicit pin HI in instance user_project_291 of sky130_fd_sc_hd__conb_1 in cell user_project
Note:  Implicit pin HI in instance user_project_292 of sky130_fd_sc_hd__conb_1 in cell user_project
Note:  Implicit pin HI in instance user_project_293 of sky130_fd_sc_hd__conb_1 in cell user_project
Note:  Implicit pin HI in instance user_project_294 of sky130_fd_sc_hd__conb_1 in cell user_project
Note:  Implicit pin HI in instance user_project_295 of sky130_fd_sc_hd__conb_1 in cell user_project
Note:  Implicit pin HI in instance user_project_296 of sky130_fd_sc_hd__conb_1 in cell user_project
Note:  Implicit pin HI in instance user_project_297 of sky130_fd_sc_hd__conb_1 in cell user_project
Note:  Implicit pin HI in instance user_project_298 of sky130_fd_sc_hd__conb_1 in cell user_project
Note:  Implicit pin HI in instance user_project_299 of sky130_fd_sc_hd__conb_1 in cell user_project
Note:  Implicit pin HI in instance user_project_300 of sky130_fd_sc_hd__conb_1 in cell user_project
Note:  Implicit pin HI in instance user_project_301 of sky130_fd_sc_hd__conb_1 in cell user_project
Note:  Implicit pin HI in instance user_project_302 of sky130_fd_sc_hd__conb_1 in cell user_project
Note:  Implicit pin HI in instance user_project_303 of sky130_fd_sc_hd__conb_1 in cell user_project
Note:  Implicit pin HI in instance user_project_304 of sky130_fd_sc_hd__conb_1 in cell user_project
Note:  Implicit pin HI in instance user_project_305 of sky130_fd_sc_hd__conb_1 in cell user_project
Note:  Implicit pin HI in instance user_project_306 of sky130_fd_sc_hd__conb_1 in cell user_project
Note:  Implicit pin LO in instance user_project_308 of sky130_fd_sc_hd__conb_1 in cell user_project
Note:  Implicit pin LO in instance user_project_309 of sky130_fd_sc_hd__conb_1 in cell user_project
Note:  Implicit pin LO in instance user_project_310 of sky130_fd_sc_hd__conb_1 in cell user_project

Reading setup file /Users/marwan/.volare/volare/sky130/versions/bdc9412b3e468c102d01b7cf6337be06ec6e9c9a/sky130A/libs.tech/netgen/sky130A_setup.tcl

Comparison output logged to file /Users/marwan/work/caravel_user_mpc/openlane/user_project/runs/24_05_19_15_00/logs/signoff/40-user_project.lef.lvs.log
Logging to file "/Users/marwan/work/caravel_user_mpc/openlane/user_project/runs/24_05_19_15_00/logs/signoff/40-user_project.lef.lvs.log" enabled

Contents of circuit 1:  Circuit: 'sky130_ef_sc_hd__decap_12'
Circuit sky130_ef_sc_hd__decap_12 contains 0 device instances.
Circuit contains 0 nets, and 4 disconnected pins.
Contents of circuit 2:  Circuit: 'sky130_ef_sc_hd__decap_12'
Circuit sky130_ef_sc_hd__decap_12 contains 0 device instances.
Circuit contains 0 nets.

Circuit sky130_ef_sc_hd__decap_12 contains no devices.

Contents of circuit 1:  Circuit: 'sky130_fd_sc_hd__decap_6'
Circuit sky130_fd_sc_hd__decap_6 contains 0 device instances.
Circuit contains 0 nets, and 4 disconnected pins.
Contents of circuit 2:  Circuit: 'sky130_fd_sc_hd__decap_6'
Circuit sky130_fd_sc_hd__decap_6 contains 0 device instances.
Circuit contains 0 nets.

Circuit sky130_fd_sc_hd__decap_6 contains no devices.

Contents of circuit 1:  Circuit: 'sky130_fd_sc_hd__tapvpwrvgnd_1'
Circuit sky130_fd_sc_hd__tapvpwrvgnd_1 contains 0 device instances.
Circuit contains 0 nets, and 2 disconnected pins.
Contents of circuit 2:  Circuit: 'sky130_fd_sc_hd__tapvpwrvgnd_1'
Circuit sky130_fd_sc_hd__tapvpwrvgnd_1 contains 0 device instances.
Circuit contains 0 nets.

Circuit sky130_fd_sc_hd__tapvpwrvgnd_1 contains no devices.

Contents of circuit 1:  Circuit: 'sky130_fd_sc_hd__fill_1'
Circuit sky130_fd_sc_hd__fill_1 contains 0 device instances.
Circuit contains 0 nets, and 4 disconnected pins.
Contents of circuit 2:  Circuit: 'sky130_fd_sc_hd__fill_1'
Circuit sky130_fd_sc_hd__fill_1 contains 0 device instances.
Circuit contains 0 nets.

Circuit sky130_fd_sc_hd__fill_1 contains no devices.

Contents of circuit 1:  Circuit: 'sky130_fd_sc_hd__fill_2'
Circuit sky130_fd_sc_hd__fill_2 contains 0 device instances.
Circuit contains 0 nets, and 4 disconnected pins.
Contents of circuit 2:  Circuit: 'sky130_fd_sc_hd__fill_2'
Circuit sky130_fd_sc_hd__fill_2 contains 0 device instances.
Circuit contains 0 nets.

Circuit sky130_fd_sc_hd__fill_2 contains no devices.

Contents of circuit 1:  Circuit: 'sky130_fd_sc_hd__diode_2'
Circuit sky130_fd_sc_hd__diode_2 contains 0 device instances.
Circuit contains 0 nets, and 5 disconnected pins.
Contents of circuit 2:  Circuit: 'sky130_fd_sc_hd__diode_2'
Circuit sky130_fd_sc_hd__diode_2 contains 0 device instances.
Circuit contains 0 nets.

Circuit sky130_fd_sc_hd__diode_2 contains no devices.

Contents of circuit 1:  Circuit: 'sky130_fd_sc_hd__dlygate4sd3_1'
Circuit sky130_fd_sc_hd__dlygate4sd3_1 contains 0 device instances.
Circuit contains 0 nets, and 6 disconnected pins.
Contents of circuit 2:  Circuit: 'sky130_fd_sc_hd__dlygate4sd3_1'
Circuit sky130_fd_sc_hd__dlygate4sd3_1 contains 0 device instances.
Circuit contains 0 nets.

Circuit sky130_fd_sc_hd__dlygate4sd3_1 contains no devices.

Contents of circuit 1:  Circuit: 'sky130_fd_sc_hd__buf_4'
Circuit sky130_fd_sc_hd__buf_4 contains 0 device instances.
Circuit contains 0 nets, and 6 disconnected pins.
Contents of circuit 2:  Circuit: 'sky130_fd_sc_hd__buf_4'
Circuit sky130_fd_sc_hd__buf_4 contains 0 device instances.
Circuit contains 0 nets.

Circuit sky130_fd_sc_hd__buf_4 contains no devices.

Contents of circuit 1:  Circuit: 'sky130_fd_sc_hd__decap_8'
Circuit sky130_fd_sc_hd__decap_8 contains 0 device instances.
Circuit contains 0 nets, and 4 disconnected pins.
Contents of circuit 2:  Circuit: 'sky130_fd_sc_hd__decap_8'
Circuit sky130_fd_sc_hd__decap_8 contains 0 device instances.
Circuit contains 0 nets.

Circuit sky130_fd_sc_hd__decap_8 contains no devices.

Contents of circuit 1:  Circuit: 'sky130_fd_sc_hd__nand4_1'
Circuit sky130_fd_sc_hd__nand4_1 contains 0 device instances.
Circuit contains 0 nets, and 9 disconnected pins.
Contents of circuit 2:  Circuit: 'sky130_fd_sc_hd__nand4_1'
Circuit sky130_fd_sc_hd__nand4_1 contains 0 device instances.
Circuit contains 0 nets.

Circuit sky130_fd_sc_hd__nand4_1 contains no devices.

Contents of circuit 1:  Circuit: 'sky130_fd_sc_hd__a31o_1'
Circuit sky130_fd_sc_hd__a31o_1 contains 0 device instances.
Circuit contains 0 nets, and 9 disconnected pins.
Contents of circuit 2:  Circuit: 'sky130_fd_sc_hd__a31o_1'
Circuit sky130_fd_sc_hd__a31o_1 contains 0 device instances.
Circuit contains 0 nets.

Circuit sky130_fd_sc_hd__a31o_1 contains no devices.

Contents of circuit 1:  Circuit: 'sky130_fd_sc_hd__mux2_1'
Circuit sky130_fd_sc_hd__mux2_1 contains 0 device instances.
Circuit contains 0 nets, and 8 disconnected pins.
Contents of circuit 2:  Circuit: 'sky130_fd_sc_hd__mux2_1'
Circuit sky130_fd_sc_hd__mux2_1 contains 0 device instances.
Circuit contains 0 nets.

Circuit sky130_fd_sc_hd__mux2_1 contains no devices.

Contents of circuit 1:  Circuit: 'sky130_fd_sc_hd__decap_3'
Circuit sky130_fd_sc_hd__decap_3 contains 0 device instances.
Circuit contains 0 nets, and 4 disconnected pins.
Contents of circuit 2:  Circuit: 'sky130_fd_sc_hd__decap_3'
Circuit sky130_fd_sc_hd__decap_3 contains 0 device instances.
Circuit contains 0 nets.

Circuit sky130_fd_sc_hd__decap_3 contains no devices.

Contents of circuit 1:  Circuit: 'sky130_fd_sc_hd__decap_4'
Circuit sky130_fd_sc_hd__decap_4 contains 0 device instances.
Circuit contains 0 nets, and 4 disconnected pins.
Contents of circuit 2:  Circuit: 'sky130_fd_sc_hd__decap_4'
Circuit sky130_fd_sc_hd__decap_4 contains 0 device instances.
Circuit contains 0 nets.

Circuit sky130_fd_sc_hd__decap_4 contains no devices.

Contents of circuit 1:  Circuit: 'sky130_fd_sc_hd__a31oi_1'
Circuit sky130_fd_sc_hd__a31oi_1 contains 0 device instances.
Circuit contains 0 nets, and 9 disconnected pins.
Contents of circuit 2:  Circuit: 'sky130_fd_sc_hd__a31oi_1'
Circuit sky130_fd_sc_hd__a31oi_1 contains 0 device instances.
Circuit contains 0 nets.

Circuit sky130_fd_sc_hd__a31oi_1 contains no devices.

Contents of circuit 1:  Circuit: 'sky130_fd_sc_hd__clkinv_16'
Circuit sky130_fd_sc_hd__clkinv_16 contains 0 device instances.
Circuit contains 0 nets, and 6 disconnected pins.
Contents of circuit 2:  Circuit: 'sky130_fd_sc_hd__clkinv_16'
Circuit sky130_fd_sc_hd__clkinv_16 contains 0 device instances.
Circuit contains 0 nets.

Circuit sky130_fd_sc_hd__clkinv_16 contains no devices.

Contents of circuit 1:  Circuit: 'sky130_fd_sc_hd__inv_2'
Circuit sky130_fd_sc_hd__inv_2 contains 0 device instances.
Circuit contains 0 nets, and 6 disconnected pins.
Contents of circuit 2:  Circuit: 'sky130_fd_sc_hd__inv_2'
Circuit sky130_fd_sc_hd__inv_2 contains 0 device instances.
Circuit contains 0 nets.

Circuit sky130_fd_sc_hd__inv_2 contains no devices.

Contents of circuit 1:  Circuit: 'sky130_fd_sc_hd__clkbuf_4'
Circuit sky130_fd_sc_hd__clkbuf_4 contains 0 device instances.
Circuit contains 0 nets, and 6 disconnected pins.
Contents of circuit 2:  Circuit: 'sky130_fd_sc_hd__clkbuf_4'
Circuit sky130_fd_sc_hd__clkbuf_4 contains 0 device instances.
Circuit contains 0 nets.

Circuit sky130_fd_sc_hd__clkbuf_4 contains no devices.

Contents of circuit 1:  Circuit: 'sky130_fd_sc_hd__conb_1'
Circuit sky130_fd_sc_hd__conb_1 contains 0 device instances.
Circuit contains 0 nets, and 6 disconnected pins.
Contents of circuit 2:  Circuit: 'sky130_fd_sc_hd__conb_1'
Circuit sky130_fd_sc_hd__conb_1 contains 0 device instances.
Circuit contains 0 nets.

Circuit sky130_fd_sc_hd__conb_1 contains no devices.

Contents of circuit 1:  Circuit: 'sky130_fd_sc_hd__dfxtp_4'
Circuit sky130_fd_sc_hd__dfxtp_4 contains 0 device instances.
Circuit contains 0 nets, and 7 disconnected pins.
Contents of circuit 2:  Circuit: 'sky130_fd_sc_hd__dfxtp_4'
Circuit sky130_fd_sc_hd__dfxtp_4 contains 0 device instances.
Circuit contains 0 nets.

Circuit sky130_fd_sc_hd__dfxtp_4 contains no devices.

Contents of circuit 1:  Circuit: 'sky130_fd_sc_hd__dfxtp_1'
Circuit sky130_fd_sc_hd__dfxtp_1 contains 0 device instances.
Circuit contains 0 nets, and 7 disconnected pins.
Contents of circuit 2:  Circuit: 'sky130_fd_sc_hd__dfxtp_1'
Circuit sky130_fd_sc_hd__dfxtp_1 contains 0 device instances.
Circuit contains 0 nets.

Circuit sky130_fd_sc_hd__dfxtp_1 contains no devices.

Contents of circuit 1:  Circuit: 'sky130_fd_sc_hd__nor2_1'
Circuit sky130_fd_sc_hd__nor2_1 contains 0 device instances.
Circuit contains 0 nets, and 7 disconnected pins.
Contents of circuit 2:  Circuit: 'sky130_fd_sc_hd__nor2_1'
Circuit sky130_fd_sc_hd__nor2_1 contains 0 device instances.
Circuit contains 0 nets.

Circuit sky130_fd_sc_hd__nor2_1 contains no devices.

Contents of circuit 1:  Circuit: 'sky130_fd_sc_hd__o21ai_1'
Circuit sky130_fd_sc_hd__o21ai_1 contains 0 device instances.
Circuit contains 0 nets, and 8 disconnected pins.
Contents of circuit 2:  Circuit: 'sky130_fd_sc_hd__o21ai_1'
Circuit sky130_fd_sc_hd__o21ai_1 contains 0 device instances.
Circuit contains 0 nets.

Circuit sky130_fd_sc_hd__o21ai_1 contains no devices.

Contents of circuit 1:  Circuit: 'sky130_fd_sc_hd__and2_1'
Circuit sky130_fd_sc_hd__and2_1 contains 0 device instances.
Circuit contains 0 nets, and 7 disconnected pins.
Contents of circuit 2:  Circuit: 'sky130_fd_sc_hd__and2_1'
Circuit sky130_fd_sc_hd__and2_1 contains 0 device instances.
Circuit contains 0 nets.

Circuit sky130_fd_sc_hd__and2_1 contains no devices.

Contents of circuit 1:  Circuit: 'sky130_fd_sc_hd__nand2_1'
Circuit sky130_fd_sc_hd__nand2_1 contains 0 device instances.
Circuit contains 0 nets, and 7 disconnected pins.
Contents of circuit 2:  Circuit: 'sky130_fd_sc_hd__nand2_1'
Circuit sky130_fd_sc_hd__nand2_1 contains 0 device instances.
Circuit contains 0 nets.

Circuit sky130_fd_sc_hd__nand2_1 contains no devices.

Contents of circuit 1:  Circuit: 'sky130_fd_sc_hd__a21oi_1'
Circuit sky130_fd_sc_hd__a21oi_1 contains 0 device instances.
Circuit contains 0 nets, and 8 disconnected pins.
Contents of circuit 2:  Circuit: 'sky130_fd_sc_hd__a21oi_1'
Circuit sky130_fd_sc_hd__a21oi_1 contains 0 device instances.
Circuit contains 0 nets.

Circuit sky130_fd_sc_hd__a21oi_1 contains no devices.

Contents of circuit 1:  Circuit: 'sky130_fd_sc_hd__and4_1'
Circuit sky130_fd_sc_hd__and4_1 contains 0 device instances.
Circuit contains 0 nets, and 9 disconnected pins.
Contents of circuit 2:  Circuit: 'sky130_fd_sc_hd__and4_1'
Circuit sky130_fd_sc_hd__and4_1 contains 0 device instances.
Circuit contains 0 nets.

Circuit sky130_fd_sc_hd__and4_1 contains no devices.

Contents of circuit 1:  Circuit: 'sky130_fd_sc_hd__nand2_4'
Circuit sky130_fd_sc_hd__nand2_4 contains 0 device instances.
Circuit contains 0 nets, and 7 disconnected pins.
Contents of circuit 2:  Circuit: 'sky130_fd_sc_hd__nand2_4'
Circuit sky130_fd_sc_hd__nand2_4 contains 0 device instances.
Circuit contains 0 nets.

Circuit sky130_fd_sc_hd__nand2_4 contains no devices.

Contents of circuit 1:  Circuit: 'sky130_fd_sc_hd__dlymetal6s4s_1'
Circuit sky130_fd_sc_hd__dlymetal6s4s_1 contains 0 device instances.
Circuit contains 0 nets, and 6 disconnected pins.
Contents of circuit 2:  Circuit: 'sky130_fd_sc_hd__dlymetal6s4s_1'
Circuit sky130_fd_sc_hd__dlymetal6s4s_1 contains 0 device instances.
Circuit contains 0 nets.

Circuit sky130_fd_sc_hd__dlymetal6s4s_1 contains no devices.

Contents of circuit 1:  Circuit: 'sky130_fd_sc_hd__and3_1'
Circuit sky130_fd_sc_hd__and3_1 contains 0 device instances.
Circuit contains 0 nets, and 8 disconnected pins.
Contents of circuit 2:  Circuit: 'sky130_fd_sc_hd__and3_1'
Circuit sky130_fd_sc_hd__and3_1 contains 0 device instances.
Circuit contains 0 nets.

Circuit sky130_fd_sc_hd__and3_1 contains no devices.

Contents of circuit 1:  Circuit: 'sky130_fd_sc_hd__xor2_1'
Circuit sky130_fd_sc_hd__xor2_1 contains 0 device instances.
Circuit contains 0 nets, and 7 disconnected pins.
Contents of circuit 2:  Circuit: 'sky130_fd_sc_hd__xor2_1'
Circuit sky130_fd_sc_hd__xor2_1 contains 0 device instances.
Circuit contains 0 nets.

Circuit sky130_fd_sc_hd__xor2_1 contains no devices.

Contents of circuit 1:  Circuit: 'sky130_fd_sc_hd__a211o_1'
Circuit sky130_fd_sc_hd__a211o_1 contains 0 device instances.
Circuit contains 0 nets, and 9 disconnected pins.
Contents of circuit 2:  Circuit: 'sky130_fd_sc_hd__a211o_1'
Circuit sky130_fd_sc_hd__a211o_1 contains 0 device instances.
Circuit contains 0 nets.

Circuit sky130_fd_sc_hd__a211o_1 contains no devices.

Contents of circuit 1:  Circuit: 'sky130_fd_sc_hd__and2b_1'
Circuit sky130_fd_sc_hd__and2b_1 contains 0 device instances.
Circuit contains 0 nets, and 7 disconnected pins.
Contents of circuit 2:  Circuit: 'sky130_fd_sc_hd__and2b_1'
Circuit sky130_fd_sc_hd__and2b_1 contains 0 device instances.
Circuit contains 0 nets.

Circuit sky130_fd_sc_hd__and2b_1 contains no devices.

Contents of circuit 1:  Circuit: 'sky130_fd_sc_hd__buf_1'
Circuit sky130_fd_sc_hd__buf_1 contains 0 device instances.
Circuit contains 0 nets, and 6 disconnected pins.
Contents of circuit 2:  Circuit: 'sky130_fd_sc_hd__buf_1'
Circuit sky130_fd_sc_hd__buf_1 contains 0 device instances.
Circuit contains 0 nets.

Circuit sky130_fd_sc_hd__buf_1 contains no devices.

Contents of circuit 1:  Circuit: 'sky130_fd_sc_hd__buf_12'
Circuit sky130_fd_sc_hd__buf_12 contains 0 device instances.
Circuit contains 0 nets, and 6 disconnected pins.
Contents of circuit 2:  Circuit: 'sky130_fd_sc_hd__buf_12'
Circuit sky130_fd_sc_hd__buf_12 contains 0 device instances.
Circuit contains 0 nets.

Circuit sky130_fd_sc_hd__buf_12 contains no devices.

Contents of circuit 1:  Circuit: 'sky130_fd_sc_hd__a21oi_2'
Circuit sky130_fd_sc_hd__a21oi_2 contains 0 device instances.
Circuit contains 0 nets, and 8 disconnected pins.
Contents of circuit 2:  Circuit: 'sky130_fd_sc_hd__a21oi_2'
Circuit sky130_fd_sc_hd__a21oi_2 contains 0 device instances.
Circuit contains 0 nets.

Circuit sky130_fd_sc_hd__a21oi_2 contains no devices.

Contents of circuit 1:  Circuit: 'sky130_fd_sc_hd__clkbuf_16'
Circuit sky130_fd_sc_hd__clkbuf_16 contains 0 device instances.
Circuit contains 0 nets, and 6 disconnected pins.
Contents of circuit 2:  Circuit: 'sky130_fd_sc_hd__clkbuf_16'
Circuit sky130_fd_sc_hd__clkbuf_16 contains 0 device instances.
Circuit contains 0 nets.

Circuit sky130_fd_sc_hd__clkbuf_16 contains no devices.

Contents of circuit 1:  Circuit: 'sky130_fd_sc_hd__xnor2_1'
Circuit sky130_fd_sc_hd__xnor2_1 contains 0 device instances.
Circuit contains 0 nets, and 7 disconnected pins.
Contents of circuit 2:  Circuit: 'sky130_fd_sc_hd__xnor2_1'
Circuit sky130_fd_sc_hd__xnor2_1 contains 0 device instances.
Circuit contains 0 nets.

Circuit sky130_fd_sc_hd__xnor2_1 contains no devices.

Contents of circuit 1:  Circuit: 'sky130_fd_sc_hd__nand3_1'
Circuit sky130_fd_sc_hd__nand3_1 contains 0 device instances.
Circuit contains 0 nets, and 8 disconnected pins.
Contents of circuit 2:  Circuit: 'sky130_fd_sc_hd__nand3_1'
Circuit sky130_fd_sc_hd__nand3_1 contains 0 device instances.
Circuit contains 0 nets.

Circuit sky130_fd_sc_hd__nand3_1 contains no devices.

Contents of circuit 1:  Circuit: 'sky130_fd_sc_hd__a32o_1'
Circuit sky130_fd_sc_hd__a32o_1 contains 0 device instances.
Circuit contains 0 nets, and 10 disconnected pins.
Contents of circuit 2:  Circuit: 'sky130_fd_sc_hd__a32o_1'
Circuit sky130_fd_sc_hd__a32o_1 contains 0 device instances.
Circuit contains 0 nets.

Circuit sky130_fd_sc_hd__a32o_1 contains no devices.

Contents of circuit 1:  Circuit: 'sky130_fd_sc_hd__o21a_1'
Circuit sky130_fd_sc_hd__o21a_1 contains 0 device instances.
Circuit contains 0 nets, and 8 disconnected pins.
Contents of circuit 2:  Circuit: 'sky130_fd_sc_hd__o21a_1'
Circuit sky130_fd_sc_hd__o21a_1 contains 0 device instances.
Circuit contains 0 nets.

Circuit sky130_fd_sc_hd__o21a_1 contains no devices.

Contents of circuit 1:  Circuit: 'sky130_fd_sc_hd__buf_2'
Circuit sky130_fd_sc_hd__buf_2 contains 0 device instances.
Circuit contains 0 nets, and 6 disconnected pins.
Contents of circuit 2:  Circuit: 'sky130_fd_sc_hd__buf_2'
Circuit sky130_fd_sc_hd__buf_2 contains 0 device instances.
Circuit contains 0 nets.

Circuit sky130_fd_sc_hd__buf_2 contains no devices.

Contents of circuit 1:  Circuit: 'sky130_fd_sc_hd__a21o_1'
Circuit sky130_fd_sc_hd__a21o_1 contains 0 device instances.
Circuit contains 0 nets, and 8 disconnected pins.
Contents of circuit 2:  Circuit: 'sky130_fd_sc_hd__a21o_1'
Circuit sky130_fd_sc_hd__a21o_1 contains 0 device instances.
Circuit contains 0 nets.

Circuit sky130_fd_sc_hd__a21o_1 contains no devices.

Contents of circuit 1:  Circuit: 'sky130_fd_sc_hd__a22o_1'
Circuit sky130_fd_sc_hd__a22o_1 contains 0 device instances.
Circuit contains 0 nets, and 9 disconnected pins.
Contents of circuit 2:  Circuit: 'sky130_fd_sc_hd__a22o_1'
Circuit sky130_fd_sc_hd__a22o_1 contains 0 device instances.
Circuit contains 0 nets.

Circuit sky130_fd_sc_hd__a22o_1 contains no devices.

Contents of circuit 1:  Circuit: 'sky130_fd_sc_hd__a41o_1'
Circuit sky130_fd_sc_hd__a41o_1 contains 0 device instances.
Circuit contains 0 nets, and 10 disconnected pins.
Contents of circuit 2:  Circuit: 'sky130_fd_sc_hd__a41o_1'
Circuit sky130_fd_sc_hd__a41o_1 contains 0 device instances.
Circuit contains 0 nets.

Circuit sky130_fd_sc_hd__a41o_1 contains no devices.

Contents of circuit 1:  Circuit: 'sky130_fd_sc_hd__a21bo_1'
Circuit sky130_fd_sc_hd__a21bo_1 contains 0 device instances.
Circuit contains 0 nets, and 8 disconnected pins.
Contents of circuit 2:  Circuit: 'sky130_fd_sc_hd__a21bo_1'
Circuit sky130_fd_sc_hd__a21bo_1 contains 0 device instances.
Circuit contains 0 nets.

Circuit sky130_fd_sc_hd__a21bo_1 contains no devices.

Contents of circuit 1:  Circuit: 'sky130_fd_sc_hd__clkbuf_2'
Circuit sky130_fd_sc_hd__clkbuf_2 contains 0 device instances.
Circuit contains 0 nets, and 6 disconnected pins.
Contents of circuit 2:  Circuit: 'sky130_fd_sc_hd__clkbuf_2'
Circuit sky130_fd_sc_hd__clkbuf_2 contains 0 device instances.
Circuit contains 0 nets.

Circuit sky130_fd_sc_hd__clkbuf_2 contains no devices.

Contents of circuit 1:  Circuit: 'sky130_fd_sc_hd__and4_2'
Circuit sky130_fd_sc_hd__and4_2 contains 0 device instances.
Circuit contains 0 nets, and 9 disconnected pins.
Contents of circuit 2:  Circuit: 'sky130_fd_sc_hd__and4_2'
Circuit sky130_fd_sc_hd__and4_2 contains 0 device instances.
Circuit contains 0 nets.

Circuit sky130_fd_sc_hd__and4_2 contains no devices.

Contents of circuit 1:  Circuit: 'sky130_fd_sc_hd__o2111a_1'
Circuit sky130_fd_sc_hd__o2111a_1 contains 0 device instances.
Circuit contains 0 nets, and 10 disconnected pins.
Contents of circuit 2:  Circuit: 'sky130_fd_sc_hd__o2111a_1'
Circuit sky130_fd_sc_hd__o2111a_1 contains 0 device instances.
Circuit contains 0 nets.

Circuit sky130_fd_sc_hd__o2111a_1 contains no devices.

Contents of circuit 1:  Circuit: 'sky130_fd_sc_hd__nand2_2'
Circuit sky130_fd_sc_hd__nand2_2 contains 0 device instances.
Circuit contains 0 nets, and 7 disconnected pins.
Contents of circuit 2:  Circuit: 'sky130_fd_sc_hd__nand2_2'
Circuit sky130_fd_sc_hd__nand2_2 contains 0 device instances.
Circuit contains 0 nets.

Circuit sky130_fd_sc_hd__nand2_2 contains no devices.

Contents of circuit 1:  Circuit: 'sky130_fd_sc_hd__clkbuf_1'
Circuit sky130_fd_sc_hd__clkbuf_1 contains 0 device instances.
Circuit contains 0 nets, and 6 disconnected pins.
Contents of circuit 2:  Circuit: 'sky130_fd_sc_hd__clkbuf_1'
Circuit sky130_fd_sc_hd__clkbuf_1 contains 0 device instances.
Circuit contains 0 nets.

Circuit sky130_fd_sc_hd__clkbuf_1 contains no devices.

Contents of circuit 1:  Circuit: 'sky130_fd_sc_hd__a21boi_1'
Circuit sky130_fd_sc_hd__a21boi_1 contains 0 device instances.
Circuit contains 0 nets, and 8 disconnected pins.
Contents of circuit 2:  Circuit: 'sky130_fd_sc_hd__a21boi_1'
Circuit sky130_fd_sc_hd__a21boi_1 contains 0 device instances.
Circuit contains 0 nets.

Circuit sky130_fd_sc_hd__a21boi_1 contains no devices.

Contents of circuit 1:  Circuit: 'sky130_fd_sc_hd__or2_1'
Circuit sky130_fd_sc_hd__or2_1 contains 0 device instances.
Circuit contains 0 nets, and 7 disconnected pins.
Contents of circuit 2:  Circuit: 'sky130_fd_sc_hd__or2_1'
Circuit sky130_fd_sc_hd__or2_1 contains 0 device instances.
Circuit contains 0 nets.

Circuit sky130_fd_sc_hd__or2_1 contains no devices.

Contents of circuit 1:  Circuit: 'sky130_fd_sc_hd__clkbuf_8'
Circuit sky130_fd_sc_hd__clkbuf_8 contains 0 device instances.
Circuit contains 0 nets, and 6 disconnected pins.
Contents of circuit 2:  Circuit: 'sky130_fd_sc_hd__clkbuf_8'
Circuit sky130_fd_sc_hd__clkbuf_8 contains 0 device instances.
Circuit contains 0 nets.

Circuit sky130_fd_sc_hd__clkbuf_8 contains no devices.

Contents of circuit 1:  Circuit: 'sky130_fd_sc_hd__dlymetal6s2s_1'
Circuit sky130_fd_sc_hd__dlymetal6s2s_1 contains 0 device instances.
Circuit contains 0 nets, and 6 disconnected pins.
Contents of circuit 2:  Circuit: 'sky130_fd_sc_hd__dlymetal6s2s_1'
Circuit sky130_fd_sc_hd__dlymetal6s2s_1 contains 0 device instances.
Circuit contains 0 nets.

Circuit sky130_fd_sc_hd__dlymetal6s2s_1 contains no devices.

Contents of circuit 1:  Circuit: 'sky130_fd_sc_hd__buf_8'
Circuit sky130_fd_sc_hd__buf_8 contains 0 device instances.
Circuit contains 0 nets, and 6 disconnected pins.
Contents of circuit 2:  Circuit: 'sky130_fd_sc_hd__buf_8'
Circuit sky130_fd_sc_hd__buf_8 contains 0 device instances.
Circuit contains 0 nets.

Circuit sky130_fd_sc_hd__buf_8 contains no devices.

Contents of circuit 1:  Circuit: 'sky130_fd_sc_hd__buf_6'
Circuit sky130_fd_sc_hd__buf_6 contains 0 device instances.
Circuit contains 0 nets, and 6 disconnected pins.
Contents of circuit 2:  Circuit: 'sky130_fd_sc_hd__buf_6'
Circuit sky130_fd_sc_hd__buf_6 contains 0 device instances.
Circuit contains 0 nets.

Circuit sky130_fd_sc_hd__buf_6 contains no devices.

Contents of circuit 1:  Circuit: 'sky130_fd_sc_hd__or3b_1'
Circuit sky130_fd_sc_hd__or3b_1 contains 0 device instances.
Circuit contains 0 nets, and 8 disconnected pins.
Contents of circuit 2:  Circuit: 'sky130_fd_sc_hd__or3b_1'
Circuit sky130_fd_sc_hd__or3b_1 contains 0 device instances.
Circuit contains 0 nets.

Circuit sky130_fd_sc_hd__or3b_1 contains no devices.

Contents of circuit 1:  Circuit: 'sky130_fd_sc_hd__or2_4'
Circuit sky130_fd_sc_hd__or2_4 contains 0 device instances.
Circuit contains 0 nets, and 7 disconnected pins.
Contents of circuit 2:  Circuit: 'sky130_fd_sc_hd__or2_4'
Circuit sky130_fd_sc_hd__or2_4 contains 0 device instances.
Circuit contains 0 nets.

Circuit sky130_fd_sc_hd__or2_4 contains no devices.

Contents of circuit 1:  Circuit: 'sky130_fd_sc_hd__o211a_1'
Circuit sky130_fd_sc_hd__o211a_1 contains 0 device instances.
Circuit contains 0 nets, and 9 disconnected pins.
Contents of circuit 2:  Circuit: 'sky130_fd_sc_hd__o211a_1'
Circuit sky130_fd_sc_hd__o211a_1 contains 0 device instances.
Circuit contains 0 nets.

Circuit sky130_fd_sc_hd__o211a_1 contains no devices.

Contents of circuit 1:  Circuit: 'sky130_fd_sc_hd__and2_4'
Circuit sky130_fd_sc_hd__and2_4 contains 0 device instances.
Circuit contains 0 nets, and 7 disconnected pins.
Contents of circuit 2:  Circuit: 'sky130_fd_sc_hd__and2_4'
Circuit sky130_fd_sc_hd__and2_4 contains 0 device instances.
Circuit contains 0 nets.

Circuit sky130_fd_sc_hd__and2_4 contains no devices.

Contents of circuit 1:  Circuit: 'sky130_fd_sc_hd__dfxtp_2'
Circuit sky130_fd_sc_hd__dfxtp_2 contains 0 device instances.
Circuit contains 0 nets, and 7 disconnected pins.
Contents of circuit 2:  Circuit: 'sky130_fd_sc_hd__dfxtp_2'
Circuit sky130_fd_sc_hd__dfxtp_2 contains 0 device instances.
Circuit contains 0 nets.

Circuit sky130_fd_sc_hd__dfxtp_2 contains no devices.

Contents of circuit 1:  Circuit: 'sky130_fd_sc_hd__and2_2'
Circuit sky130_fd_sc_hd__and2_2 contains 0 device instances.
Circuit contains 0 nets, and 7 disconnected pins.
Contents of circuit 2:  Circuit: 'sky130_fd_sc_hd__and2_2'
Circuit sky130_fd_sc_hd__and2_2 contains 0 device instances.
Circuit contains 0 nets.

Circuit sky130_fd_sc_hd__and2_2 contains no devices.

Contents of circuit 1:  Circuit: 'sky130_fd_sc_hd__nor2_4'
Circuit sky130_fd_sc_hd__nor2_4 contains 0 device instances.
Circuit contains 0 nets, and 7 disconnected pins.
Contents of circuit 2:  Circuit: 'sky130_fd_sc_hd__nor2_4'
Circuit sky130_fd_sc_hd__nor2_4 contains 0 device instances.
Circuit contains 0 nets.

Circuit sky130_fd_sc_hd__nor2_4 contains no devices.

Contents of circuit 1:  Circuit: 'user_project'
Circuit user_project contains 205481 device instances.
  Class: sky130_fd_sc_hd__a41o_1 instances:   7
  Class: sky130_fd_sc_hd__a31o_1 instances:  41
  Class: sky130_fd_sc_hd__a21o_1 instances:   2
  Class: sky130_fd_sc_hd__clkbuf_16 instances:   5
  Class: sky130_fd_sc_hd__dfxtp_1 instances:  31
  Class: sky130_fd_sc_hd__dfxtp_2 instances:   3
  Class: sky130_fd_sc_hd__dfxtp_4 instances:  27
  Class: sky130_fd_sc_hd__a31oi_1 instances:   2
  Class: sky130_fd_sc_hd__buf_1 instances:  41
  Class: sky130_fd_sc_hd__nand4_1 instances:   1
  Class: sky130_fd_sc_hd__buf_2 instances:  11
  Class: sky130_fd_sc_hd__buf_4 instances:  49
  Class: sky130_fd_sc_hd__buf_6 instances:  10
  Class: sky130_fd_sc_hd__buf_8 instances:  12
  Class: sky130_fd_sc_hd__xor2_1 instances:   7
  Class: sky130_ef_sc_hd__decap_12 instances: 114352
  Class: sky130_fd_sc_hd__and4_1 instances:  10
  Class: sky130_fd_sc_hd__and4_2 instances:   3
  Class: sky130_fd_sc_hd__inv_2 instances:  26
  Class: sky130_fd_sc_hd__clkbuf_1 instances:  19
  Class: sky130_fd_sc_hd__clkbuf_2 instances:  11
  Class: sky130_fd_sc_hd__clkbuf_4 instances:  30
  Class: sky130_fd_sc_hd__clkbuf_8 instances:  27
  Class: sky130_fd_sc_hd__nand3_1 instances:   1
  Class: sky130_fd_sc_hd__and2b_1 instances:   1
  Class: sky130_fd_sc_hd__conb_1 instances:  49
  Class: sky130_fd_sc_hd__a21boi_1 instances:   2
  Class: sky130_fd_sc_hd__buf_12 instances: 152
  Class: sky130_fd_sc_hd__a21bo_1 instances:   6
  Class: sky130_fd_sc_hd__and3_1 instances:  18
  Class: sky130_fd_sc_hd__dlymetal6s4s_1 instances:   3
  Class: sky130_fd_sc_hd__decap_3 instances: 1620
  Class: sky130_fd_sc_hd__decap_4 instances: 523
  Class: sky130_fd_sc_hd__decap_6 instances: 27889
  Class: sky130_fd_sc_hd__decap_8 instances: 415
  Class: sky130_fd_sc_hd__dlygate4sd3_1 instances: 988
  Class: sky130_fd_sc_hd__or2_1 instances:   3
  Class: sky130_fd_sc_hd__or2_4 instances:   1
  Class: sky130_fd_sc_hd__nand2_1 instances:  30
  Class: sky130_fd_sc_hd__nand2_2 instances:   3
  Class: sky130_fd_sc_hd__nand2_4 instances:   2
  Class: sky130_fd_sc_hd__mux2_1 instances:  32
  Class: sky130_fd_sc_hd__and2_1 instances:   7
  Class: sky130_fd_sc_hd__and2_2 instances:   1
  Class: sky130_fd_sc_hd__and2_4 instances:   1
  Class: sky130_fd_sc_hd__xnor2_1 instances:   5
  Class: sky130_fd_sc_hd__o211a_1 instances:   3
  Class: sky130_fd_sc_hd__diode_2 instances: 702
  Class: sky130_fd_sc_hd__a211o_1 instances:  13
  Class: sky130_fd_sc_hd__o2111a_1 instances:   1
  Class: sky130_fd_sc_hd__or3b_1 instances:   1
  Class: sky130_fd_sc_hd__dlymetal6s2s_1 instances:   2
  Class: sky130_fd_sc_hd__a32o_1 instances:   5
  Class: sky130_fd_sc_hd__a22o_1 instances:   4
  Class: sky130_fd_sc_hd__o21a_1 instances:  14
  Class: sky130_fd_sc_hd__o21ai_1 instances:  22
  Class: sky130_fd_sc_hd__tapvpwrvgnd_1 instances: 28809
  Class: sky130_fd_sc_hd__a21oi_1 instances:  25
  Class: sky130_fd_sc_hd__a21oi_2 instances:   3
  Class: sky130_fd_sc_hd__fill_1 instances: 28448
  Class: sky130_fd_sc_hd__fill_2 instances: 933
  Class: sky130_fd_sc_hd__clkinv_16 instances:   1
  Class: sky130_fd_sc_hd__nor2_1 instances:  15
  Class: sky130_fd_sc_hd__nor2_4 instances:   1
Circuit contains 1944 nets, and 71 disconnected pins.
Contents of circuit 2:  Circuit: 'user_project'
Circuit user_project contains 205481 device instances.
  Class: sky130_fd_sc_hd__a41o_1 instances:   7
  Class: sky130_fd_sc_hd__a31o_1 instances:  41
  Class: sky130_fd_sc_hd__a21o_1 instances:   2
  Class: sky130_fd_sc_hd__clkbuf_16 instances:   5
  Class: sky130_fd_sc_hd__dfxtp_1 instances:  31
  Class: sky130_fd_sc_hd__dfxtp_2 instances:   3
  Class: sky130_fd_sc_hd__dfxtp_4 instances:  27
  Class: sky130_fd_sc_hd__a31oi_1 instances:   2
  Class: sky130_fd_sc_hd__buf_1 instances:  41
  Class: sky130_fd_sc_hd__nand4_1 instances:   1
  Class: sky130_fd_sc_hd__buf_2 instances:  11
  Class: sky130_fd_sc_hd__buf_4 instances:  49
  Class: sky130_fd_sc_hd__buf_6 instances:  10
  Class: sky130_fd_sc_hd__buf_8 instances:  12
  Class: sky130_fd_sc_hd__xor2_1 instances:   7
  Class: sky130_ef_sc_hd__decap_12 instances: 114352
  Class: sky130_fd_sc_hd__and4_1 instances:  10
  Class: sky130_fd_sc_hd__and4_2 instances:   3
  Class: sky130_fd_sc_hd__inv_2 instances:  26
  Class: sky130_fd_sc_hd__clkbuf_1 instances:  19
  Class: sky130_fd_sc_hd__clkbuf_2 instances:  11
  Class: sky130_fd_sc_hd__clkbuf_4 instances:  30
  Class: sky130_fd_sc_hd__clkbuf_8 instances:  27
  Class: sky130_fd_sc_hd__nand3_1 instances:   1
  Class: sky130_fd_sc_hd__and2b_1 instances:   1
  Class: sky130_fd_sc_hd__conb_1 instances:  49
  Class: sky130_fd_sc_hd__a21boi_1 instances:   2
  Class: sky130_fd_sc_hd__buf_12 instances: 152
  Class: sky130_fd_sc_hd__a21bo_1 instances:   6
  Class: sky130_fd_sc_hd__and3_1 instances:  18
  Class: sky130_fd_sc_hd__dlymetal6s4s_1 instances:   3
  Class: sky130_fd_sc_hd__decap_3 instances: 1620
  Class: sky130_fd_sc_hd__decap_4 instances: 523
  Class: sky130_fd_sc_hd__decap_6 instances: 27889
  Class: sky130_fd_sc_hd__decap_8 instances: 415
  Class: sky130_fd_sc_hd__dlygate4sd3_1 instances: 988
  Class: sky130_fd_sc_hd__or2_1 instances:   3
  Class: sky130_fd_sc_hd__or2_4 instances:   1
  Class: sky130_fd_sc_hd__nand2_1 instances:  30
  Class: sky130_fd_sc_hd__nand2_2 instances:   3
  Class: sky130_fd_sc_hd__nand2_4 instances:   2
  Class: sky130_fd_sc_hd__mux2_1 instances:  32
  Class: sky130_fd_sc_hd__and2_1 instances:   7
  Class: sky130_fd_sc_hd__and2_2 instances:   1
  Class: sky130_fd_sc_hd__and2_4 instances:   1
  Class: sky130_fd_sc_hd__xnor2_1 instances:   5
  Class: sky130_fd_sc_hd__o211a_1 instances:   3
  Class: sky130_fd_sc_hd__diode_2 instances: 702
  Class: sky130_fd_sc_hd__a211o_1 instances:  13
  Class: sky130_fd_sc_hd__o2111a_1 instances:   1
  Class: sky130_fd_sc_hd__or3b_1 instances:   1
  Class: sky130_fd_sc_hd__dlymetal6s2s_1 instances:   2
  Class: sky130_fd_sc_hd__a32o_1 instances:   5
  Class: sky130_fd_sc_hd__a22o_1 instances:   4
  Class: sky130_fd_sc_hd__o21a_1 instances:  14
  Class: sky130_fd_sc_hd__o21ai_1 instances:  22
  Class: sky130_fd_sc_hd__tapvpwrvgnd_1 instances: 28809
  Class: sky130_fd_sc_hd__a21oi_1 instances:  25
  Class: sky130_fd_sc_hd__a21oi_2 instances:   3
  Class: sky130_fd_sc_hd__fill_1 instances: 28448
  Class: sky130_fd_sc_hd__fill_2 instances: 933
  Class: sky130_fd_sc_hd__clkinv_16 instances:   1
  Class: sky130_fd_sc_hd__nor2_1 instances:  15
  Class: sky130_fd_sc_hd__nor2_4 instances:   1
Circuit contains 1944 nets, and 71 disconnected pins.

Circuit was modified by parallel/series device merging.
New circuit summary:

Contents of circuit 1:  Circuit: 'user_project'
Circuit user_project contains 2073 device instances.
  Class: sky130_fd_sc_hd__a41o_1 instances:   7
  Class: sky130_fd_sc_hd__a31o_1 instances:  41
  Class: sky130_fd_sc_hd__a21o_1 instances:   2
  Class: sky130_fd_sc_hd__clkbuf_16 instances:   5
  Class: sky130_fd_sc_hd__dfxtp_1 instances:  31
  Class: sky130_fd_sc_hd__dfxtp_2 instances:   3
  Class: sky130_fd_sc_hd__dfxtp_4 instances:  27
  Class: sky130_fd_sc_hd__a31oi_1 instances:   2
  Class: sky130_fd_sc_hd__buf_1 instances:  41
  Class: sky130_fd_sc_hd__nand4_1 instances:   1
  Class: sky130_fd_sc_hd__buf_2 instances:  11
  Class: sky130_fd_sc_hd__buf_4 instances:  49
  Class: sky130_fd_sc_hd__buf_6 instances:  10
  Class: sky130_fd_sc_hd__buf_8 instances:  12
  Class: sky130_fd_sc_hd__xor2_1 instances:   7
  Class: sky130_ef_sc_hd__decap_12 instances:   1
  Class: sky130_fd_sc_hd__and4_1 instances:  10
  Class: sky130_fd_sc_hd__and4_2 instances:   3
  Class: sky130_fd_sc_hd__inv_2 instances:  26
  Class: sky130_fd_sc_hd__clkbuf_1 instances:  19
  Class: sky130_fd_sc_hd__clkbuf_2 instances:  11
  Class: sky130_fd_sc_hd__clkbuf_4 instances:  30
  Class: sky130_fd_sc_hd__clkbuf_8 instances:  27
  Class: sky130_fd_sc_hd__nand3_1 instances:   1
  Class: sky130_fd_sc_hd__and2b_1 instances:   1
  Class: sky130_fd_sc_hd__conb_1 instances:  49
  Class: sky130_fd_sc_hd__a21boi_1 instances:   2
  Class: sky130_fd_sc_hd__buf_12 instances: 152
  Class: sky130_fd_sc_hd__a21bo_1 instances:   6
  Class: sky130_fd_sc_hd__and3_1 instances:  18
  Class: sky130_fd_sc_hd__dlymetal6s4s_1 instances:   3
  Class: sky130_fd_sc_hd__decap_3 instances:   1
  Class: sky130_fd_sc_hd__decap_4 instances:   1
  Class: sky130_fd_sc_hd__decap_6 instances:   1
  Class: sky130_fd_sc_hd__decap_8 instances:   1
  Class: sky130_fd_sc_hd__dlygate4sd3_1 instances: 988
  Class: sky130_fd_sc_hd__or2_1 instances:   3
  Class: sky130_fd_sc_hd__or2_4 instances:   1
  Class: sky130_fd_sc_hd__nand2_1 instances:  30
  Class: sky130_fd_sc_hd__nand2_2 instances:   3
  Class: sky130_fd_sc_hd__nand2_4 instances:   2
  Class: sky130_fd_sc_hd__mux2_1 instances:  32
  Class: sky130_fd_sc_hd__and2_1 instances:   7
  Class: sky130_fd_sc_hd__and2_2 instances:   1
  Class: sky130_fd_sc_hd__and2_4 instances:   1
  Class: sky130_fd_sc_hd__xnor2_1 instances:   5
  Class: sky130_fd_sc_hd__o211a_1 instances:   3
  Class: sky130_fd_sc_hd__diode_2 instances: 275
  Class: sky130_fd_sc_hd__a211o_1 instances:  13
  Class: sky130_fd_sc_hd__o2111a_1 instances:   1
  Class: sky130_fd_sc_hd__or3b_1 instances:   1
  Class: sky130_fd_sc_hd__dlymetal6s2s_1 instances:   2
  Class: sky130_fd_sc_hd__a32o_1 instances:   5
  Class: sky130_fd_sc_hd__a22o_1 instances:   4
  Class: sky130_fd_sc_hd__o21a_1 instances:  14
  Class: sky130_fd_sc_hd__o21ai_1 instances:  22
  Class: sky130_fd_sc_hd__tapvpwrvgnd_1 instances:   1
  Class: sky130_fd_sc_hd__a21oi_1 instances:  25
  Class: sky130_fd_sc_hd__a21oi_2 instances:   3
  Class: sky130_fd_sc_hd__fill_1 instances:   1
  Class: sky130_fd_sc_hd__fill_2 instances:   1
  Class: sky130_fd_sc_hd__clkinv_16 instances:   1
  Class: sky130_fd_sc_hd__nor2_1 instances:  15
  Class: sky130_fd_sc_hd__nor2_4 instances:   1
Circuit contains 1944 nets, and 71 disconnected pins.
Contents of circuit 2:  Circuit: 'user_project'
Circuit user_project contains 2073 device instances.
  Class: sky130_fd_sc_hd__a41o_1 instances:   7
  Class: sky130_fd_sc_hd__a31o_1 instances:  41
  Class: sky130_fd_sc_hd__a21o_1 instances:   2
  Class: sky130_fd_sc_hd__clkbuf_16 instances:   5
  Class: sky130_fd_sc_hd__dfxtp_1 instances:  31
  Class: sky130_fd_sc_hd__dfxtp_2 instances:   3
  Class: sky130_fd_sc_hd__dfxtp_4 instances:  27
  Class: sky130_fd_sc_hd__a31oi_1 instances:   2
  Class: sky130_fd_sc_hd__buf_1 instances:  41
  Class: sky130_fd_sc_hd__nand4_1 instances:   1
  Class: sky130_fd_sc_hd__buf_2 instances:  11
  Class: sky130_fd_sc_hd__buf_4 instances:  49
  Class: sky130_fd_sc_hd__buf_6 instances:  10
  Class: sky130_fd_sc_hd__buf_8 instances:  12
  Class: sky130_fd_sc_hd__xor2_1 instances:   7
  Class: sky130_ef_sc_hd__decap_12 instances:   1
  Class: sky130_fd_sc_hd__and4_1 instances:  10
  Class: sky130_fd_sc_hd__and4_2 instances:   3
  Class: sky130_fd_sc_hd__inv_2 instances:  26
  Class: sky130_fd_sc_hd__clkbuf_1 instances:  19
  Class: sky130_fd_sc_hd__clkbuf_2 instances:  11
  Class: sky130_fd_sc_hd__clkbuf_4 instances:  30
  Class: sky130_fd_sc_hd__clkbuf_8 instances:  27
  Class: sky130_fd_sc_hd__nand3_1 instances:   1
  Class: sky130_fd_sc_hd__and2b_1 instances:   1
  Class: sky130_fd_sc_hd__conb_1 instances:  49
  Class: sky130_fd_sc_hd__a21boi_1 instances:   2
  Class: sky130_fd_sc_hd__buf_12 instances: 152
  Class: sky130_fd_sc_hd__a21bo_1 instances:   6
  Class: sky130_fd_sc_hd__and3_1 instances:  18
  Class: sky130_fd_sc_hd__dlymetal6s4s_1 instances:   3
  Class: sky130_fd_sc_hd__decap_3 instances:   1
  Class: sky130_fd_sc_hd__decap_4 instances:   1
  Class: sky130_fd_sc_hd__decap_6 instances:   1
  Class: sky130_fd_sc_hd__decap_8 instances:   1
  Class: sky130_fd_sc_hd__dlygate4sd3_1 instances: 988
  Class: sky130_fd_sc_hd__or2_1 instances:   3
  Class: sky130_fd_sc_hd__or2_4 instances:   1
  Class: sky130_fd_sc_hd__nand2_1 instances:  30
  Class: sky130_fd_sc_hd__nand2_2 instances:   3
  Class: sky130_fd_sc_hd__nand2_4 instances:   2
  Class: sky130_fd_sc_hd__mux2_1 instances:  32
  Class: sky130_fd_sc_hd__and2_1 instances:   7
  Class: sky130_fd_sc_hd__and2_2 instances:   1
  Class: sky130_fd_sc_hd__and2_4 instances:   1
  Class: sky130_fd_sc_hd__xnor2_1 instances:   5
  Class: sky130_fd_sc_hd__o211a_1 instances:   3
  Class: sky130_fd_sc_hd__diode_2 instances: 275
  Class: sky130_fd_sc_hd__a211o_1 instances:  13
  Class: sky130_fd_sc_hd__o2111a_1 instances:   1
  Class: sky130_fd_sc_hd__or3b_1 instances:   1
  Class: sky130_fd_sc_hd__dlymetal6s2s_1 instances:   2
  Class: sky130_fd_sc_hd__a32o_1 instances:   5
  Class: sky130_fd_sc_hd__a22o_1 instances:   4
  Class: sky130_fd_sc_hd__o21a_1 instances:  14
  Class: sky130_fd_sc_hd__o21ai_1 instances:  22
  Class: sky130_fd_sc_hd__tapvpwrvgnd_1 instances:   1
  Class: sky130_fd_sc_hd__a21oi_1 instances:  25
  Class: sky130_fd_sc_hd__a21oi_2 instances:   3
  Class: sky130_fd_sc_hd__fill_1 instances:   1
  Class: sky130_fd_sc_hd__fill_2 instances:   1
  Class: sky130_fd_sc_hd__clkinv_16 instances:   1
  Class: sky130_fd_sc_hd__nor2_1 instances:  15
  Class: sky130_fd_sc_hd__nor2_4 instances:   1
Circuit contains 1944 nets, and 71 disconnected pins.

Circuit 1 contains 2073 devices, Circuit 2 contains 2073 devices.
Circuit 1 contains 1944 nets,    Circuit 2 contains 1944 nets.


Final result: 
Circuits match uniquely.
.
Logging to file "/Users/marwan/work/caravel_user_mpc/openlane/user_project/runs/24_05_19_15_00/logs/signoff/40-user_project.lef.lvs.log" disabled
LVS Done.
