OpenROAD d423155d69de7f683a23f6916ead418a615ad4ad 
Features included (+) or not (-):  +Charts +GPU +GUI +Python
This program is licensed under the BSD-3 license. See the LICENSE file for details.
Components of this program may be licensed under more restrictive licenses which must be honored.
[INFO ODB-0227] LEF file: /Users/marwan/work/caravel_user_mpc/openlane/user_project/runs/RUN_2024.05.19_11.12.43/tmp/merged.max.lef, created 13 layers, 25 vias, 441 library cells
[INFO ODB-0127] Reading DEF file: /Users/marwan/work/caravel_user_mpc/openlane/user_project/runs/RUN_2024.05.19_11.12.43/results/routing/user_project.def
[INFO ODB-0128] Design: user_project
[INFO ODB-0094] 		Created 100000 Insts
[INFO ODB-0094] 		Created 200000 Insts
[INFO ODB-0130]     Created 316 pins.
[INFO ODB-0131]     Created 205481 components and 769261 component-terminals.
[INFO ODB-0132]     Created 2 special nets and 764306 connections.
[INFO ODB-0133]     Created 1964 nets and 4906 connections.
[INFO ODB-0134] Finished DEF file: /Users/marwan/work/caravel_user_mpc/openlane/user_project/runs/RUN_2024.05.19_11.12.43/results/routing/user_project.def
define_corners Typical
read_liberty -corner Typical /Users/marwan/work/caravel_user_sram/dependencies/pdks/sky130A/libs.ref/sky130_fd_sc_hd/lib/sky130_fd_sc_hd__tt_025C_1v80.lib
Using 1e-12 for capacitance...
Using 1e+03 for resistance...
Using 1e-09 for time...
Using 1e+00 for voltage...
Using 1e-03 for current...
Using 1e-09 for power...
Using 1e-06 for distance...
Using RCX ruleset '/Users/marwan/work/caravel_user_sram/dependencies/pdks/sky130A/libs.tech/openlane/rules.openrcx.sky130A.max.calibre'...
[INFO RCX-0431] Defined process_corner X with ext_model_index 0
[INFO RCX-0029] Defined extraction corner X
[INFO RCX-0008] extracting parasitics of user_project ...
[INFO RCX-0435] Reading extraction model file /Users/marwan/work/caravel_user_sram/dependencies/pdks/sky130A/libs.tech/openlane/rules.openrcx.sky130A.max.calibre ...
[INFO RCX-0436] RC segment generation user_project (max_merge_res 50.0) ...
[INFO RCX-0040] Final 7289 rc segments
[INFO RCX-0439] Coupling Cap extraction user_project ...
[INFO RCX-0440] Coupling threshhold is 0.1000 fF, coupling capacitance less than 0.1000 fF will be grounded.
[INFO RCX-0043] 33658 wires to be extracted
[INFO RCX-0442] 33% completion -- 11251 wires have been extracted
[INFO RCX-0442] 55% completion -- 18832 wires have been extracted
[INFO RCX-0442] 88% completion -- 29849 wires have been extracted
[INFO RCX-0442] 100% completion -- 33658 wires have been extracted
[INFO RCX-0045] Extract 1964 nets, 9182 rsegs, 9182 caps, 7682 ccs
[INFO RCX-0015] Finished extracting user_project.
Writing result to /Users/marwan/work/caravel_user_mpc/openlane/user_project/runs/RUN_2024.05.19_11.12.43/results/routing/mca/process_corner_max/user_project.spef...
Setting global connections for newly added cells…
[WARNING] Did not save OpenROAD database!
Writing extracted parasitics to '/Users/marwan/work/caravel_user_mpc/openlane/user_project/runs/RUN_2024.05.19_11.12.43/results/routing/mca/process_corner_max/user_project.spef'…
[INFO RCX-0016] Writing SPEF ...
[INFO RCX-0443] 1964 nets finished
[INFO RCX-0017] Finished writing SPEF ...
