OpenROAD d423155d69de7f683a23f6916ead418a615ad4ad 
Features included (+) or not (-):  +Charts +GPU +GUI +Python
This program is licensed under the BSD-3 license. See the LICENSE file for details.
Components of this program may be licensed under more restrictive licenses which must be honored.
[INFO ODB-0227] LEF file: /Users/marwan/work/caravel_user_mpc/openlane/user_project/runs/RUN_2024.05.19_11.12.43/tmp/merged.nom.lef, created 13 layers, 25 vias, 441 library cells
[INFO ODB-0127] Reading DEF file: /Users/marwan/work/caravel_user_mpc/openlane/user_project/runs/RUN_2024.05.19_11.12.43/tmp/signoff/37-user_project.p.def
[INFO ODB-0128] Design: user_project
[INFO ODB-0094] 		Created 100000 Insts
[INFO ODB-0094] 		Created 200000 Insts
[INFO ODB-0130]     Created 316 pins.
[INFO ODB-0131]     Created 205481 components and 769261 component-terminals.
[INFO ODB-0132]     Created 2 special nets and 764306 connections.
[INFO ODB-0133]     Created 1964 nets and 4906 connections.
[INFO ODB-0134] Finished DEF file: /Users/marwan/work/caravel_user_mpc/openlane/user_project/runs/RUN_2024.05.19_11.12.43/tmp/signoff/37-user_project.p.def
define_corners Typical
read_liberty -corner Typical /Users/marwan/work/caravel_user_sram/dependencies/pdks/sky130A/libs.ref/sky130_fd_sc_hd/lib/sky130_fd_sc_hd__tt_025C_1v80.lib
Using 1e-12 for capacitance...
Using 1e+03 for resistance...
Using 1e-09 for time...
Using 1e+00 for voltage...
Using 1e-03 for current...
Using 1e-09 for power...
Using 1e-06 for distance...
Reading design constraints file at '/Users/marwan/work/caravel_user_mpc/openlane/user_project/base_user_project.sdc'…
[INFO]: Creating clock {clk} for port wb_clk_i with period: 30
[INFO]: Setting clock uncertainity to: 0.25
[INFO]: Setting clock transition to: 0.15
[INFO]: Setting maximum transition to: 0.75
[INFO]: Setting maximum fanout to: 10
[INFO]: Setting timing derate to: 5.0 %
[INFO]: Setting clock latency range: 4.5 : 6
[INFO]: Setting clock transition: 0.6
[WARNING] Did not save OpenROAD database!
Writing netlist to '/Users/marwan/work/caravel_user_mpc/openlane/user_project/runs/RUN_2024.05.19_11.12.43/tmp/signoff/37-user_project.nl.v'…
Writing powered netlist to '/Users/marwan/work/caravel_user_mpc/openlane/user_project/runs/RUN_2024.05.19_11.12.43/tmp/signoff/37-user_project.pnl.v'…
