OpenROAD d423155d69de7f683a23f6916ead418a615ad4ad 
Features included (+) or not (-):  +Charts +GPU +GUI +Python
This program is licensed under the BSD-3 license. See the LICENSE file for details.
Components of this program may be licensed under more restrictive licenses which must be honored.
[INFO]: Reading ODB at '/Users/marwan/work/caravel_user_mpc/openlane/user_project/runs/RUN_2024.05.19_11.12.43/results/routing/user_project.odb'…
define_corners Typical
read_liberty -corner Typical /Users/marwan/work/caravel_user_sram/dependencies/pdks/sky130A/libs.ref/sky130_fd_sc_hd/lib/sky130_fd_sc_hd__tt_025C_1v80.lib
Using 1e-12 for capacitance...
Using 1e+03 for resistance...
Using 1e-09 for time...
Using 1e+00 for voltage...
Using 1e-03 for current...
Using 1e-09 for power...
Using 1e-06 for distance...
Reading design constraints file at '/Users/marwan/work/caravel_user_mpc/openlane/user_project/base_user_project.sdc'…
[INFO]: Creating clock {clk} for port wb_clk_i with period: 30
[INFO]: Setting clock uncertainity to: 0.25
[INFO]: Setting clock transition to: 0.15
[INFO]: Setting maximum transition to: 0.75
[INFO]: Setting maximum fanout to: 10
[INFO]: Setting timing derate to: 5.0 %
[INFO]: Setting clock latency range: 4.5 : 6
[INFO]: Setting clock transition: 0.6
Net: net66
  Pin: _347_/B (sky130_fd_sc_hd__and2_1)
    Layer: met2
      Partial area ratio:   23.91
      Required ratio:    0.00 (Gate area) 
      Partial area ratio:  120.62
      Required ratio: 3999.68 (Side area) 
      Cumulative area ratio:  315.45
      Required ratio:    0.00 (Cumulative area) 
      Cumulative area ratio: 1580.62
      Required ratio:    0.00 (Cumulative side area) 

    Layer: met1
      Partial area ratio:    0.67
      Required ratio:    0.00 (Gate area) 
      Partial area ratio:    4.11
      Required ratio:  400.00 (Side area) 
      Cumulative area ratio:    0.67
      Required ratio:    0.00 (Cumulative area) 
      Cumulative area ratio:    4.11
      Required ratio:    0.00 (Cumulative side area) 

    Layer: li1
      Partial area ratio:    0.00
      Required ratio:    0.00 (Gate area) 
      Partial area ratio:    0.00
      Required ratio:   75.00 (Side area) 
      Cumulative area ratio:    0.00
      Required ratio:    0.00 (Cumulative area) 
      Cumulative area ratio:    0.00
      Required ratio:    0.00 (Cumulative side area) 

    Via: M1M2_PR
      Partial area ratio:    0.18
      Required ratio:    6.00 (Gate area) 
      Cumulative area ratio:    0.41
      Required ratio:    0.00 (Cumulative area) 

    Via: L1M1_PR_MR
      Partial area ratio:    0.23
      Required ratio:    3.00 (Gate area) 
      Cumulative area ratio:    0.23
      Required ratio:    0.00 (Cumulative area) 

  Pin: _390_/A2 (sky130_fd_sc_hd__a22o_1)
    Layer: met2
      Partial area ratio:   23.91
      Required ratio:    0.00 (Gate area) 
      Partial area ratio:  120.62
      Required ratio: 3999.68 (Side area) 
      Cumulative area ratio:  314.78
      Required ratio:    0.00 (Cumulative area) 
      Cumulative area ratio: 1576.51
      Required ratio:    0.00 (Cumulative side area) 

    Layer: met1
      Partial area ratio:    0.00
      Required ratio:    0.00 (Gate area) 
      Partial area ratio:    0.00
      Required ratio:  400.00 (Side area) 
      Cumulative area ratio:    0.00
      Required ratio:    0.00 (Cumulative area) 
      Cumulative area ratio:    0.00
      Required ratio:    0.00 (Cumulative side area) 

    Layer: li1
      Partial area ratio:    0.00
      Required ratio:    0.00 (Gate area) 
      Partial area ratio:    0.00
      Required ratio:   75.00 (Side area) 
      Cumulative area ratio:    0.00
      Required ratio:    0.00 (Cumulative area) 
      Cumulative area ratio:    0.00
      Required ratio:    0.00 (Cumulative side area) 

    Via: M1M2_PR
      Partial area ratio:    0.09
      Required ratio:    6.00 (Gate area) 
      Cumulative area ratio:    0.21
      Required ratio:    0.00 (Cumulative area) 

    Via: L1M1_PR_MR
      Partial area ratio:    0.12
      Required ratio:    3.00 (Gate area) 
      Cumulative area ratio:    0.12
      Required ratio:    0.00 (Cumulative area) 

  Pin: _389_/A2 (sky130_fd_sc_hd__a22o_1)
    Layer: met2
      Partial area ratio:   23.91
      Required ratio:    0.00 (Gate area) 
      Partial area ratio:  120.62
      Required ratio: 3999.68 (Side area) 
      Cumulative area ratio:  321.46
      Required ratio:    0.00 (Cumulative area) 
      Cumulative area ratio: 1611.07
      Required ratio:    0.00 (Cumulative side area) 

    Layer: met1
      Partial area ratio:    6.67
      Required ratio:    0.00 (Gate area) 
      Partial area ratio:   34.56
      Required ratio: 2773.88 (Side area) 
      Cumulative area ratio:    6.67
      Required ratio:    0.00 (Cumulative area) 
      Cumulative area ratio:   34.56
      Required ratio:    0.00 (Cumulative side area) 

    Layer: li1
      Partial area ratio:    0.00
      Required ratio:    0.00 (Gate area) 
      Partial area ratio:    0.00
      Required ratio:   75.00 (Side area) 
      Cumulative area ratio:    0.00
      Required ratio:    0.00 (Cumulative area) 
      Cumulative area ratio:    0.00
      Required ratio:    0.00 (Cumulative side area) 

    Via: M1M2_PR
      Partial area ratio:    0.09
      Required ratio:    6.00 (Gate area) 
      Cumulative area ratio:    0.21
      Required ratio:    0.00 (Cumulative area) 

    Via: L1M1_PR_MR
      Partial area ratio:    0.12
      Required ratio:    3.00 (Gate area) 
      Cumulative area ratio:    0.12
      Required ratio:    0.00 (Cumulative area) 

  Pin: hold800/A (sky130_fd_sc_hd__dlygate4sd3_1)
    Layer: met2
      Partial area ratio:   23.91
      Required ratio:    0.00 (Gate area) 
      Partial area ratio:  120.62
      Required ratio: 3999.68 (Side area) 
      Cumulative area ratio:  314.78
      Required ratio:    0.00 (Cumulative area) 
      Cumulative area ratio: 1576.51
      Required ratio:    0.00 (Cumulative side area) 

    Layer: met1
      Partial area ratio:  290.87
      Required ratio:    0.00 (Gate area) 
      Partial area ratio: 1455.89
      Required ratio:  400.00 (Side area) (VIOLATED)
      Cumulative area ratio:  290.87
      Required ratio:    0.00 (Cumulative area) 
      Cumulative area ratio: 1455.89
      Required ratio:    0.00 (Cumulative side area) 

    Layer: li1
      Partial area ratio:    0.00
      Required ratio:    0.00 (Gate area) 
      Partial area ratio:    0.00
      Required ratio:   75.00 (Side area) 
      Cumulative area ratio:    0.00
      Required ratio:    0.00 (Cumulative area) 
      Cumulative area ratio:    0.00
      Required ratio:    0.00 (Cumulative side area) 

    Via: M1M2_PR
      Partial area ratio:    0.36
      Required ratio:    6.00 (Gate area) 
      Cumulative area ratio:    0.59
      Required ratio:    0.00 (Cumulative area) 

    Via: L1M1_PR_MR
      Partial area ratio:    0.23
      Required ratio:    3.00 (Gate area) 
      Cumulative area ratio:    0.23
      Required ratio:    0.00 (Cumulative area) 


Net: net918
  Pin: _394_/A2 (sky130_fd_sc_hd__a41o_1)
    Layer: met2
      Partial area ratio:    8.50
      Required ratio:    0.00 (Gate area) 
      Partial area ratio:   43.05
      Required ratio: 3265.84 (Side area) 
      Cumulative area ratio:   97.54
      Required ratio:    0.00 (Cumulative area) 
      Cumulative area ratio:  489.80
      Required ratio:    0.00 (Cumulative side area) 

    Layer: met1
      Partial area ratio:   89.03
      Required ratio:    0.00 (Gate area) 
      Partial area ratio:  446.76
      Required ratio:  400.00 (Side area) (VIOLATED)
      Cumulative area ratio:   89.03
      Required ratio:    0.00 (Cumulative area) 
      Cumulative area ratio:  446.76
      Required ratio:    0.00 (Cumulative side area) 

    Layer: li1
      Partial area ratio:    0.00
      Required ratio:    0.00 (Gate area) 
      Partial area ratio:    0.00
      Required ratio:   75.00 (Side area) 
      Cumulative area ratio:    0.00
      Required ratio:    0.00 (Cumulative area) 
      Cumulative area ratio:    0.00
      Required ratio:    0.00 (Cumulative side area) 

    Via: M1M2_PR
      Partial area ratio:    0.18
      Required ratio:    6.00 (Gate area) 
      Cumulative area ratio:    0.30
      Required ratio:    0.00 (Cumulative area) 

    Via: L1M1_PR_MR
      Partial area ratio:    0.12
      Required ratio:    3.00 (Gate area) 
      Cumulative area ratio:    0.12
      Required ratio:    0.00 (Cumulative area) 

  Pin: _332_/A (sky130_fd_sc_hd__inv_2)
    Layer: met2
      Partial area ratio:    8.50
      Required ratio:    0.00 (Gate area) 
      Partial area ratio:   43.05
      Required ratio: 3265.84 (Side area) 
      Cumulative area ratio:   98.62
      Required ratio:    0.00 (Cumulative area) 
      Cumulative area ratio:  495.40
      Required ratio:    0.00 (Cumulative side area) 

    Layer: met1
      Partial area ratio:    1.08
      Required ratio:    0.00 (Gate area) 
      Partial area ratio:    5.60
      Required ratio:  400.00 (Side area) 
      Cumulative area ratio:    1.08
      Required ratio:    0.00 (Cumulative area) 
      Cumulative area ratio:    5.60
      Required ratio:    0.00 (Cumulative side area) 

    Layer: li1
      Partial area ratio:    0.00
      Required ratio:    0.00 (Gate area) 
      Partial area ratio:    0.00
      Required ratio:   75.00 (Side area) 
      Cumulative area ratio:    0.00
      Required ratio:    0.00 (Cumulative area) 
      Cumulative area ratio:    0.00
      Required ratio:    0.00 (Cumulative side area) 

    Via: M1M2_PR
      Partial area ratio:    0.05
      Required ratio:    6.00 (Gate area) 
      Cumulative area ratio:    0.10
      Required ratio:    0.00 (Cumulative area) 

    Via: L1M1_PR_MR
      Partial area ratio:    0.06
      Required ratio:    3.00 (Gate area) 
      Cumulative area ratio:    0.06
      Required ratio:    0.00 (Cumulative area) 


Net: net1258
  Pin: hold502/A (sky130_fd_sc_hd__dlygate4sd3_1)
    Layer: met2
      Partial area ratio:    3.97
      Required ratio:    0.00 (Gate area) 
      Partial area ratio:   20.90
      Required ratio: 3119.36 (Side area) 
      Cumulative area ratio:    7.86
      Required ratio:    0.00 (Cumulative area) 
      Cumulative area ratio:   41.90
      Required ratio:    0.00 (Cumulative side area) 

    Layer: met1
      Partial area ratio:    3.89
      Required ratio:    0.00 (Gate area) 
      Partial area ratio:   21.00
      Required ratio: 2773.88 (Side area) 
      Cumulative area ratio:    3.89
      Required ratio:    0.00 (Cumulative area) 
      Cumulative area ratio:   21.00
      Required ratio:    0.00 (Cumulative side area) 

    Layer: li1
      Partial area ratio:    0.00
      Required ratio:    0.00 (Gate area) 
      Partial area ratio:    0.00
      Required ratio:   75.00 (Side area) 
      Cumulative area ratio:    0.00
      Required ratio:    0.00 (Cumulative area) 
      Cumulative area ratio:    0.00
      Required ratio:    0.00 (Cumulative side area) 

    Layer: met3
      Partial area ratio:    2.79
      Required ratio:    0.00 (Gate area) 
      Partial area ratio:   15.65
      Required ratio: 3467.12 (Side area) 
      Cumulative area ratio:   10.65
      Required ratio:    0.00 (Cumulative area) 
      Cumulative area ratio:   57.55
      Required ratio:    0.00 (Cumulative side area) 

    Via: M2M3_PR
      Partial area ratio:    0.11
      Required ratio:    6.00 (Gate area) 
      Cumulative area ratio:    0.52
      Required ratio:    0.00 (Cumulative area) 

    Via: M1M2_PR
      Partial area ratio:    0.18
      Required ratio:    6.00 (Gate area) 
      Cumulative area ratio:    0.41
      Required ratio:    0.00 (Cumulative area) 

    Via: L1M1_PR_MR
      Partial area ratio:    0.23
      Required ratio:    3.00 (Gate area) 
      Cumulative area ratio:    0.23
      Required ratio:    0.00 (Cumulative area) 

  Pin: _468_/A1 (sky130_fd_sc_hd__a31oi_1)
    Layer: met2
      Partial area ratio:    3.97
      Required ratio:    0.00 (Gate area) 
      Partial area ratio:   20.90
      Required ratio: 3119.36 (Side area) 
      Cumulative area ratio:    7.43
      Required ratio:    0.00 (Cumulative area) 
      Cumulative area ratio:   38.60
      Required ratio:    0.00 (Cumulative side area) 

    Layer: met1
      Partial area ratio:    3.46
      Required ratio:    0.00 (Gate area) 
      Partial area ratio:   17.71
      Required ratio:  400.00 (Side area) 
      Cumulative area ratio:    3.46
      Required ratio:    0.00 (Cumulative area) 
      Cumulative area ratio:   17.71
      Required ratio:    0.00 (Cumulative side area) 

    Layer: li1
      Partial area ratio:    0.00
      Required ratio:    0.00 (Gate area) 
      Partial area ratio:    0.00
      Required ratio:   75.00 (Side area) 
      Cumulative area ratio:    0.00
      Required ratio:    0.00 (Cumulative area) 
      Cumulative area ratio:    0.00
      Required ratio:    0.00 (Cumulative side area) 

    Layer: met3
      Partial area ratio:    2.79
      Required ratio:    0.00 (Gate area) 
      Partial area ratio:   15.65
      Required ratio: 3467.12 (Side area) 
      Cumulative area ratio:   10.22
      Required ratio:    0.00 (Cumulative area) 
      Cumulative area ratio:   54.26
      Required ratio:    0.00 (Cumulative side area) 

    Via: M2M3_PR
      Partial area ratio:    0.11
      Required ratio:    6.00 (Gate area) 
      Cumulative area ratio:    0.41
      Required ratio:    0.00 (Cumulative area) 

    Via: M1M2_PR
      Partial area ratio:    0.18
      Required ratio:    6.00 (Gate area) 
      Cumulative area ratio:    0.30
      Required ratio:    0.00 (Cumulative area) 

    Via: L1M1_PR_MR
      Partial area ratio:    0.12
      Required ratio:    3.00 (Gate area) 
      Cumulative area ratio:    0.12
      Required ratio:    0.00 (Cumulative area) 

  Pin: _469_/B (sky130_fd_sc_hd__and2_1)
    Layer: met3
      Partial area ratio:    2.79
      Required ratio:    0.00 (Gate area) 
      Partial area ratio:   15.65
      Required ratio: 3467.12 (Side area) 
      Cumulative area ratio:  131.69
      Required ratio:    0.00 (Cumulative area) 
      Cumulative area ratio:  678.79
      Required ratio:    0.00 (Cumulative side area) 

    Layer: met2
      Partial area ratio:    6.83
      Required ratio:    0.00 (Gate area) 
      Partial area ratio:   35.69
      Required ratio: 2947.76 (Side area) 
      Cumulative area ratio:  128.89
      Required ratio:    0.00 (Cumulative area) 
      Cumulative area ratio:  663.14
      Required ratio:    0.00 (Cumulative side area) 

    Layer: met1
      Partial area ratio:    0.67
      Required ratio:    0.00 (Gate area) 
      Partial area ratio:    4.11
      Required ratio:  400.00 (Side area) 
      Cumulative area ratio:    0.67
      Required ratio:    0.00 (Cumulative area) 
      Cumulative area ratio:    4.11
      Required ratio:    0.00 (Cumulative side area) 

    Layer: li1
      Partial area ratio:    0.00
      Required ratio:    0.00 (Gate area) 
      Partial area ratio:    0.00
      Required ratio:   75.00 (Side area) 
      Cumulative area ratio:    0.00
      Required ratio:    0.00 (Cumulative area) 
      Cumulative area ratio:    0.00
      Required ratio:    0.00 (Cumulative side area) 

    Via: M2M3_PR
      Partial area ratio:    0.16
      Required ratio:    6.00 (Gate area) 
      Cumulative area ratio:    1.10
      Required ratio:    0.00 (Cumulative area) 

    Via: M1M2_PR
      Partial area ratio:    0.18
      Required ratio:    6.00 (Gate area) 
      Cumulative area ratio:    0.41
      Required ratio:    0.00 (Cumulative area) 

    Via: L1M1_PR_MR
      Partial area ratio:    0.23
      Required ratio:    3.00 (Gate area) 
      Cumulative area ratio:    0.23
      Required ratio:    0.00 (Cumulative area) 

  Pin: _484_/B (sky130_fd_sc_hd__and4_1)
    Layer: met3
      Partial area ratio:    2.79
      Required ratio:    0.00 (Gate area) 
      Partial area ratio:   15.65
      Required ratio: 3467.12 (Side area) 
      Cumulative area ratio:  131.02
      Required ratio:    0.00 (Cumulative area) 
      Cumulative area ratio:  674.68
      Required ratio:    0.00 (Cumulative side area) 

    Layer: met2
      Partial area ratio:    6.83
      Required ratio:    0.00 (Gate area) 
      Partial area ratio:   35.69
      Required ratio: 2947.76 (Side area) 
      Cumulative area ratio:  128.23
      Required ratio:    0.00 (Cumulative area) 
      Cumulative area ratio:  659.03
      Required ratio:    0.00 (Cumulative side area) 

    Layer: met1
      Partial area ratio:  121.40
      Required ratio:    0.00 (Gate area) 
      Partial area ratio:  623.33
      Required ratio:  400.00 (Side area) (VIOLATED)
      Cumulative area ratio:  121.40
      Required ratio:    0.00 (Cumulative area) 
      Cumulative area ratio:  623.33
      Required ratio:    0.00 (Cumulative side area) 

    Layer: li1
      Partial area ratio:    0.00
      Required ratio:    0.00 (Gate area) 
      Partial area ratio:    0.00
      Required ratio:   75.00 (Side area) 
      Cumulative area ratio:    0.00
      Required ratio:    0.00 (Cumulative area) 
      Cumulative area ratio:    0.00
      Required ratio:    0.00 (Cumulative side area) 

    Via: M2M3_PR
      Partial area ratio:    0.16
      Required ratio:    6.00 (Gate area) 
      Cumulative area ratio:    0.92
      Required ratio:    0.00 (Cumulative area) 

    Via: M1M2_PR
      Partial area ratio:    0.54
      Required ratio:    6.00 (Gate area) 
      Cumulative area ratio:    0.77
      Required ratio:    0.00 (Cumulative area) 

    Via: L1M1_PR_MR
      Partial area ratio:    0.23
      Required ratio:    3.00 (Gate area) 
      Cumulative area ratio:    0.23
      Required ratio:    0.00 (Cumulative area) 


[INFO ANT-0002] Found 3 net violations.
[INFO ANT-0001] Found 3 pin violations.
